Log file open, 02/09/18 14:04:12
LogWindows: Failed to load 'aqProf.dll' (GetLastError=126)
LogWindows: File 'aqProf.dll' does not exist
LogWindows: Failed to load 'VSPerf140.dll' (GetLastError=126)
LogWindows: File 'VSPerf140.dll' does not exist
LogWindows: Failed to load 'VtuneApi.dll' (GetLastError=126)
LogWindows: File 'VtuneApi.dll' does not exist
LogWindows: Failed to load 'VtuneApi32e.dll' (GetLastError=126)
LogWindows: File 'VtuneApi32e.dll' does not exist
LogInit: Display: Running engine for game: Gate_Logic_Redux
LogPlatformFile: Not using cached read wrapper
LogInit: Display: RandInit(-2099387038) SRandInit(-2099387038).
LogInit: Read version file with build ID '3709383'
LogInit: Overriding engine version to CL 3832480, compatible CL 3709383
LogInit: Registered custom module enumerator with build ID '3709383'
LogTaskGraph: Started task graph with 5 named threads and 20 total threads with 3 sets of task threads.
LogStats: Stats thread started at 0.249593
LogD3D11RHI: Aftermath initialized
LogModuleManager: Display: Found up-to-date module file ../../../Engine/Plugins/2D/Paper2D/Binaries/Win64/UE4Editor-Paper2D.dll (API version 3709383).
LogModuleManager: Display: Found up-to-date module file ../../../Engine/Plugins/2D/Paper2D/Binaries/Win64/UE4Editor-Paper2DEditor.dll (API version 3709383).
LogModuleManager: Display: Found up-to-date module file ../../../Engine/Plugins/2D/Paper2D/Binaries/Win64/UE4Editor-PaperSpriteSheetImporter.dll (API version 3709383).
LogModuleManager: Display: Found up-to-date module file ../../../Engine/Plugins/2D/Paper2D/Binaries/Win64/UE4Editor-PaperTiledImporter.dll (API version 3709383).
LogModuleManager: Display: Found up-to-date module file ../../../Engine/Plugins/2D/Paper2D/Binaries/Win64/UE4Editor-SmartSnapping.dll (API version 3709383).
LogModuleManager: Display: Found up-to-date module file ../../../Engine/Plugins/Blendables/LightPropagationVolume/Binaries/Win64/UE4Editor-LightPropagationVolumeRuntime.dll (API version 3709383).
LogModuleManager: Display: Found up-to-date module file ../../../Engine/Plugins/Blendables/LightPropagationVolume/Binaries/Win64/UE4Editor-LightPropagationVolumeEditor.dll (API version 3709383).
LogModuleManager: Display: Found up-to-date module file ../../../Engine/Plugins/Developer/GitSourceControl/Binaries/Win64/UE4Editor-GitSourceControl.dll (API version 3709383).
LogModuleManager: Display: Found up-to-date module file ../../../Engine/Plugins/Developer/PerforceSourceControl/Binaries/Win64/UE4Editor-PerforceSourceControl.dll (API version 3709383).
LogModuleManager: Display: Found up-to-date module file ../../../Engine/Plugins/Developer/SubversionSourceControl/Binaries/Win64/UE4Editor-SubversionSourceControl.dll (API version 3709383).
LogModuleManager: Display: Found up-to-date module file ../../../Engine/Plugins/Developer/UObjectPlugin/Binaries/Win64/UE4Editor-UObjectPlugin.dll (API version 3709383).
LogModuleManager: Display: Found up-to-date module file ../../../Engine/Plugins/Developer/VisualStudioCodeSourceCodeAccess/Binaries/Win64/UE4Editor-VisualStudioCodeSourceCodeAccess.dll (API version 3709383).
LogModuleManager: Display: Found up-to-date module file ../../../Engine/Plugins/Developer/VisualStudioSourceCodeAccess/Binaries/Win64/UE4Editor-VisualStudioSourceCodeAccess.dll (API version 3709383).
LogModuleManager: Display: Found up-to-date module file ../../../Engine/Plugins/Editor/AssetManagerEditor/Binaries/Win64/UE4Editor-AssetManagerEditor.dll (API version 3709383).
LogModuleManager: Display: Found up-to-date module file ../../../Engine/Plugins/Editor/AudioCapture/Binaries/Win64/UE4Editor-AudioCapture.dll (API version 3709383).
LogModuleManager: Display: Found up-to-date module file ../../../Engine/Plugins/Editor/FacialAnimation/Binaries/Win64/UE4Editor-FacialAnimation.dll (API version 3709383).
LogModuleManager: Display: Found up-to-date module file ../../../Engine/Plugins/Editor/FacialAnimation/Binaries/Win64/UE4Editor-FacialAnimationEditor.dll (API version 3709383).
LogModuleManager: Display: Found up-to-date module file ../../../Engine/Plugins/Editor/GameplayTagsEditor/Binaries/Win64/UE4Editor-GameplayTagsEditor.dll (API version 3709383).
LogModuleManager: Display: Found up-to-date module file ../../../Engine/Plugins/Editor/MobileLauncherProfileWizard/Binaries/Win64/UE4Editor-MobileLauncherProfileWizard.dll (API version 3709383).
LogModuleManager: Display: Found up-to-date module file ../../../Engine/Plugins/Editor/PluginBrowser/Binaries/Win64/UE4Editor-PluginBrowser.dll (API version 3709383).
LogModuleManager: Display: Found up-to-date module file ../../../Engine/Plugins/Editor/SpeedTreeImporter/Binaries/Win64/UE4Editor-SpeedTreeImporter.dll (API version 3709383).
LogModuleManager: Display: Found up-to-date module file ../../../Engine/Plugins/Experimental/AlembicImporter/Binaries/Win64/UE4Editor-AlembicImporter.dll (API version 3709383).
LogModuleManager: Display: Found up-to-date module file ../../../Engine/Plugins/Experimental/AlembicImporter/Binaries/Win64/UE4Editor-AlembicLibrary.dll (API version 3709383).
LogModuleManager: Display: Found up-to-date module file ../../../Engine/Plugins/Experimental/CharacterAI/Binaries/Win64/UE4Editor-CharacterAI.dll (API version 3709383).
LogModuleManager: Display: Found up-to-date module file ../../../Engine/Plugins/Experimental/HTML5Networking/Binaries/Win64/UE4Editor-HTML5Networking.dll (API version 3709383).
LogModuleManager: Display: Found up-to-date module file ../../../Engine/Plugins/Media/AndroidMedia/Binaries/Win64/UE4Editor-AndroidMediaEditor.dll (API version 3709383).
LogModuleManager: Display: Found up-to-date module file ../../../Engine/Plugins/Media/AndroidMedia/Binaries/Win64/UE4Editor-AndroidMediaFactory.dll (API version 3709383).
LogModuleManager: Display: Found up-to-date module file ../../../Engine/Plugins/Media/AvfMedia/Binaries/Win64/UE4Editor-AvfMediaEditor.dll (API version 3709383).
LogModuleManager: Display: Found up-to-date module file ../../../Engine/Plugins/Media/AvfMedia/Binaries/Win64/UE4Editor-AvfMediaFactory.dll (API version 3709383).
LogModuleManager: Display: Found up-to-date module file ../../../Engine/Plugins/Media/AvfMedia/Binaries/Win64/UE4Editor-AvfMediaFactory.dll (API version 3709383).
LogModuleManager: Display: Found up-to-date module file ../../../Engine/Plugins/Media/ImgMedia/Binaries/Win64/UE4Editor-ImgMedia.dll (API version 3709383).
LogModuleManager: Display: Found up-to-date module file ../../../Engine/Plugins/Media/ImgMedia/Binaries/Win64/UE4Editor-ImgMediaEditor.dll (API version 3709383).
LogModuleManager: Display: Found up-to-date module file ../../../Engine/Plugins/Media/ImgMedia/Binaries/Win64/UE4Editor-ImgMediaFactory.dll (API version 3709383).
LogModuleManager: Display: Found up-to-date module file ../../../Engine/Plugins/Media/ImgMedia/Binaries/Win64/UE4Editor-ImgMediaFactory.dll (API version 3709383).
LogModuleManager: Display: Found up-to-date module file ../../../Engine/Plugins/Media/ImgMedia/Binaries/Win64/UE4Editor-OpenExrWrapper.dll (API version 3709383).
LogModuleManager: Display: Found up-to-date module file ../../../Engine/Plugins/Media/MediaCompositing/Binaries/Win64/UE4Editor-MediaCompositing.dll (API version 3709383).
LogModuleManager: Display: Found up-to-date module file ../../../Engine/Plugins/Media/MediaCompositing/Binaries/Win64/UE4Editor-MediaCompositingEditor.dll (API version 3709383).
LogModuleManager: Display: Found up-to-date module file ../../../Engine/Plugins/Media/MediaPlayerEditor/Binaries/Win64/UE4Editor-MediaPlayerEditor.dll (API version 3709383).
LogModuleManager: Display: Found up-to-date module file ../../../Engine/Plugins/Media/WmfMedia/Binaries/Win64/UE4Editor-WmfMedia.dll (API version 3709383).
LogModuleManager: Display: Found up-to-date module file ../../../Engine/Plugins/Media/WmfMedia/Binaries/Win64/UE4Editor-WmfMediaEditor.dll (API version 3709383).
LogModuleManager: Display: Found up-to-date module file ../../../Engine/Plugins/Media/WmfMedia/Binaries/Win64/UE4Editor-WmfMediaFactory.dll (API version 3709383).
LogModuleManager: Display: Found up-to-date module file ../../../Engine/Plugins/Media/WmfMedia/Binaries/Win64/UE4Editor-WmfMediaFactory.dll (API version 3709383).
LogModuleManager: Display: Found up-to-date module file ../../../Engine/Plugins/Messaging/TcpMessaging/Binaries/Win64/UE4Editor-TcpMessaging.dll (API version 3709383).
LogModuleManager: Display: Found up-to-date module file ../../../Engine/Plugins/Messaging/UdpMessaging/Binaries/Win64/UE4Editor-UdpMessaging.dll (API version 3709383).
LogModuleManager: Display: Found up-to-date module file ../../../Engine/Plugins/MovieScene/ActorSequence/Binaries/Win64/UE4Editor-ActorSequence.dll (API version 3709383).
LogModuleManager: Display: Found up-to-date module file ../../../Engine/Plugins/MovieScene/LevelSequenceEditor/Binaries/Win64/UE4Editor-LevelSequenceEditor.dll (API version 3709383).
LogModuleManager: Display: Found up-to-date module file ../../../Engine/Plugins/MovieScene/MatineeToLevelSequence/Binaries/Win64/UE4Editor-MatineeToLevelSequence.dll (API version 3709383).
LogModuleManager: Display: Found up-to-date module file ../../../Engine/Plugins/Online/OnlineSubsystem/Binaries/Win64/UE4Editor-OnlineSubsystem.dll (API version 3709383).
LogModuleManager: Display: Found up-to-date module file ../../../Engine/Plugins/Runtime/AndroidPermission/Binaries/Win64/UE4Editor-AndroidPermission.dll (API version 3709383).
LogModuleManager: Display: Found up-to-date module file ../../../Engine/Plugins/Online/OnlineSubsystemNull/Binaries/Win64/UE4Editor-OnlineSubsystemNull.dll (API version 3709383).
LogModuleManager: Display: Found up-to-date module file ../../../Engine/Plugins/Online/OnlineSubsystemUtils/Binaries/Win64/UE4Editor-OnlineSubsystemUtils.dll (API version 3709383).
LogModuleManager: Display: Found up-to-date module file ../../../Engine/Plugins/Online/OnlineSubsystemUtils/Binaries/Win64/UE4Editor-OnlineBlueprintSupport.dll (API version 3709383).
LogModuleManager: Display: Found up-to-date module file ../../../Engine/Plugins/Runtime/AndroidDeviceProfileSelector/Binaries/Win64/UE4Editor-AndroidDeviceProfileSelector.dll (API version 3709383).
LogModuleManager: Display: Found up-to-date module file ../../../Engine/Plugins/Runtime/AppleARKit/Binaries/Win64/UE4Editor-AppleARKit.dll (API version 3709383).
LogModuleManager: Display: Found up-to-date module file ../../../Engine/Plugins/Runtime/ArchVisCharacter/Binaries/Win64/UE4Editor-ArchVisCharacter.dll (API version 3709383).
LogModuleManager: Display: Found up-to-date module file ../../../Engine/Plugins/Runtime/CableComponent/Binaries/Win64/UE4Editor-CableComponent.dll (API version 3709383).
LogModuleManager: Display: Found up-to-date module file ../../../Engine/Plugins/Runtime/CustomMeshComponent/Binaries/Win64/UE4Editor-CustomMeshComponent.dll (API version 3709383).
LogModuleManager: Display: Found up-to-date module file ../../../Engine/Plugins/Runtime/ExampleDeviceProfileSelector/Binaries/Win64/UE4Editor-ExampleDeviceProfileSelector.dll (API version 3709383).
LogModuleManager: Display: Found up-to-date module file ../../../Engine/Plugins/Runtime/ImmediatePhysics/Binaries/Win64/UE4Editor-ImmediatePhysics.dll (API version 3709383).
LogModuleManager: Display: Found up-to-date module file ../../../Engine/Plugins/Runtime/ImmediatePhysics/Binaries/Win64/UE4Editor-ImmediatePhysicsEditor.dll (API version 3709383).
LogModuleManager: Display: Found up-to-date module file ../../../Engine/Plugins/Runtime/LocationServicesBPLibrary/Binaries/Win64/UE4Editor-LocationServicesBPLibrary.dll (API version 3709383).
LogModuleManager: Display: Found up-to-date module file ../../../Engine/Plugins/Runtime/MobilePatchingUtils/Binaries/Win64/UE4Editor-MobilePatchingUtils.dll (API version 3709383).
LogModuleManager: Display: Found up-to-date module file ../../../Engine/Plugins/Runtime/Oculus/OculusVR/Binaries/Win64/UE4Editor-OculusHMD.dll (API version 3709383).
LogModuleManager: Display: Found up-to-date module file ../../../Engine/Plugins/Runtime/Oculus/OculusVR/Binaries/Win64/UE4Editor-OculusInput.dll (API version 3709383).
LogModuleManager: Display: Found up-to-date module file ../../../Engine/Plugins/Runtime/Oculus/OculusVR/Binaries/Win64/UE4Editor-OculusEditor.dll (API version 3709383).
LogModuleManager: Display: Found up-to-date module file ../../../Engine/Plugins/Runtime/PhysXVehicles/Binaries/Win64/UE4Editor-PhysXVehicles.dll (API version 3709383).
LogModuleManager: Display: Found up-to-date module file ../../../Engine/Plugins/Runtime/PhysXVehicles/Binaries/Win64/UE4Editor-PhysXVehiclesEditor.dll (API version 3709383).
LogModuleManager: Display: Found up-to-date module file ../../../Engine/Plugins/Runtime/ProceduralMeshComponent/Binaries/Win64/UE4Editor-ProceduralMeshComponent.dll (API version 3709383).
LogModuleManager: Display: Found up-to-date module file ../../../Engine/Plugins/Runtime/ProceduralMeshComponent/Binaries/Win64/UE4Editor-ProceduralMeshComponentEditor.dll (API version 3709383).
LogModuleManager: Display: Found up-to-date module file ../../../Engine/Plugins/Runtime/RuntimePhysXCooking/Binaries/Win64/UE4Editor-RuntimePhysXCooking.dll (API version 3709383).
LogModuleManager: Display: Found up-to-date module file ../../../Engine/Plugins/Runtime/Steam/SteamVR/Binaries/Win64/UE4Editor-SteamVR.dll (API version 3709383).
LogModuleManager: Display: Found up-to-date module file ../../../Engine/Plugins/Runtime/Steam/SteamVR/Binaries/Win64/UE4Editor-SteamVRController.dll (API version 3709383).
LogModuleManager: Display: Found up-to-date module file ../../../Engine/Plugins/Runtime/WindowsMoviePlayer/Binaries/Win64/UE4Editor-WindowsMoviePlayer.dll (API version 3709383).
LogPluginManager: Mounting plugin Paper2D
LogPluginManager: Mounting plugin LightPropagationVolume
LogPluginManager: Mounting plugin CodeLiteSourceCodeAccess
LogPluginManager: Mounting plugin GitSourceControl
LogPluginManager: Mounting plugin KDevelopSourceCodeAccess
LogPluginManager: Mounting plugin NullSourceCodeAccess
LogPluginManager: Mounting plugin PerforceSourceControl
LogPluginManager: Mounting plugin SubversionSourceControl
LogPluginManager: Mounting plugin UObjectPlugin
LogPluginManager: Mounting plugin VisualStudioCodeSourceCodeAccess
LogPluginManager: Mounting plugin VisualStudioSourceCodeAccess
LogPluginManager: Mounting plugin XCodeSourceCodeAccess
LogPluginManager: Mounting plugin AssetManagerEditor
LogPluginManager: Mounting plugin AudioCapture
LogPluginManager: Mounting plugin FacialAnimation
LogPluginManager: Mounting plugin GameplayTagsEditor
LogPluginManager: Mounting plugin MobileLauncherProfileWizard
LogPluginManager: Mounting plugin PluginBrowser
LogPluginManager: Mounting plugin SpeedTreeImporter
LogPluginManager: Mounting plugin AlembicImporter
LogPluginManager: Mounting plugin CharacterAI
LogPluginManager: Mounting plugin HTML5Networking
LogPluginManager: Mounting plugin AndroidMedia
LogPluginManager: Mounting plugin AvfMedia
LogPluginManager: Mounting plugin ImgMedia
LogPluginManager: Mounting plugin MediaCompositing
LogPluginManager: Mounting plugin MediaPlayerEditor
LogPluginManager: Mounting plugin WmfMedia
LogPluginManager: Mounting plugin TcpMessaging
LogPluginManager: Mounting plugin UdpMessaging
LogPluginManager: Mounting plugin ActorSequence
LogPluginManager: Mounting plugin LevelSequenceEditor
LogPluginManager: Mounting plugin MatineeToLevelSequence
LogPluginManager: Mounting plugin OnlineSubsystemGooglePlay
LogPluginManager: Mounting plugin OnlineSubsystemIOS
LogPluginManager: Mounting plugin OnlineSubsystem
LogPluginManager: Mounting plugin OnlineSubsystemNull
LogPluginManager: Mounting plugin OnlineSubsystemUtils
LogPluginManager: Mounting plugin AndroidDeviceProfileSelector
LogPluginManager: Mounting plugin AndroidMoviePlayer
LogPluginManager: Mounting plugin AndroidPermission
LogPluginManager: Mounting plugin AppleARKit
LogPluginManager: Mounting plugin AppleMoviePlayer
LogPluginManager: Mounting plugin ArchVisCharacter
LogPluginManager: Mounting plugin CableComponent
LogPluginManager: Mounting plugin CustomMeshComponent
LogPluginManager: Mounting plugin ExampleDeviceProfileSelector
LogPluginManager: Mounting plugin GoogleCloudMessaging
LogPluginManager: Mounting plugin ImmediatePhysics
LogPluginManager: Mounting plugin IOSDeviceProfileSelector
LogPluginManager: Mounting plugin LinuxDeviceProfileSelector
LogPluginManager: Mounting plugin LocationServicesBPLibrary
LogPluginManager: Mounting plugin MobilePatchingUtils
LogPluginManager: Mounting plugin OculusVR
LogPluginManager: Plugin shader directory ../../../Engine/Plugins/Runtime/Oculus/OculusVR/Shaders found
LogPluginManager: Mapping shader source directory ../../../Engine/Plugins/Runtime/Oculus/OculusVR/Shaders to virtual directory /Plugin/OculusVR
LogPluginManager: Mounting plugin PhysXVehicles
LogPluginManager: Mounting plugin ProceduralMeshComponent
LogPluginManager: Mounting plugin RuntimePhysXCooking
LogPluginManager: Mounting plugin SteamVR
LogPluginManager: Mounting plugin WindowsMoviePlayer
LogInit: Using libcurl 7.47.1
LogInit:  - built for x86_64-pc-win32
LogInit:  - supports SSL with OpenSSL/1.0.2g
LogInit:  - supports HTTP deflate (compression) using libz 1.2.8
LogInit:  - other features:
LogInit:      CURL_VERSION_SSL
LogInit:      CURL_VERSION_LIBZ
LogInit:      CURL_VERSION_IPV6
LogInit:      CURL_VERSION_ASYNCHDNS
LogInit:      CURL_VERSION_LARGEFILE
LogInit:      CURL_VERSION_IDN
LogInit:  CurlRequestOptions (configurable via config and command line):
LogInit:  - bVerifyPeer = false  - Libcurl will NOT verify peer certificate
LogInit:  - bUseHttpProxy = false  - Libcurl will NOT use HTTP proxy
LogInit:  - bDontReuseConnections = false  - Libcurl will reuse connections
LogInit:  - CertBundlePath = nullptr  - Libcurl will use whatever was configured at build time.
LogInit: Build: ++UE4+Release-4.18-CL-3832480
LogInit: Engine Version: 4.18.3-3832480+++UE4+Release-4.18
LogInit: Compatible Engine Version: 4.18.0-3709383+++UE4+Release-4.18
LogInit: Net CL: 3709383
LogDevObjectVersion: Number of dev versions registered: 16
LogDevObjectVersion:   Dev-Blueprints (B0D832E4-1F89-4F0D-ACCF-7EB736FD4AA2): 10
LogDevObjectVersion:   Dev-Build (E1C64328-A22C-4D53-A36C-8E866417BD8C): 0
LogDevObjectVersion:   Dev-Core (375EC13C-06E4-48FB-B500-84F0262A717E): 2
LogDevObjectVersion:   Dev-Editor (E4B068ED-F494-42E9-A231-DA0B2E46BB41): 20
LogDevObjectVersion:   Dev-Framework (CFFC743F-43B0-4480-9391-14DF171D2073): 30
LogDevObjectVersion:   Dev-Mobile (B02B49B5-BB20-44E9-A304-32B752E40360): 0
LogDevObjectVersion:   Dev-Networking (A4E4105C-59A1-49B5-A7C5-40C4547EDFEE): 0
LogDevObjectVersion:   Dev-Online (39C831C9-5AE6-47DC-9A44-9C173E1C8E7C): 0
LogDevObjectVersion:   Dev-Physics (78F01B33-EBEA-4F98-B9B4-84EACCB95AA2): 0
LogDevObjectVersion:   Dev-Platform (6631380F-2D4D-43E0-8009-CF276956A95A): 0
LogDevObjectVersion:   Dev-Rendering (12F88B9F-8875-4AFC-A67C-D90C383ABD29): 20
LogDevObjectVersion:   Dev-Sequencer (7B5AE74C-D270-4C10-A958-57980B212A5A): 4
LogDevObjectVersion:   Dev-VR (D7296918-1DD6-4BDD-9DE2-64A83CC13884): 0
LogDevObjectVersion:   Dev-LoadTimes (C2A15278-BFE7-4AFE-6C17-90FF531DF755): 1
LogDevObjectVersion:   Private-Geometry (6EACA3D4-40EC-4CC1-B786-8BED09428FC5): 1
LogDevObjectVersion:   Dev-AnimPhys (29E575DD-E0A3-4627-9D10-D276232CDCEA): 12
LogInit: Compiled (64-bit): Jan 12 2018 02:04:55
LogInit: Compiled with Visual C++: 19.00.24215.01
LogInit: Build Configuration: Development
LogInit: Branch Name: ++UE4+Release-4.18
LogInit: Command line:  
LogInit: Base directory: C:/Epic Games/UE_4.18/Engine/Binaries/Win64/
LogInit: Installed Engine Build: 1
LogInit: Presizing for max 8388607 objects, including 0 objects not considered by GC, pre-allocating 0 bytes for permanent pool.
LogInit: Object subsystem initialized
[2018.02.09-20.04.14:968][  0]LogInit: Selected Device Profile: [Windows]
[2018.02.09-20.04.14:968][  0]LogInit: Applying CVar settings loaded from the selected device profile: [Windows]
[2018.02.09-20.04.14:995][  0]LogInit: Computer: CDM-TS210WS03
[2018.02.09-20.04.14:995][  0]LogInit: User: zkolman
[2018.02.09-20.04.14:995][  0]LogInit: CPU Page size=4096, Cores=6
[2018.02.09-20.04.14:995][  0]LogInit: High frequency timer resolution =3.117489 MHz
[2018.02.09-20.04.14:995][  0]LogMemory: Memory total: Physical=8.0GB (8GB approx)
[2018.02.09-20.04.14:995][  0]LogMemory: Platform Memory Stats for Windows
[2018.02.09-20.04.14:995][  0]LogMemory: Process Physical Memory: 273.28 MB used, 273.28 MB peak
[2018.02.09-20.04.14:995][  0]LogMemory: Process Virtual Memory: 272.94 MB used, 272.94 MB peak
[2018.02.09-20.04.14:995][  0]LogMemory: Physical Memory: 3870.38 MB used,  4279.37 MB free, 8149.75 MB total
[2018.02.09-20.04.14:995][  0]LogMemory: Virtual Memory: 651.74 MB used,  4279.37 MB free, 134217728.00 MB total
[2018.02.09-20.04.15:339][  0]LogInit: Using OS detected language (en-US).
[2018.02.09-20.04.15:339][  0]LogInit: Using OS detected locale (en-US).
[2018.02.09-20.04.15:424][  0]LogTextLocalizationManager: No specific localization for 'en-US' exists, so the 'en' localization will be used.
[2018.02.09-20.04.16:025][  0]LogInit: Setting process to per monitor DPI aware
[2018.02.09-20.04.19:366][  0]LogD3D11RHI: D3D11 adapters:
[2018.02.09-20.04.19:428][  0]LogD3D11RHI:    0. 'NVIDIA Quadro 2000' (Feature Level 11_0)
[2018.02.09-20.04.19:428][  0]LogD3D11RHI:       979/0/4074 MB DedicatedVideo/DedicatedSystem/SharedSystem, Outputs:2, VendorId:0x10de
[2018.02.09-20.04.19:429][  0]LogD3D11RHI:    1. 'Microsoft Basic Render Driver' (Feature Level 11_0)
[2018.02.09-20.04.19:429][  0]LogD3D11RHI:       0/0/4074 MB DedicatedVideo/DedicatedSystem/SharedSystem, Outputs:0, VendorId:0x1414
[2018.02.09-20.04.19:429][  0]LogD3D11RHI: Chosen D3D11 Adapter: 0
[2018.02.09-20.04.19:434][  0]LogD3D11RHI: Creating new Direct3DDevice
[2018.02.09-20.04.19:434][  0]LogD3D11RHI:     GPU DeviceId: 0xdd8 (for the marketing name, search the web for "GPU Device Id")
[2018.02.09-20.04.19:434][  0]LogWindows: EnumDisplayDevices:
[2018.02.09-20.04.19:434][  0]LogWindows:    0. 'NVIDIA Quadro 2000' (P:0 D:1)
[2018.02.09-20.04.19:435][  0]LogWindows:    1. 'NVIDIA Quadro 2000' (P:1 D:1)
[2018.02.09-20.04.19:435][  0]LogWindows: DebugString: FoundDriverCount:2 
[2018.02.09-20.04.19:435][  0]LogD3D11RHI:     Adapter Name: NVIDIA Quadro 2000
[2018.02.09-20.04.19:435][  0]LogD3D11RHI:   Driver Version: 377.48 (internal:21.21.13.7748, unified:377.48)
[2018.02.09-20.04.19:435][  0]LogD3D11RHI:      Driver Date: 6-8-2017
[2018.02.09-20.04.19:435][  0]LogRHI: Texture pool is 685 MB (70% of 979 MB)
[2018.02.09-20.04.19:455][  0]LogD3D11RHI: Display: Timestamp queries are currently disabled on this hardware due to instability. Realtime GPU stats will not be available. You can override this behaviour by setting r.NVIDIATimestampWorkaround to 0
[2018.02.09-20.04.19:455][  0]LogD3D11RHI: Async texture creation enabled
[2018.02.09-20.04.19:467][  0]LogD3D11RHI: GPU Timing Frequency: 1000.000000 (Debug: 2 1)
[2018.02.09-20.04.19:470][  0]LogShaderCompilers: Guid format shader working directory is -10 characters bigger than the processId version (../../../../../Users/zkolman/GLUE4/GLUE4/Gate_Logic_Redux/Intermediate/Shaders/WorkingDirectory/17928/).
[2018.02.09-20.04.19:470][  0]LogShaderCompilers: Cleaned the shader compiler working directory 'C:/Users/zkolman/AppData/Local/Temp/UnrealShaderWorkingDir/8E7C2F1D444431C34F85688A086251FB/'.
[2018.02.09-20.04.19:470][  0]LogShaderCompilers: Display: Using Local Shader Compiler.
[2018.02.09-20.04.23:021][  0]LogTemp: Display: Loaded TP AllDesktopTargetPlatform
[2018.02.09-20.04.23:100][  0]LogTemp: Display: Loaded TP MacClientTargetPlatform
[2018.02.09-20.04.23:178][  0]LogTemp: Display: Loaded TP MacNoEditorTargetPlatform
[2018.02.09-20.04.23:254][  0]LogTemp: Display: Loaded TP MacServerTargetPlatform
[2018.02.09-20.04.23:355][  0]LogTemp: Display: Loaded TP MacTargetPlatform
[2018.02.09-20.04.23:433][  0]LogTemp: Display: Loaded TP WindowsClientTargetPlatform
[2018.02.09-20.04.23:508][  0]LogTemp: Display: Loaded TP WindowsNoEditorTargetPlatform
[2018.02.09-20.04.23:578][  0]LogTemp: Display: Loaded TP WindowsServerTargetPlatform
[2018.02.09-20.04.23:650][  0]LogTemp: Display: Loaded TP WindowsTargetPlatform
[2018.02.09-20.04.23:715][  0]LogTemp: Display: Loaded TP Android_ASTCTargetPlatform
[2018.02.09-20.04.23:781][  0]LogTemp: Display: Loaded TP Android_ATCTargetPlatform
[2018.02.09-20.04.23:856][  0]LogTemp: Display: Loaded TP Android_DXTTargetPlatform
[2018.02.09-20.04.23:944][  0]LogTemp: Display: Loaded TP Android_ETC1TargetPlatform
[2018.02.09-20.04.24:017][  0]LogTemp: Display: Loaded TP Android_ETC2TargetPlatform
[2018.02.09-20.04.24:153][  0]LogTemp: Display: Loaded TP Android_MultiTargetPlatform
[2018.02.09-20.04.24:153][  0]LogTemp: Display: Loaded TP Android_PVRTCTargetPlatform
[2018.02.09-20.04.24:239][  0]LogTemp: Display: Loaded TP AndroidTargetPlatform
[2018.02.09-20.04.24:311][  0]LogTemp: Display: Loaded TP HTML5TargetPlatform
[2018.02.09-20.04.24:471][  0]LogTemp: Display: Loaded TP IOSTargetPlatform
[2018.02.09-20.04.24:506][  0]LogTemp: Display: Loaded TP TVOSTargetPlatform
[2018.02.09-20.04.24:569][  0]LogTemp: Display: Loaded TP LinuxClientTargetPlatform
[2018.02.09-20.04.24:648][  0]LogTemp: Display: Loaded TP LinuxNoEditorTargetPlatform
[2018.02.09-20.04.24:719][  0]LogTemp: Display: Loaded TP LinuxServerTargetPlatform
[2018.02.09-20.04.24:808][  0]LogTemp: Display: Loaded TP LinuxTargetPlatform
[2018.02.09-20.04.24:808][  0]LogTargetPlatformManager: Display: Building Assets For Windows
[2018.02.09-20.04.25:789][  0]LogDerivedDataCache: Display: Max Cache Size: 512 MB
[2018.02.09-20.04.26:375][  0]LogDerivedDataCache: Loaded boot cache 0.59s 78MB C:/Users/zkolman/AppData/Local/UnrealEngine/4.18/DerivedDataCache/Boot.ddc.
[2018.02.09-20.04.26:376][  0]LogDerivedDataCache: Display: Loaded Boot cache: C:/Users/zkolman/AppData/Local/UnrealEngine/4.18/DerivedDataCache/Boot.ddc
[2018.02.09-20.04.26:376][  0]LogDerivedDataCache: FDerivedDataBackendGraph:  Pak pak cache file ../../../../../Users/zkolman/GLUE4/GLUE4/Gate_Logic_Redux/DerivedDataCache/DDC.ddp not found, will not use a pak cache.
[2018.02.09-20.04.26:376][  0]LogDerivedDataCache: Unable to find inner node Pak for hierarchical cache Hierarchy.
[2018.02.09-20.04.26:376][  0]LogDerivedDataCache: FDerivedDataBackendGraph:  CompressedPak pak cache file ../../../../../Users/zkolman/GLUE4/GLUE4/Gate_Logic_Redux/DerivedDataCache/Compressed.ddp not found, will not use a pak cache.
[2018.02.09-20.04.26:376][  0]LogDerivedDataCache: Unable to find inner node CompressedPak for hierarchical cache Hierarchy.
[2018.02.09-20.04.26:399][  0]LogDerivedDataCache: Display: Pak cache opened for reading ../../../Engine/DerivedDataCache/Compressed.ddp.
[2018.02.09-20.04.26:411][  0]LogDerivedDataCache: Using Local data cache path C:/Users/zkolman/AppData/Local/UnrealEngine/Common/DerivedDataCache: Writable
[2018.02.09-20.04.26:424][  0]LogMaterial: Verifying Global Shaders for PCD3D_SM5
[2018.02.09-20.04.26:424][  0]LogSlate: Using Freetype 2.6.0
[2018.02.09-20.04.26:434][  0]LogSlate: SlateFontCache - WITH_FREETYPE: 1, WITH_HARFBUZZ: 1
[2018.02.09-20.04.26:434][  0]LogSlate: SlateFontCache - WITH_FREETYPE: 1, WITH_HARFBUZZ: 1
[2018.02.09-20.04.29:657][  0]LogInit: Selected Device Profile: [Windows]
[2018.02.09-20.04.30:236][  0]LogSimplygon: Simplygon DLL not present - disabling.
[2018.02.09-20.04.30:305][  0]LogMeshReduction: Using SimplygonSwarm for distributed automatic mesh merging
[2018.02.09-20.04.30:305][  0]LogMeshReduction: Using QuadricMeshReduction for automatic static mesh reduction
[2018.02.09-20.04.30:305][  0]LogMeshReduction: No automatic skeletal mesh reduction module available
[2018.02.09-20.04.30:305][  0]LogMeshReduction: No automatic mesh merging module available
[2018.02.09-20.04.30:305][  0]LogMeshMerging: No automatic mesh merging module available
[2018.02.09-20.04.30:338][  0]LogNetVersion: Gate_Logic_Redux , NetCL: 3709383, EngineNetVer: 2, GameNetVer: 0 (Checksum: 3265797865)
[2018.02.09-20.04.30:526][  0]LogAssetRegistry: FAssetRegistry took 0.0271 seconds to start up
[2018.02.09-20.04.31:122][  0]LogPackageLocalizationCache: Processed 7 localized package path(s) for 2 prioritized culture(s) in 0.051555 seconds
[2018.02.09-20.04.31:127][  0]LogUObjectArray: 35870 objects as part of root set at end of initial load.
[2018.02.09-20.04.31:127][  0]LogUObjectAllocator: 7363704 out of 0 bytes used by permanent object pool.
[2018.02.09-20.04.31:127][  0]LogUObjectArray: CloseDisregardForGC: 0/0 objects in disregard for GC pool
[2018.02.09-20.04.31:214][  0]LogInit: WinSock: version 1.1 (2.2), MaxSocks=32767, MaxUdp=65467
[2018.02.09-20.04.47:071][  0]LogTcpMessaging: Initializing TcpMessaging bridge
[2018.02.09-20.04.47:141][  0]LogUdpMessaging: Initializing bridge on interface 0.0.0.0:0 to multicast group 230.0.0.1:6666.
[2018.02.09-20.04.48:529][  0]LogMaterial: Uniform references updated for custom material expression Custom.
[2018.02.09-20.04.49:179][  0]SourceControl: Source control is disabled
[2018.02.09-20.04.49:179][  0]SourceControl: Source control is disabled
[2018.02.09-20.04.49:268][  0]SourceControl: Source control is disabled
[2018.02.09-20.04.49:369][  0]SourceControl: Source control is disabled
[2018.02.09-20.04.50:880][  0]LogAndroidPermission: UAndroidPermissionCallbackProxy::GetInstance
[2018.02.09-20.04.51:332][  0]LogOcInput: OculusInput pre-init called
[2018.02.09-20.04.51:796][  0]LogEngine: Initializing Engine...
[2018.02.09-20.04.51:798][  0]LogHMD: Failed to initialize OpenVR with code 110
[2018.02.09-20.04.52:112][  0]LogStats: UGameplayTagsManager::ConstructGameplayTagTree: Construct from data asset -  0.000 s
[2018.02.09-20.04.52:112][  0]LogStats: UGameplayTagsManager::ConstructGameplayTagTree: GameplayTagTreeChangedEvent.Broadcast -  0.000 s
[2018.02.09-20.04.52:307][  0]LogAIModule: Creating AISystem for world Untitled
[2018.02.09-20.04.52:331][  0]LogInit: XAudio2 using 'Speakers (2- High Definition Audio Device)' : 2 channels at 44.1 kHz using 16 bits per sample (channel mask 0x3)
[2018.02.09-20.04.52:346][  0]LogInit: FAudioDevice initialized.
[2018.02.09-20.04.52:505][  0]LogDerivedDataCache: Saved boot cache 0.16s 78MB C:/Users/zkolman/AppData/Local/UnrealEngine/4.18/DerivedDataCache/Boot.ddc.
[2018.02.09-20.04.52:539][  0]LogInit: Texture streaming: Enabled
[2018.02.09-20.04.52:738][  0]LogEngineSessionManager: EngineSessionManager initialized
[2018.02.09-20.04.52:923][  0]LogInit: Transaction tracking system initialized
[2018.02.09-20.04.53:393][  0]BlueprintLog: New page: Editor Load
[2018.02.09-20.04.54:941][  0]LocalizationService: Localization service is disabled
[2018.02.09-20.04.56:517][  0]LogConsoleResponse: Display: 
[2018.02.09-20.04.57:184][  0]LogCook: Display: Max memory allowance for cook 16384mb min free memory 0mb
[2018.02.09-20.04.57:184][  0]LogCook: Display: Mobile HDR setting 1
[2018.02.09-20.04.57:184][  0]LogGameplayTags: Display: UGameplayTagsManager::DoneAddingNativeTags. DelegateIsBound: 0
[2018.02.09-20.04.57:531][  0]LogFileCache: Scanning file cache for directory 'C:/Users/zkolman/GLUE4/GLUE4/Gate_Logic_Redux/Content/' took 0.01s
[2018.02.09-20.04.58:529][  0]LogLinker: Warning: Can't find file '/Engine/BasicShapes/Cube'
[2018.02.09-20.04.58:529][  0]LogLinker: Warning: Can't find file '/Engine/BasicShapes/Cube'
[2018.02.09-20.04.58:529][  0]LogUObjectGlobals: Warning: Failed to find object 'StaticMesh /Engine/BasicShapes/Cube.Cube'
[2018.02.09-20.05.00:107][  0]SourceControl: Source control is disabled
[2018.02.09-20.05.00:107][  0]Cmd: MAP LOAD FILE="../../../Engine/Content/Maps/Templates/Template_Default.umap" TEMPLATE=1 SHOWPROGRESS=1 FEATURELEVEL=3
[2018.02.09-20.05.00:108][  0]LightingResults: New page: Lighting Build
[2018.02.09-20.05.00:174][  0]MapCheck: New page: Map Check
[2018.02.09-20.05.00:174][  0]LightingResults: New page: Lighting Build
[2018.02.09-20.05.00:551][  0]LogAIModule: Creating AISystem for world Untitled_1
[2018.02.09-20.05.00:565][  0]LogEditorServer: Finished looking for orphan Actors (0.000 secs)
[2018.02.09-20.05.00:582][  0]Cmd: MAP CHECKDEP NOCLEARLOG
[2018.02.09-20.05.00:641][  0]MapCheck: Map check complete: 0 Error(s), 0 Warning(s), took 59.287ms to complete.
[2018.02.09-20.05.00:641][  0]LogFileHelpers: Loading map 'Template_Default' took 0.534
[2018.02.09-20.05.00:844][  0]LogCollectionManager: Loaded 0 collections in 0.002046 seconds
[2018.02.09-20.05.00:934][  0]LogFileCache: Scanning file cache for directory 'C:/Users/zkolman/GLUE4/GLUE4/Gate_Logic_Redux/Saved/Collections/' took 0.01s
[2018.02.09-20.05.00:934][  0]LogFileCache: Scanning file cache for directory 'C:/Users/zkolman/GLUE4/GLUE4/Gate_Logic_Redux/Content/Developers/zkolman/Collections/' took 0.01s
[2018.02.09-20.05.00:934][  0]LogFileCache: Scanning file cache for directory 'C:/Users/zkolman/GLUE4/GLUE4/Gate_Logic_Redux/Content/Collections/' took 0.01s
[2018.02.09-20.05.00:934][  0]LogCollectionManager: Rebuilt the GUID cache for 0 collections in 0.000001 seconds
[2018.02.09-20.05.00:945][  0]LogContentBrowser: Native class hierarchy populated in 0.0109 seconds. Added 2363 classes and 519 folders.
[2018.02.09-20.05.01:051][  0]LogContentBrowser: Native class hierarchy updated for 'WidgetCarousel' in 0.0003 seconds. Added 0 classes and 0 folders.
[2018.02.09-20.05.01:972][  0]LogContentBrowser: Native class hierarchy updated for 'AddContentDialog' in 0.0003 seconds. Added 0 classes and 0 folders.
[2018.02.09-20.05.02:038][  0]LogContentBrowser: Native class hierarchy updated for 'SceneOutliner' in 0.0003 seconds. Added 1 classes and 2 folders.
[2018.02.09-20.05.03:379][  0]LogSlate: Only BGRA pngs, bmps or icos are supported in by External Image Picker
[2018.02.09-20.05.03:419][  0]LogSlate: Took 0.013878 seconds to synchronously load lazily loaded font '../../../Engine/Content/Slate/Fonts/Roboto-Regular.ttf' (155K)
[2018.02.09-20.05.03:432][  0]LogSlate: Took 0.010370 seconds to synchronously load lazily loaded font '../../../Engine/Content/Slate/Fonts/Roboto-Bold.ttf' (160K)
[2018.02.09-20.05.03:446][  0]LogTemp: Executing iPhonePackager certificates Engine -bundlename com.YourCompany.GateLogicRedux
[2018.02.09-20.05.03:446][  0]LogTemp: CWD: C:\Epic Games\UE_4.18\Engine\Binaries\DotNET\IOS
[2018.02.09-20.05.03:446][  0]LogTemp: Initial Dir: C:\Epic Games\UE_4.18
[2018.02.09-20.05.03:446][  0]LogTemp: Env CWD: C:\Epic Games\UE_4.18\Engine\Binaries\DotNET\IOS
[2018.02.09-20.05.03:446][  0]LogTemp: BranchPath = CDM-TS210WS03/C/Epic Games/UE_4.18/Engine/Binaries --- GameBranchPath = CDM-TS210WS03/C/Epic Games/UE_4.18/Engine/Binaries
[2018.02.09-20.05.03:446][  0]LogSlate: Took 0.007824 seconds to synchronously load lazily loaded font '../../../Engine/Content/Editor/Slate/Fonts/FontAwesome.ttf' (139K)
[2018.02.09-20.05.03:625][  0]LogTemp: IPP ERROR: Could not find provision directory 'C:\Users\zkolman\AppData\Local/Apple Computer/MobileDevice/Provisioning Profiles/'.
[2018.02.09-20.05.03:626][  0]LogRenderer: Reallocating scene render targets to support 1208x576 Format 9 NumSamples 1 (Frame:1).
[2018.02.09-20.05.04:023][  0]LogContentBrowser: Native class hierarchy updated for 'HierarchicalLODOutliner' in 0.0003 seconds. Added 1 classes and 2 folders.
[2018.02.09-20.05.04:023][  0]LogLoad: (Engine Initialization) Total time: 59.11 seconds
[2018.02.09-20.05.04:023][  0]LogLoad: (Engine Initialization) Total Blueprint compile time: 0.00 seconds
[2018.02.09-20.05.04:024][  0]LogExternalProfiler: No external profilers were discovered.  External profiling features will not be available.
[2018.02.09-20.05.04:416][  0]LogContentStreaming: Texture pool size now 600 MB
[2018.02.09-20.05.04:487][  0]LogSlate: Took 0.012176 seconds to synchronously load lazily loaded font '../../../Engine/Content/Slate/Fonts/Roboto-Light.ttf' (159K)
[2018.02.09-20.05.04:707][  1]LogAssetRegistry: Asset discovery search completed in 34.2030 seconds
[2018.02.09-20.05.04:708][  1]LogCollectionManager: Rebuilt the object cache for 0 collections in 0.000000 seconds (found 0 objects)
[2018.02.09-20.05.04:708][  1]LogCollectionManager: Fixed up redirectors for 0 collections in 0.000046 seconds (updated 0 objects)
[2018.02.09-20.05.05:005][  2]LogD3D11RHI: Timed out while waiting for GPU to catch up. (0.5 s)
[2018.02.09-20.05.05:392][  3]LogSlate: Took 0.000347 seconds to synchronously load lazily loaded font '../../../Engine/Content/Slate/Fonts/Roboto-Light.ttf' (159K)
[2018.02.09-20.05.31:510][186]LogSlate: Took 0.000180 seconds to synchronously load lazily loaded font '../../../Engine/Content/Slate/Fonts/Roboto-Light.ttf' (159K)
[2018.02.09-20.05.31:931][186]LogContentBrowser: Native class hierarchy updated for 'BlueprintGraph' in 0.0008 seconds. Added 116 classes and 0 folders.
[2018.02.09-20.05.33:122][186]LogSlate: Took 0.017950 seconds to synchronously load lazily loaded font '../../../Engine/Content/Editor/Slate/Fonts/Roboto-BoldCondensed.ttf' (158K)
[2018.02.09-20.05.33:249][187]LogSlate: Took 0.012659 seconds to synchronously load lazily loaded font '../../../Engine/Content/Editor/Slate/Fonts/Roboto-Italic.ttf' (157K)
[2018.02.09-20.05.35:789][252]LogTemp: Repeating last play command: Selected Viewport
[2018.02.09-20.05.35:819][252]LogPlayLevel: PlayLevel: No blueprints needed recompiling
[2018.02.09-20.05.35:819][252]PIE: New page: PIE session: Untitled_1 (Feb 9, 2018, 8:05:35 AM)
[2018.02.09-20.05.35:819][252]LogPlayLevel: Creating play world package: /Temp/UEDPIE_0_Untitled_1
[2018.02.09-20.05.35:827][252]LogPlayLevel: PIE: StaticDuplicateObject took: (0.007243s)
[2018.02.09-20.05.35:827][252]LogAIModule: Creating AISystem for world Untitled_1
[2018.02.09-20.05.35:828][252]LogPlayLevel: PIE: World Init took: (0.001192s)
[2018.02.09-20.05.35:828][252]LogPlayLevel: PIE: Created PIE world by copying editor world from /Temp/Untitled_1.Untitled_1 to /Temp/UEDPIE_0_Untitled_1.Untitled_1 (0.008862s)
[2018.02.09-20.05.35:857][252]LogInit: XAudio2 using 'Speakers (2- High Definition Audio Device)' : 2 channels at 44.1 kHz using 16 bits per sample (channel mask 0x3)
[2018.02.09-20.05.35:865][252]LogInit: FAudioDevice initialized.
[2018.02.09-20.05.35:918][252]LogLoad: Game class is 'GLMode_C'
[2018.02.09-20.05.35:920][252]LogWorld: Bringing World /Temp/UEDPIE_0_Untitled_1.Untitled_1 up for play (max tick rate 0) at 2018.02.09-14.05.35
[2018.02.09-20.05.35:920][252]LogWorld: Bringing up level for play took: 0.000816
[2018.02.09-20.05.35:973][252]LogContentBrowser: Native class hierarchy updated for 'MovieSceneCapture' in 0.0003 seconds. Added 11 classes and 0 folders.
[2018.02.09-20.05.35:974][252]PIE: Play in editor start time for /Temp/UEDPIE_0_Untitled_1 0.797
[2018.02.09-20.05.47:706][417]Cmd: OBJ SAVEPACKAGE PACKAGE="/Game/Maps/HeroBuild" FILE="../../../../../Users/zkolman/GLUE4/GLUE4/Gate_Logic_Redux/Content/Maps/HeroBuild.umap" SILENT=true AUTOSAVING=false KEEPDIRTY=false
[2018.02.09-20.05.47:764][417]LogSavePackage: Save=31.94ms
[2018.02.09-20.05.47:764][417]LogSavePackage: Moving '../../../../../Users/zkolman/GLUE4/GLUE4/Gate_Logic_Redux/Saved/HeroBuild380F20BD476A6E2EE03F66BCDEA6D210.tmp' to '../../../../../Users/zkolman/GLUE4/GLUE4/Gate_Logic_Redux/Content/Maps/HeroBuild.umap'
[2018.02.09-20.05.47:765][417]LogSavePackage: Display: Finished SavePackage ../../../../../Users/zkolman/GLUE4/GLUE4/Gate_Logic_Redux/Content/Maps/HeroBuild.umap
[2018.02.09-20.05.47:814][417]Cmd: OBJ SAVEPACKAGE PACKAGE="/Game/Maps/HeroBuild_BuiltData" FILE="../../../../../Users/zkolman/GLUE4/GLUE4/Gate_Logic_Redux/Content/Maps/HeroBuild_BuiltData.uasset" SILENT=true
[2018.02.09-20.05.47:828][417]LogSavePackage: Save=12.08ms
[2018.02.09-20.05.47:828][417]LogSavePackage: Moving '../../../../../Users/zkolman/GLUE4/GLUE4/Gate_Logic_Redux/Saved/HeroBuild_BuiltDataC5BC64B7422811B3A7F1089274F29E74.tmp' to '../../../../../Users/zkolman/GLUE4/GLUE4/Gate_Logic_Redux/Content/Maps/HeroBuild_BuiltData.uasset'
[2018.02.09-20.05.47:828][417]LogSavePackage: Display: Finished SavePackage ../../../../../Users/zkolman/GLUE4/GLUE4/Gate_Logic_Redux/Content/Maps/HeroBuild_BuiltData.uasset
[2018.02.09-20.05.47:831][417]LogFileHelpers: Saving map 'HeroBuild' took 0.203
[2018.02.09-20.05.52:138][644]LogLinker: Warning: Can't find file '/Game/Character_Build_BuiltData'
[2018.02.09-20.05.52:138][644]LogLinker: Warning: Can't find file for asset '/Game/Character_Build_BuiltData' while loading ../../../../../Users/zkolman/GLUE4/GLUE4/Gate_Logic_Redux/Content/Character_Build.umap.
[2018.02.09-20.05.52:138][644]LoadErrors: Error: /Game/Character_Build : Can't find file for asset. /Game/Character_Build_BuiltData
[2018.02.09-20.05.52:140][644]LogLinker: Warning: Can't find file '/Game/Character_Build_BuiltData'
[2018.02.09-20.05.52:140][644]LogLinker: Warning: Can't find file for asset '/Game/Character_Build_BuiltData' while loading ../../../../../Users/zkolman/GLUE4/GLUE4/Gate_Logic_Redux/Content/Character_Build.umap.
[2018.02.09-20.05.52:146][644]LogLinker: Warning: Can't find file '/Game/Character_Build_BuiltData'
[2018.02.09-20.05.52:146][644]LoadErrors: Failed to load /Game/Character_Build_BuiltData.Character_Build_BuiltData Referenced by PersistentLevel
[2018.02.09-20.05.52:146][644]LogLinker: Warning: Can't find file for asset '/Game/Character_Build_BuiltData' while loading NULL.
[2018.02.09-20.05.52:152][644]LogAIModule: Creating AISystem for world Character_Build
[2018.02.09-20.05.52:209][644]Cmd: MAP LOAD FILE="../../../../../Users/zkolman/GLUE4/GLUE4/Gate_Logic_Redux/Content/Character_Build.umap" TEMPLATE=0 SHOWPROGRESS=1 FEATURELEVEL=3
[2018.02.09-20.05.52:210][644]LightingResults: New page: Lighting Build
[2018.02.09-20.05.52:210][644]LoadErrors: New page: Loading map: Character_Build.umap
[2018.02.09-20.05.52:211][644]MapCheck: New page: Map Check
[2018.02.09-20.05.52:211][644]LightingResults: New page: Lighting Build
[2018.02.09-20.05.52:238][644]LogEditorServer: Finished looking for orphan Actors (0.000 secs)
[2018.02.09-20.05.52:276][644]Cmd: MAP CHECKDEP NOCLEARLOG
[2018.02.09-20.05.52:355][644]MapCheck: Map check complete: 0 Error(s), 0 Warning(s), took 78.92ms to complete.
[2018.02.09-20.05.52:355][644]LogFileHelpers: Loading map 'Character_Build' took 0.154
[2018.02.09-20.05.53:777][720]LogTemp: Repeating last play command: Selected Viewport
[2018.02.09-20.05.53:819][720]LogPlayLevel: PlayLevel: No blueprints needed recompiling
[2018.02.09-20.05.53:819][720]PIE: New page: PIE session: Character_Build (Feb 9, 2018, 8:05:53 AM)
[2018.02.09-20.05.53:819][720]LogPlayLevel: Creating play world package: /Game/UEDPIE_0_Character_Build
[2018.02.09-20.05.53:826][720]LogPlayLevel: PIE: StaticDuplicateObject took: (0.006675s)
[2018.02.09-20.05.53:827][720]LogAIModule: Creating AISystem for world Character_Build
[2018.02.09-20.05.53:827][720]LogPlayLevel: PIE: World Init took: (0.001239s)
[2018.02.09-20.05.53:827][720]LogPlayLevel: PIE: Created PIE world by copying editor world from /Game/Character_Build.Character_Build to /Game/UEDPIE_0_Character_Build.Character_Build (0.008437s)
[2018.02.09-20.05.53:850][720]LogInit: XAudio2 using 'Speakers (2- High Definition Audio Device)' : 2 channels at 44.1 kHz using 16 bits per sample (channel mask 0x3)
[2018.02.09-20.05.53:857][720]LogInit: FAudioDevice initialized.
[2018.02.09-20.05.53:888][720]LogLoad: Game class is 'GLMode_C'
[2018.02.09-20.05.53:889][720]LogWorld: Bringing World /Game/UEDPIE_0_Character_Build.Character_Build up for play (max tick rate 0) at 2018.02.09-14.05.53
[2018.02.09-20.05.53:889][720]LogWorld: Bringing up level for play took: 0.000711
[2018.02.09-20.05.53:891][720]PIE: Play in editor start time for /Game/UEDPIE_0_Character_Build 0.714
[2018.02.09-20.05.57:046][913]LogAIModule: Creating AISystem for world HeroBuild
[2018.02.09-20.05.57:073][913]Cmd: MAP LOAD FILE="../../../../../Users/zkolman/GLUE4/GLUE4/Gate_Logic_Redux/Content/Maps/HeroBuild.umap" TEMPLATE=0 SHOWPROGRESS=1 FEATURELEVEL=3
[2018.02.09-20.05.57:073][913]LightingResults: New page: Lighting Build
[2018.02.09-20.05.57:074][913]LoadErrors: New page: Loading map: HeroBuild.umap
[2018.02.09-20.05.57:074][913]MapCheck: New page: Map Check
[2018.02.09-20.05.57:074][913]LightingResults: New page: Lighting Build
[2018.02.09-20.05.57:100][913]LogEditorServer: Finished looking for orphan Actors (0.000 secs)
[2018.02.09-20.05.57:140][913]Cmd: MAP CHECKDEP NOCLEARLOG
[2018.02.09-20.05.57:202][913]MapCheck: Map check complete: 0 Error(s), 0 Warning(s), took 61.795ms to complete.
[2018.02.09-20.05.57:202][913]LogFileHelpers: Loading map 'HeroBuild' took 0.130
[2018.02.09-20.05.57:205][913]LoadErrors: Error: /Game/Maps/HeroBuild : Failed import for MapBuildDataRegistry /Game/Maps/HeroBuild_BuiltData.HeroBuild_BuiltData Referenced by export Level /Game/Maps/HeroBuild.HeroBuild:PersistentLevel
[2018.02.09-20.05.57:779][941]LogTemp: Repeating last play command: Selected Viewport
[2018.02.09-20.05.57:793][941]LogPlayLevel: PlayLevel: No blueprints needed recompiling
[2018.02.09-20.05.57:793][941]PIE: New page: PIE session: HeroBuild (Feb 9, 2018, 8:05:57 AM)
[2018.02.09-20.05.57:794][941]LogPlayLevel: Creating play world package: /Game/Maps/UEDPIE_0_HeroBuild
[2018.02.09-20.05.57:801][941]LogPlayLevel: PIE: StaticDuplicateObject took: (0.007031s)
[2018.02.09-20.05.57:801][941]LogAIModule: Creating AISystem for world HeroBuild
[2018.02.09-20.05.57:802][941]LogPlayLevel: PIE: World Init took: (0.001001s)
[2018.02.09-20.05.57:802][941]LogPlayLevel: PIE: Created PIE world by copying editor world from /Game/Maps/HeroBuild.HeroBuild to /Game/Maps/UEDPIE_0_HeroBuild.HeroBuild (0.008422s)
[2018.02.09-20.05.57:827][941]LogInit: XAudio2 using 'Speakers (2- High Definition Audio Device)' : 2 channels at 44.1 kHz using 16 bits per sample (channel mask 0x3)
[2018.02.09-20.05.57:834][941]LogInit: FAudioDevice initialized.
[2018.02.09-20.05.57:870][941]LogLoad: Game class is 'GLMode_C'
[2018.02.09-20.05.57:871][941]LogWorld: Bringing World /Game/Maps/UEDPIE_0_HeroBuild.HeroBuild up for play (max tick rate 0) at 2018.02.09-14.05.57
[2018.02.09-20.05.57:871][941]LogWorld: Bringing up level for play took: 0.000724
[2018.02.09-20.05.57:873][941]PIE: Play in editor start time for /Game/Maps/UEDPIE_0_HeroBuild 0.696
[2018.02.09-20.06.01:461][150]LogLinker: Warning: Can't find file '/Game/Character_Build_BuiltData'
[2018.02.09-20.06.01:461][150]LogLinker: Warning: Can't find file for asset '/Game/Character_Build_BuiltData' while loading ../../../../../Users/zkolman/GLUE4/GLUE4/Gate_Logic_Redux/Content/Character_Build.umap.
[2018.02.09-20.06.01:461][150]LoadErrors: Error: /Game/Character_Build : Can't find file for asset. /Game/Character_Build_BuiltData
[2018.02.09-20.06.01:463][150]LogLinker: Warning: Can't find file '/Game/Character_Build_BuiltData'
[2018.02.09-20.06.01:463][150]LogLinker: Warning: Can't find file for asset '/Game/Character_Build_BuiltData' while loading ../../../../../Users/zkolman/GLUE4/GLUE4/Gate_Logic_Redux/Content/Character_Build.umap.
[2018.02.09-20.06.01:469][150]LogLinker: Warning: Can't find file '/Game/Character_Build_BuiltData'
[2018.02.09-20.06.01:469][150]LoadErrors: Failed to load /Game/Character_Build_BuiltData.Character_Build_BuiltData Referenced by PersistentLevel
[2018.02.09-20.06.01:469][150]LogLinker: Warning: Can't find file for asset '/Game/Character_Build_BuiltData' while loading NULL.
[2018.02.09-20.06.01:474][150]LogAIModule: Creating AISystem for world Character_Build
[2018.02.09-20.06.04:769][250]Cmd: MAP LOAD FILE="../../../../../Users/zkolman/GLUE4/GLUE4/Gate_Logic_Redux/Content/Maps/HeroBuild.umap" TEMPLATE=0 SHOWPROGRESS=1 FEATURELEVEL=3
[2018.02.09-20.06.04:769][250]LightingResults: New page: Lighting Build
[2018.02.09-20.06.04:770][250]LoadErrors: New page: Loading map: HeroBuild.umap
[2018.02.09-20.06.04:770][250]MapCheck: New page: Map Check
[2018.02.09-20.06.04:770][250]LightingResults: New page: Lighting Build
[2018.02.09-20.06.04:811][250]LogAIModule: Creating AISystem for world HeroBuild
[2018.02.09-20.06.04:815][250]LogEditorServer: Finished looking for orphan Actors (0.000 secs)
[2018.02.09-20.06.04:859][250]Cmd: MAP CHECKDEP NOCLEARLOG
[2018.02.09-20.06.04:926][250]MapCheck: Map check complete: 0 Error(s), 0 Warning(s), took 66.823ms to complete.
[2018.02.09-20.06.04:927][250]LogFileHelpers: Loading map 'HeroBuild' took 0.160
[2018.02.09-20.06.04:938][250]LoadErrors: Error: /Game/Maps/HeroBuild : Failed import for MapBuildDataRegistry /Game/Maps/HeroBuild_BuiltData.HeroBuild_BuiltData Referenced by export Level /Game/Maps/HeroBuild.HeroBuild:PersistentLevel
[2018.02.09-20.06.05:682][279]LogTemp: Repeating last play command: Selected Viewport
[2018.02.09-20.06.05:702][279]LogPlayLevel: PlayLevel: No blueprints needed recompiling
[2018.02.09-20.06.05:702][279]PIE: New page: PIE session: HeroBuild (Feb 9, 2018, 8:06:05 AM)
[2018.02.09-20.06.05:702][279]LogPlayLevel: Creating play world package: /Game/Maps/UEDPIE_0_HeroBuild
[2018.02.09-20.06.05:709][279]LogPlayLevel: PIE: StaticDuplicateObject took: (0.006463s)
[2018.02.09-20.06.05:709][279]LogAIModule: Creating AISystem for world HeroBuild
[2018.02.09-20.06.05:710][279]LogPlayLevel: PIE: World Init took: (0.001041s)
[2018.02.09-20.06.05:710][279]LogPlayLevel: PIE: Created PIE world by copying editor world from /Game/Maps/HeroBuild.HeroBuild to /Game/Maps/UEDPIE_0_HeroBuild.HeroBuild (0.007834s)
[2018.02.09-20.06.05:735][279]LogInit: XAudio2 using 'Speakers (2- High Definition Audio Device)' : 2 channels at 44.1 kHz using 16 bits per sample (channel mask 0x3)
[2018.02.09-20.06.05:742][279]LogInit: FAudioDevice initialized.
[2018.02.09-20.06.05:776][279]LogLoad: Game class is 'GLMode_C'
[2018.02.09-20.06.05:778][279]LogWorld: Bringing World /Game/Maps/UEDPIE_0_HeroBuild.HeroBuild up for play (max tick rate 0) at 2018.02.09-14.06.05
[2018.02.09-20.06.05:778][279]LogWorld: Bringing up level for play took: 0.000789
[2018.02.09-20.06.05:780][279]PIE: Play in editor start time for /Game/Maps/UEDPIE_0_HeroBuild 0.603
[2018.02.09-20.06.08:900][467]Cmd: OBJ SAVEPACKAGE PACKAGE="/Game/Maps/HeroBuild" FILE="../../../../../Users/zkolman/GLUE4/GLUE4/Gate_Logic_Redux/Content/Maps/HeroBuild.umap" SILENT=true AUTOSAVING=false KEEPDIRTY=false
[2018.02.09-20.06.08:951][467]LogSavePackage: Save=28.70ms
[2018.02.09-20.06.08:951][467]LogSavePackage: Moving '../../../../../Users/zkolman/GLUE4/GLUE4/Gate_Logic_Redux/Saved/HeroBuild2F66320B4F756ADF8AA1D18D6D615D7B.tmp' to '../../../../../Users/zkolman/GLUE4/GLUE4/Gate_Logic_Redux/Content/Maps/HeroBuild.umap'
[2018.02.09-20.06.08:953][467]LogSavePackage: Display: Finished SavePackage ../../../../../Users/zkolman/GLUE4/GLUE4/Gate_Logic_Redux/Content/Maps/HeroBuild.umap
[2018.02.09-20.06.31:882][191]SourceControl: Error: Failed to enable Git source control. You need to install Git and specify a valid path to git executable.
[2018.02.09-20.06.42:202][716]SourceControl: Error: Failed to enable Git source control. You need to install Git and specify a valid path to git executable.
[2018.02.09-20.07.05:676][373]SourceControl: Error: Failed to enable Git source control. You need to install Git and specify a valid path to git executable.
[2018.02.09-20.07.08:871][535]SourceControl: Source control is disabled
[2018.02.09-20.07.15:537][883]LogWindowsTextInputMethodSystem: Display: IME system now deactivated.
[2018.02.09-20.07.15:697][884]Cmd: QUIT_EDITOR
[2018.02.09-20.07.16:282][884]LogExit: Preparing to exit.
[2018.02.09-20.07.17:230][884]LogDirectoryWatcher: A directory notification for 'C:/Users/zkolman/GLUE4/GLUE4/Gate_Logic_Redux/Content/' was aborted.
[2018.02.09-20.07.17:263][884]LogExit: Editor shut down
[2018.02.09-20.07.17:272][884]LogExit: Transaction tracking system shut down
[2018.02.09-20.07.17:448][884]LogDirectoryWatcher: A directory notification for '../../../Engine/Content/' was aborted.
[2018.02.09-20.07.17:448][884]LogDirectoryWatcher: A directory notification for '../../../../../Users/zkolman/GLUE4/GLUE4/Gate_Logic_Redux/Content/' was aborted.
[2018.02.09-20.07.17:448][884]LogDirectoryWatcher: A directory notification for '../../../Engine/Plugins/2D/Paper2D/Content/' was aborted.
[2018.02.09-20.07.17:448][884]LogDirectoryWatcher: A directory notification for '../../../Engine/Plugins/Media/MediaCompositing/Content/' was aborted.
[2018.02.09-20.07.17:448][884]LogDirectoryWatcher: A directory notification for '../../../Engine/Plugins/Runtime/AppleARKit/Content/' was aborted.
[2018.02.09-20.07.17:448][884]LogDirectoryWatcher: A directory notification for '../../../Engine/Plugins/Runtime/Oculus/OculusVR/Content/' was aborted.
[2018.02.09-20.07.17:448][884]LogDirectoryWatcher: A directory notification for '../../../Engine/Plugins/Runtime/Steam/SteamVR/Content/' was aborted.
[2018.02.09-20.07.17:536][884]LogExit: Object subsystem successfully closed.
[2018.02.09-20.07.17:559][884]LogD3D11RHI: Shutdown
[2018.02.09-20.07.17:559][884]LogD3D11RHI: CleanupD3DDevice
[2018.02.09-20.07.17:561][884]LogD3D11RHI: ~FD3D11DynamicRHI
[2018.02.09-20.07.17:579][884]LogModuleManager: Shutting down and abandoning module MovieSceneCapture (556)
[2018.02.09-20.07.17:579][884]LogModuleManager: Shutting down and abandoning module BlueprintGraph (554)
[2018.02.09-20.07.17:579][884]LogModuleManager: Shutting down and abandoning module HierarchicalLODOutliner (552)
[2018.02.09-20.07.17:579][884]LogModuleManager: Shutting down and abandoning module ExternalImagePicker (550)
[2018.02.09-20.07.17:579][884]LogModuleManager: Shutting down and abandoning module SceneOutliner (548)
[2018.02.09-20.07.17:579][884]LogModuleManager: Shutting down and abandoning module AddContentDialog (546)
[2018.02.09-20.07.17:579][884]LogDirectoryWatcher: A directory notification for 'C:/Epic Games/UE_4.18/FeaturePacks/' was aborted.
[2018.02.09-20.07.17:581][884]LogModuleManager: Shutting down and abandoning module WidgetCarousel (545)
[2018.02.09-20.07.17:581][884]LogModuleManager: Shutting down and abandoning module EditorWidgets (542)
[2018.02.09-20.07.17:581][884]LogModuleManager: Shutting down and abandoning module CollectionManager (540)
[2018.02.09-20.07.17:581][884]LogDirectoryWatcher: A directory notification for 'C:/Users/zkolman/GLUE4/GLUE4/Gate_Logic_Redux/Content/Collections/' was aborted.
[2018.02.09-20.07.17:581][884]LogDirectoryWatcher: A directory notification for 'C:/Users/zkolman/GLUE4/GLUE4/Gate_Logic_Redux/Content/Developers/zkolman/Collections/' was aborted.
[2018.02.09-20.07.17:581][884]LogDirectoryWatcher: A directory notification for 'C:/Users/zkolman/GLUE4/GLUE4/Gate_Logic_Redux/Saved/Collections/' was aborted.
[2018.02.09-20.07.17:581][884]LogModuleManager: Shutting down and abandoning module HierarchicalLODUtilities (538)
[2018.02.09-20.07.17:581][884]LogModuleManager: Shutting down and abandoning module StatsViewer (536)
[2018.02.09-20.07.17:581][884]LogModuleManager: Shutting down and abandoning module FoliageEdit (534)
[2018.02.09-20.07.17:581][884]LogModuleManager: Shutting down and abandoning module LandscapeEditor (532)
[2018.02.09-20.07.17:581][884]LogModuleManager: Shutting down and abandoning module MeshPaintMode (530)
[2018.02.09-20.07.17:581][884]LogModuleManager: Shutting down and abandoning module SceneDepthPickerMode (528)
[2018.02.09-20.07.17:581][884]LogModuleManager: Shutting down and abandoning module ActorPickerMode (526)
[2018.02.09-20.07.17:581][884]LogModuleManager: Shutting down and abandoning module GeometryMode (524)
[2018.02.09-20.07.17:581][884]LogModuleManager: Shutting down and abandoning module TextureAlignMode (522)
[2018.02.09-20.07.17:581][884]LogModuleManager: Shutting down and abandoning module BspMode (520)
[2018.02.09-20.07.17:581][884]LogModuleManager: Shutting down and abandoning module PIEPreviewDeviceProfileSelector (518)
[2018.02.09-20.07.17:581][884]LogModuleManager: Shutting down and abandoning module HardwareSurvey (516)
[2018.02.09-20.07.17:581][884]LogModuleManager: Shutting down and abandoning module SequenceRecorderSections (514)
[2018.02.09-20.07.17:582][884]LogModuleManager: Shutting down and abandoning module AutomationWorker (512)
[2018.02.09-20.07.17:582][884]LogModuleManager: Shutting down and abandoning module MatineeToLevelSequence (510)
[2018.02.09-20.07.17:582][884]LogModuleManager: Shutting down and abandoning module LevelSequenceEditor (508)
[2018.02.09-20.07.17:582][884]LogModuleManager: Shutting down and abandoning module PlacementMode (507)
[2018.02.09-20.07.17:582][884]LogModuleManager: Shutting down and abandoning module WmfMediaFactory (504)
[2018.02.09-20.07.17:582][884]LogModuleManager: Shutting down and abandoning module WmfMediaEditor (502)
[2018.02.09-20.07.17:582][884]LogModuleManager: Shutting down and abandoning module OpenExrWrapper (500)
[2018.02.09-20.07.17:582][884]LogModuleManager: Shutting down and abandoning module ImgMediaFactory (498)
[2018.02.09-20.07.17:582][884]LogModuleManager: Shutting down and abandoning module ImgMediaEditor (496)
[2018.02.09-20.07.17:582][884]LogModuleManager: Shutting down and abandoning module AvfMediaFactory (494)
[2018.02.09-20.07.17:582][884]LogModuleManager: Shutting down and abandoning module AvfMediaEditor (492)
[2018.02.09-20.07.17:582][884]LogModuleManager: Shutting down and abandoning module AndroidMediaFactory (490)
[2018.02.09-20.07.17:582][884]LogModuleManager: Shutting down and abandoning module AndroidMediaEditor (488)
[2018.02.09-20.07.17:582][884]LogModuleManager: Shutting down and abandoning module CharacterAI (486)
[2018.02.09-20.07.17:582][884]LogModuleManager: Shutting down and abandoning module AudioCapture (484)
[2018.02.09-20.07.17:582][884]LogModuleManager: Shutting down and abandoning module SequenceRecorder (483)
[2018.02.09-20.07.17:582][884]LogModuleManager: Shutting down and abandoning module SmartSnapping (480)
[2018.02.09-20.07.17:582][884]LogModuleManager: Shutting down and abandoning module SessionServices (478)
[2018.02.09-20.07.17:582][884]LogModuleManager: Shutting down and abandoning module ViewportSnapping (476)
[2018.02.09-20.07.17:582][884]LogModuleManager: Shutting down and abandoning module ViewportInteraction (474)
[2018.02.09-20.07.17:582][884]LogModuleManager: Shutting down and abandoning module ClothPainter (472)
[2018.02.09-20.07.17:582][884]LogModuleManager: Shutting down and abandoning module SkeletalMeshEditor (471)
[2018.02.09-20.07.17:582][884]LogModuleManager: Shutting down and abandoning module LogVisualizer (468)
[2018.02.09-20.07.17:582][884]LogModuleManager: Shutting down and abandoning module IntroTutorials (466)
[2018.02.09-20.07.17:582][884]LogModuleManager: Shutting down and abandoning module GameProjectGeneration (465)
[2018.02.09-20.07.17:582][884]LogModuleManager: Shutting down and abandoning module IOSPlatformEditor (462)
[2018.02.09-20.07.17:582][884]LogModuleManager: Shutting down and abandoning module HTML5PlatformEditor (460)
[2018.02.09-20.07.17:582][884]LogModuleManager: Shutting down and abandoning module AndroidPlatformEditor (458)
[2018.02.09-20.07.17:582][884]LogModuleManager: Shutting down and abandoning module AndroidDeviceDetection (457)
[2018.02.09-20.07.17:684][884]LogModuleManager: Shutting down and abandoning module WindowsPlatformEditor (454)
[2018.02.09-20.07.17:684][884]LogModuleManager: Shutting down and abandoning module IOSRuntimeSettings (452)
[2018.02.09-20.07.17:684][884]LogModuleManager: Shutting down and abandoning module AndroidRuntimeSettings (450)
[2018.02.09-20.07.17:684][884]LogModuleManager: Shutting down and abandoning module InputBindingEditor (448)
[2018.02.09-20.07.17:684][884]LogModuleManager: Shutting down and abandoning module MergeActors (446)
[2018.02.09-20.07.17:684][884]LogModuleManager: Shutting down and abandoning module SizeMap (444)
[2018.02.09-20.07.17:684][884]LogModuleManager: Shutting down and abandoning module TreeMap (442)
[2018.02.09-20.07.17:684][884]LogModuleManager: Shutting down and abandoning module ReferenceViewer (440)
[2018.02.09-20.07.17:684][884]LogModuleManager: Shutting down and abandoning module LocalizationDashboard (438)
[2018.02.09-20.07.17:684][884]LogModuleManager: Shutting down and abandoning module LocalizationService (437)
[2018.02.09-20.07.17:685][884]LogModuleManager: Shutting down and abandoning module HardwareTargeting (434)
[2018.02.09-20.07.17:685][884]LogModuleManager: Shutting down and abandoning module DeviceProfileEditor (432)
[2018.02.09-20.07.17:685][884]LogModuleManager: Shutting down and abandoning module UndoHistory (430)
[2018.02.09-20.07.17:685][884]LogModuleManager: Shutting down and abandoning module XmlParser (428)
[2018.02.09-20.07.17:685][884]LogModuleManager: Shutting down and abandoning module Blutility (426)
[2018.02.09-20.07.17:685][884]LogModuleManager: Shutting down and abandoning module ProjectSettingsViewer (424)
[2018.02.09-20.07.17:685][884]LogModuleManager: Shutting down and abandoning module ProjectTargetPlatformEditor (423)
[2018.02.09-20.07.17:685][884]LogModuleManager: Shutting down and abandoning module EditorSettingsViewer (420)
[2018.02.09-20.07.17:685][884]LogModuleManager: Shutting down and abandoning module SettingsEditor (418)
[2018.02.09-20.07.17:685][884]LogModuleManager: Shutting down and abandoning module ProjectLauncher (416)
[2018.02.09-20.07.17:685][884]LogModuleManager: Shutting down and abandoning module SessionFrontend (414)
[2018.02.09-20.07.17:685][884]LogModuleManager: Shutting down and abandoning module ProfilerClient (412)
[2018.02.09-20.07.17:685][884]LogModuleManager: Shutting down and abandoning module DeviceManager (410)
[2018.02.09-20.07.17:685][884]LogModuleManager: Shutting down and abandoning module TargetDeviceServices (409)
[2018.02.09-20.07.17:751][884]LogModuleManager: Shutting down and abandoning module AutomationController (406)
[2018.02.09-20.07.17:751][884]LogModuleManager: Shutting down and abandoning module AutomationWindow (404)
[2018.02.09-20.07.17:751][884]LogModuleManager: Shutting down and abandoning module Layers (402)
[2018.02.09-20.07.17:751][884]LogModuleManager: Shutting down and abandoning module ComponentVisualizers (400)
[2018.02.09-20.07.17:751][884]LogModuleManager: Shutting down and abandoning module DetailCustomizations (398)
[2018.02.09-20.07.17:751][884]LogModuleManager: Shutting down and abandoning module PackagesDialog (396)
[2018.02.09-20.07.17:751][884]LogModuleManager: Shutting down and abandoning module Persona (394)
[2018.02.09-20.07.17:751][884]LogModuleManager: Shutting down and abandoning module AdvancedPreviewScene (393)
[2018.02.09-20.07.17:751][884]LogModuleManager: Shutting down and abandoning module AnimGraph (391)
[2018.02.09-20.07.17:751][884]LogModuleManager: Shutting down and abandoning module Kismet (388)
[2018.02.09-20.07.17:759][884]LogModuleManager: Shutting down and abandoning module ClassViewer (386)
[2018.02.09-20.07.17:759][884]LogModuleManager: Shutting down and abandoning module Toolbox (384)
[2018.02.09-20.07.17:759][884]LogModuleManager: Shutting down and abandoning module ModuleUI (382)
[2018.02.09-20.07.17:759][884]LogModuleManager: Shutting down and abandoning module MovieSceneTools (380)
[2018.02.09-20.07.17:759][884]LogModuleManager: Shutting down and abandoning module OutputLog (378)
[2018.02.09-20.07.17:759][884]LogModuleManager: Shutting down and abandoning module GammaUI (376)
[2018.02.09-20.07.17:759][884]LogModuleManager: Shutting down and abandoning module Documentation (374)
[2018.02.09-20.07.17:759][884]LogModuleManager: Shutting down and abandoning module MovieSceneTracks (372)
[2018.02.09-20.07.17:759][884]LogModuleManager: Shutting down and abandoning module MovieScene (370)
[2018.02.09-20.07.17:759][884]LogModuleManager: Shutting down and abandoning module StreamingPauseRendering (368)
[2018.02.09-20.07.17:759][884]LogModuleManager: Shutting down and abandoning module LauncherPlatform (366)
[2018.02.09-20.07.17:759][884]LogModuleManager: Shutting down and abandoning module AnalyticsET (364)
[2018.02.09-20.07.17:759][884]LogModuleManager: Shutting down and abandoning module PortalServices (362)
[2018.02.09-20.07.17:759][884]LogModuleManager: Shutting down and abandoning module PortalRpc (360)
[2018.02.09-20.07.17:759][884]LogModuleManager: Shutting down and abandoning module MessagingRpc (358)
[2018.02.09-20.07.17:759][884]LogModuleManager: Shutting down and abandoning module AIModule (356)
[2018.02.09-20.07.17:759][884]LogModuleManager: Shutting down and abandoning module GameplayDebugger (355)
[2018.02.09-20.07.17:759][884]LogModuleManager: Shutting down and abandoning module AITestSuite (353)
[2018.02.09-20.07.17:759][884]LogModuleManager: Shutting down and abandoning module DesktopPlatform (350)
[2018.02.09-20.07.17:759][884]LogModuleManager: Shutting down and abandoning module ProfilerService (348)
[2018.02.09-20.07.17:856][884]LogModuleManager: Shutting down and abandoning module TaskGraph (346)
[2018.02.09-20.07.17:856][884]LogModuleManager: Shutting down and abandoning module SteamVRController (344)
[2018.02.09-20.07.17:856][884]LogModuleManager: Shutting down and abandoning module ProceduralMeshComponentEditor (342)
[2018.02.09-20.07.17:856][884]LogModuleManager: Shutting down and abandoning module ProceduralMeshComponent (340)
[2018.02.09-20.07.17:856][884]LogModuleManager: Shutting down and abandoning module OculusInput (338)
[2018.02.09-20.07.17:856][884]LogModuleManager: Shutting down and abandoning module MobilePatchingUtils (336)
[2018.02.09-20.07.17:856][884]LogModuleManager: Shutting down and abandoning module CustomMeshComponent (334)
[2018.02.09-20.07.17:856][884]LogModuleManager: Shutting down and abandoning module CableComponent (332)
[2018.02.09-20.07.17:856][884]LogModuleManager: Shutting down and abandoning module ArchVisCharacter (330)
[2018.02.09-20.07.17:856][884]LogModuleManager: Shutting down and abandoning module AndroidPermission (328)
[2018.02.09-20.07.17:856][884]LogModuleManager: Shutting down and abandoning module ActorSequence (324)
[2018.02.09-20.07.17:856][884]LogModuleManager: Shutting down and abandoning module MediaPlayerEditor (322)
[2018.02.09-20.07.17:857][884]LogModuleManager: Shutting down and abandoning module MediaCompositingEditor (320)
[2018.02.09-20.07.17:857][884]LogModuleManager: Shutting down and abandoning module MediaCompositing (318)
[2018.02.09-20.07.17:857][884]LogModuleManager: Shutting down and abandoning module HTML5Networking (316)
[2018.02.09-20.07.17:857][884]LogModuleManager: Shutting down and abandoning module AlembicImporter (314)
[2018.02.09-20.07.17:857][884]LogModuleManager: Shutting down and abandoning module AlembicLibrary (313)
[2018.02.09-20.07.17:857][884]LogModuleManager: Shutting down and abandoning module GeometryCache (312)
[2018.02.09-20.07.17:857][884]LogModuleManager: Shutting down and abandoning module GeometryCacheEd (311)
[2018.02.09-20.07.17:857][884]LogModuleManager: Shutting down and abandoning module SpeedTreeImporter (306)
[2018.02.09-20.07.17:857][884]LogModuleManager: Shutting down and abandoning module PluginBrowser (304)
[2018.02.09-20.07.17:857][884]LogModuleManager: Shutting down and abandoning module MobileLauncherProfileWizard (302)
[2018.02.09-20.07.17:857][884]LogModuleManager: Shutting down and abandoning module VisualStudioSourceCodeAccess (300)
[2018.02.09-20.07.17:857][884]LogModuleManager: Shutting down and abandoning module VisualStudioCodeSourceCodeAccess (298)
[2018.02.09-20.07.17:857][884]LogModuleManager: Shutting down and abandoning module UObjectPlugin (296)
[2018.02.09-20.07.17:857][884]LogModuleManager: Shutting down and abandoning module SubversionSourceControl (294)
[2018.02.09-20.07.17:857][884]LogModuleManager: Shutting down and abandoning module PerforceSourceControl (292)
[2018.02.09-20.07.17:857][884]LogModuleManager: Shutting down and abandoning module GitSourceControl (290)
[2018.02.09-20.07.17:857][884]LogModuleManager: Shutting down and abandoning module SourceControl (289)
[2018.02.09-20.07.17:857][884]LogModuleManager: Shutting down and abandoning module LightPropagationVolumeEditor (286)
[2018.02.09-20.07.17:857][884]LogModuleManager: Shutting down and abandoning module PaperTiledImporter (284)
[2018.02.09-20.07.17:857][884]LogModuleManager: Shutting down and abandoning module PaperSpriteSheetImporter (282)
[2018.02.09-20.07.17:857][884]LogModuleManager: Shutting down and abandoning module Paper2DEditor (280)
[2018.02.09-20.07.17:857][884]LogModuleManager: Shutting down and abandoning module MeshPaint (279)
[2018.02.09-20.07.17:857][884]LogModuleManager: Shutting down and abandoning module LevelEditor (277)
[2018.02.09-20.07.17:858][884]LogModuleManager: Shutting down and abandoning module PixelInspectorModule (276)
[2018.02.09-20.07.17:858][884]LogModuleManager: Shutting down and abandoning module MainFrame (274)
[2018.02.09-20.07.17:858][884]LogModuleManager: Shutting down and abandoning module HotReload (273)
[2018.02.09-20.07.17:859][884]LogModuleManager: Shutting down and abandoning module RuntimePhysXCooking (268)
[2018.02.09-20.07.17:859][884]LogModuleManager: Shutting down and abandoning module PhysXVehiclesEditor (266)
[2018.02.09-20.07.17:859][884]LogModuleManager: Shutting down and abandoning module PhysXVehicles (264)
[2018.02.09-20.07.17:859][884]LogModuleManager: Shutting down and abandoning module OculusEditor (262)
[2018.02.09-20.07.17:859][884]LogModuleManager: Shutting down and abandoning module LocationServicesBPLibrary (260)
[2018.02.09-20.07.17:859][884]LogModuleManager: Shutting down and abandoning module ImmediatePhysicsEditor (258)
[2018.02.09-20.07.17:859][884]LogModuleManager: Shutting down and abandoning module ImmediatePhysics (256)
[2018.02.09-20.07.17:859][884]LogModuleManager: Shutting down and abandoning module UdpMessaging (254)
[2018.02.09-20.07.17:961][884]LogModuleManager: Shutting down and abandoning module TcpMessaging (252)
[2018.02.09-20.07.18:130][884]LogModuleManager: Shutting down and abandoning module GameplayTagsEditor (250)
[2018.02.09-20.07.18:130][884]LogModuleManager: Shutting down and abandoning module FacialAnimationEditor (248)
[2018.02.09-20.07.18:130][884]LogModuleManager: Shutting down and abandoning module FacialAnimation (246)
[2018.02.09-20.07.18:130][884]LogModuleManager: Shutting down and abandoning module AssetManagerEditor (244)
[2018.02.09-20.07.18:130][884]LogModuleManager: Shutting down and abandoning module GraphEditor (243)
[2018.02.09-20.07.18:130][884]LogModuleManager: Shutting down and abandoning module ContentBrowser (241)
[2018.02.09-20.07.18:131][884]LogModuleManager: Shutting down and abandoning module LightPropagationVolumeRuntime (238)
[2018.02.09-20.07.18:131][884]LogModuleManager: Shutting down and abandoning module Paper2D (236)
[2018.02.09-20.07.18:131][884]LogModuleManager: Shutting down and abandoning module WindowsMoviePlayer (234)
[2018.02.09-20.07.18:131][884]LogModuleManager: Shutting down and abandoning module WmfMedia (232)
[2018.02.09-20.07.18:132][884]LogModuleManager: Shutting down and abandoning module ImgMedia (230)
[2018.02.09-20.07.18:132][884]LogModuleManager: Shutting down and abandoning module PacketHandler (228)
[2018.02.09-20.07.18:132][884]LogModuleManager: Shutting down and abandoning module ClothingSystemEditor (226)
[2018.02.09-20.07.18:132][884]LogModuleManager: Shutting down and abandoning module ClothingSystemRuntime (224)
[2018.02.09-20.07.18:132][884]LogModuleManager: Shutting down and abandoning module MediaAssets (222)
[2018.02.09-20.07.18:132][884]LogModuleManager: Shutting down and abandoning module Media (221)
[2018.02.09-20.07.18:138][884]LogModuleManager: Shutting down and abandoning module Overlay (218)
[2018.02.09-20.07.18:138][884]LogModuleManager: Shutting down and abandoning module OverlayEditor (217)
[2018.02.09-20.07.18:138][884]LogModuleManager: Shutting down and abandoning module VREditor (214)
[2018.02.09-20.07.18:138][884]LogModuleManager: Shutting down and abandoning module StringTableEditor (212)
[2018.02.09-20.07.18:138][884]LogModuleManager: Shutting down and abandoning module GameplayTasksEditor (210)
[2018.02.09-20.07.18:138][884]LogModuleManager: Shutting down and abandoning module BehaviorTreeEditor (208)
[2018.02.09-20.07.18:138][884]LogModuleManager: Shutting down and abandoning module FunctionalTesting (206)
[2018.02.09-20.07.18:138][884]LogModuleManager: Shutting down and abandoning module CollisionAnalyzer (204)
[2018.02.09-20.07.18:138][884]LogModuleManager: Shutting down and abandoning module WorkspaceMenuStructure (203)
[2018.02.09-20.07.18:138][884]LogModuleManager: Shutting down and abandoning module UMG (200)
[2018.02.09-20.07.18:138][884]LogModuleManager: Shutting down and abandoning module UMGEditor (199)
[2018.02.09-20.07.18:138][884]LogModuleManager: Shutting down and abandoning module Sequencer (198)
[2018.02.09-20.07.18:138][884]LogModuleManager: Shutting down and abandoning module MessageLog (195)
[2018.02.09-20.07.18:138][884]LogModuleManager: Shutting down and abandoning module SlateReflector (190)
[2018.02.09-20.07.18:138][884]LogModuleManager: Shutting down and abandoning module Slate (188)
[2018.02.09-20.07.18:138][884]LogModuleManager: Shutting down and abandoning module EditorStyle (186)
[2018.02.09-20.07.18:141][884]LogModuleManager: Shutting down and abandoning module MRMesh (184)
[2018.02.09-20.07.18:141][884]LogModuleManager: Shutting down and abandoning module SourceCodeAccess (182)
[2018.02.09-20.07.18:141][884]LogModuleManager: Shutting down and abandoning module HeadMountedDisplay (180)
[2018.02.09-20.07.18:141][884]LogModuleManager: Shutting down and abandoning module XAudio2 (178)
[2018.02.09-20.07.18:141][884]LogModuleManager: Shutting down and abandoning module Networking (176)
[2018.02.09-20.07.18:141][884]LogModuleManager: Shutting down and abandoning module Core (172)
[2018.02.09-20.07.18:141][884]LogModuleManager: Shutting down and abandoning module LevelSequence (168)
[2018.02.09-20.07.18:141][884]LogModuleManager: Shutting down and abandoning module DirectoryWatcher (166)
[2018.02.09-20.07.18:142][884]LogModuleManager: Shutting down and abandoning module KismetCompiler (164)
[2018.02.09-20.07.18:142][884]LogModuleManager: Shutting down and abandoning module MeshUtilities (162)
[2018.02.09-20.07.18:142][884]LogModuleManager: Shutting down and abandoning module MeshMergeUtilities (161)
[2018.02.09-20.07.18:142][884]LogModuleManager: Shutting down and abandoning module MeshReductionInterface (160)
[2018.02.09-20.07.18:142][884]LogModuleManager: Shutting down and abandoning module SimplygonSwarm (159)
[2018.02.09-20.07.18:142][884]LogModuleManager: Shutting down and abandoning module SimplygonMeshReduction (157)
[2018.02.09-20.07.18:142][884]LogModuleManager: Shutting down and abandoning module QuadricMeshReduction (155)
[2018.02.09-20.07.18:143][884]LogModuleManager: Shutting down and abandoning module MaterialBaking (151)
[2018.02.09-20.07.18:143][884]LogModuleManager: Shutting down and abandoning module DerivedDataCache (148)
[2018.02.09-20.07.18:200][884]LogDerivedDataCache: Shutdown
[2018.02.09-20.07.18:200][884]LogModuleManager: Shutting down and abandoning module TargetPlatform (146)
[2018.02.09-20.07.18:200][884]LogModuleManager: Shutting down and abandoning module VulkanShaderFormat (145)
[2018.02.09-20.07.18:200][884]LogModuleManager: Shutting down and abandoning module ShaderFormatVectorVM (143)
[2018.02.09-20.07.18:200][884]LogModuleManager: Shutting down and abandoning module ShaderFormatOpenGL (141)
[2018.02.09-20.07.18:200][884]LogModuleManager: Shutting down and abandoning module ShaderFormatD3D (139)
[2018.02.09-20.07.18:200][884]LogModuleManager: Shutting down and abandoning module MetalShaderFormat (137)
[2018.02.09-20.07.18:200][884]LogModuleManager: Shutting down and abandoning module TextureFormatUncompressed (135)
[2018.02.09-20.07.18:200][884]LogModuleManager: Shutting down and abandoning module TextureFormatPVR (133)
[2018.02.09-20.07.18:200][884]LogModuleManager: Shutting down and abandoning module TextureFormatDXT (131)
[2018.02.09-20.07.18:200][884]LogModuleManager: Shutting down and abandoning module TextureFormatIntelISPCTexComp (129)
[2018.02.09-20.07.18:201][884]LogModuleManager: Shutting down and abandoning module TextureFormatASTC (127)
[2018.02.09-20.07.18:201][884]LogModuleManager: Shutting down and abandoning module ImageWrapper (126)
[2018.02.09-20.07.18:201][884]LogModuleManager: Shutting down and abandoning module TextureFormatAndroid (123)
[2018.02.09-20.07.18:201][884]LogModuleManager: Shutting down and abandoning module AudioFormatOpus (121)
[2018.02.09-20.07.18:201][884]LogModuleManager: Shutting down and abandoning module AudioFormatOgg (119)
[2018.02.09-20.07.18:201][884]LogModuleManager: Shutting down and abandoning module AudioFormatADPCM (117)
[2018.02.09-20.07.18:201][884]LogModuleManager: Shutting down and abandoning module LinuxTargetPlatform (115)
[2018.02.09-20.07.18:201][884]LogModuleManager: Shutting down and abandoning module LinuxServerTargetPlatform (113)
[2018.02.09-20.07.18:201][884]LogModuleManager: Shutting down and abandoning module LinuxNoEditorTargetPlatform (111)
[2018.02.09-20.07.18:201][884]LogModuleManager: Shutting down and abandoning module LinuxClientTargetPlatform (109)
[2018.02.09-20.07.18:201][884]LogModuleManager: Shutting down and abandoning module TVOSTargetPlatform (107)
[2018.02.09-20.07.18:201][884]LogModuleManager: Shutting down and abandoning module Messaging (105)
[2018.02.09-20.07.18:201][884]LogModuleManager: Shutting down and abandoning module IOSTargetPlatform (103)
[2018.02.09-20.07.18:201][884]LogModuleManager: Shutting down and abandoning module HTML5TargetPlatform (101)
[2018.02.09-20.07.18:201][884]LogModuleManager: Shutting down and abandoning module AndroidTargetPlatform (99)
[2018.02.09-20.07.18:201][884]LogModuleManager: Shutting down and abandoning module Android_PVRTCTargetPlatform (97)
[2018.02.09-20.07.18:201][884]LogModuleManager: Shutting down and abandoning module Android_MultiTargetPlatform (95)
[2018.02.09-20.07.18:201][884]LogModuleManager: Shutting down and abandoning module Android_ETC2TargetPlatform (93)
[2018.02.09-20.07.18:201][884]LogModuleManager: Shutting down and abandoning module Android_ETC1TargetPlatform (91)
[2018.02.09-20.07.18:201][884]LogModuleManager: Shutting down and abandoning module Android_DXTTargetPlatform (89)
[2018.02.09-20.07.18:201][884]LogModuleManager: Shutting down and abandoning module Android_ATCTargetPlatform (87)
[2018.02.09-20.07.18:201][884]LogModuleManager: Shutting down and abandoning module Android_ASTCTargetPlatform (85)
[2018.02.09-20.07.18:201][884]LogModuleManager: Shutting down and abandoning module WindowsTargetPlatform (83)
[2018.02.09-20.07.18:201][884]LogModuleManager: Shutting down and abandoning module WindowsServerTargetPlatform (81)
[2018.02.09-20.07.18:201][884]LogModuleManager: Shutting down and abandoning module WindowsNoEditorTargetPlatform (79)
[2018.02.09-20.07.18:201][884]LogModuleManager: Shutting down and abandoning module WindowsClientTargetPlatform (77)
[2018.02.09-20.07.18:201][884]LogModuleManager: Shutting down and abandoning module MacTargetPlatform (75)
[2018.02.09-20.07.18:201][884]LogModuleManager: Shutting down and abandoning module MacServerTargetPlatform (73)
[2018.02.09-20.07.18:201][884]LogModuleManager: Shutting down and abandoning module MacNoEditorTargetPlatform (71)
[2018.02.09-20.07.18:201][884]LogModuleManager: Shutting down and abandoning module MacClientTargetPlatform (69)
[2018.02.09-20.07.18:201][884]LogModuleManager: Shutting down and abandoning module AllDesktopTargetPlatform (67)
[2018.02.09-20.07.18:201][884]LogModuleManager: Shutting down and abandoning module InputCore (64)
[2018.02.09-20.07.18:201][884]LogModuleManager: Shutting down and abandoning module Settings (62)
[2018.02.09-20.07.18:201][884]LogModuleManager: Shutting down and abandoning module PhysXCooking (60)
[2018.02.09-20.07.18:201][884]LogModuleManager: Shutting down and abandoning module SteamVR (58)
[2018.02.09-20.07.18:201][884]LogModuleManager: Shutting down and abandoning module OculusHMD (56)
[2018.02.09-20.07.18:201][884]LogModuleManager: Shutting down and abandoning module ExampleDeviceProfileSelector (54)
[2018.02.09-20.07.18:201][884]LogModuleManager: Shutting down and abandoning module AppleARKit (52)
[2018.02.09-20.07.18:201][884]LogModuleManager: Shutting down and abandoning module AugmentedReality (51)
[2018.02.09-20.07.18:201][884]LogModuleManager: Shutting down and abandoning module OnlineBlueprintSupport (48)
[2018.02.09-20.07.18:201][884]LogModuleManager: Shutting down and abandoning module OnlineSubsystem (44)
[2018.02.09-20.07.18:201][884]LogModuleManager: Shutting down and abandoning module XMPP (43)
[2018.02.09-20.07.18:201][884]LogModuleManager: Shutting down and abandoning module HTTP (41)
[2018.02.09-20.07.18:201][884]LogHttp: Display: Http module shutting down, but needs to wait on 1 outstanding Http requests:
[2018.02.09-20.07.18:201][884]LogHttp: Display: 	verb=[POST] url=[https://datarouter.ol.epicgames.com/datarouter/api/v1/public/data?SessionID=%7B24623850-4B62-8AE0-27F5-DCB02E57A567%7D&AppID=UEEditor.Rocket.Release&AppVersion=4.18.3-3832480%2B%2B%2BUE4%2BRelease-4.18&UserID=791894854d0794b020b9668f740ef6ba%7C755f7370592a4f5da2847d8c01c6faeb%7C0bc56312-6b03-42e0-a75f-b3dd9b606a5f&AppEnvironment=datacollector-binary&UploadType=eteventstream] status=Processing
[2018.02.09-20.07.18:222][884]LogModuleManager: Shutting down and abandoning module SSL (40)
[2018.02.09-20.07.18:223][884]LogModuleManager: Shutting down and abandoning module AnimationModifiers (36)
[2018.02.09-20.07.18:223][884]LogModuleManager: Shutting down and abandoning module PropertyEditor (35)
[2018.02.09-20.07.18:223][884]LogModuleManager: Shutting down and abandoning module AudioEditor (32)
[2018.02.09-20.07.18:223][884]LogModuleManager: Shutting down and abandoning module TextureCompressor (30)
[2018.02.09-20.07.18:223][884]LogModuleManager: Shutting down and abandoning module ShaderCore (28)
[2018.02.09-20.07.18:223][884]LogModuleManager: Shutting down and abandoning module Landscape (26)
[2018.02.09-20.07.18:223][884]LogModuleManager: Shutting down and abandoning module SlateRHIRenderer (24)
[2018.02.09-20.07.18:225][884]LogModuleManager: Shutting down and abandoning module OpenGLDrv (22)
[2018.02.09-20.07.18:225][884]LogModuleManager: Shutting down and abandoning module D3D11RHI (20)
[2018.02.09-20.07.18:225][884]LogModuleManager: Shutting down and abandoning module AnimGraphRuntime (18)
[2018.02.09-20.07.18:225][884]LogModuleManager: Shutting down and abandoning module Renderer (16)
[2018.02.09-20.07.18:225][884]LogModuleManager: Shutting down and abandoning module Engine (14)
[2018.02.09-20.07.18:225][884]LogModuleManager: Shutting down and abandoning module CoreUObject (12)
[2018.02.09-20.07.18:225][884]LogModuleManager: Shutting down and abandoning module NetworkFile (10)
[2018.02.09-20.07.18:225][884]LogModuleManager: Shutting down and abandoning module CookedIterativeFile (8)
[2018.02.09-20.07.18:225][884]LogModuleManager: Shutting down and abandoning module StreamingFile (6)
[2018.02.09-20.07.18:225][884]LogModuleManager: Shutting down and abandoning module SandboxFile (4)
[2018.02.09-20.07.18:225][884]LogModuleManager: Shutting down and abandoning module PakFile (2)
[2018.02.09-20.07.18:229][884]LogExit: Exiting.
[2018.02.09-20.07.18:238][884]Log file closed, 02/09/18 14:07:18
