Log file open, 06/25/18 10:29:12
LogWindows: Failed to load 'aqProf.dll' (GetLastError=126)
LogWindows: File 'aqProf.dll' does not exist
LogWindows: Failed to load 'VSPerf140.dll' (GetLastError=126)
LogWindows: File 'VSPerf140.dll' does not exist
LogWindows: Failed to load 'VtuneApi.dll' (GetLastError=126)
LogWindows: File 'VtuneApi.dll' does not exist
LogWindows: Failed to load 'VtuneApi32e.dll' (GetLastError=126)
LogWindows: File 'VtuneApi32e.dll' does not exist
LogInit: Display: Running engine for game: Gate_Logic_Redux
LogPlatformFile: Not using cached read wrapper
LogInit: Display: RandInit(1107552129) SRandInit(1107552129).
LogInit: Read version file with build ID '3709383'
LogInit: Overriding engine version to CL 3832480, compatible CL 3709383
LogInit: Registered custom module enumerator with build ID '3709383'
LogTaskGraph: Started task graph with 5 named threads and 20 total threads with 3 sets of task threads.
LogStats: Stats thread started at 0.286656
LogD3D11RHI: Aftermath initialized
LogModuleManager: Display: Found up-to-date module file ../../../Engine/Plugins/Marketplace/DlgSystem/Binaries/Win64/UE4Editor-DlgSystem.dll (API version 3709383).
LogModuleManager: Display: Found up-to-date module file ../../../Engine/Plugins/Marketplace/DlgSystem/Binaries/Win64/UE4Editor-DlgSystemEditor.dll (API version 3709383).
LogModuleManager: Display: Found up-to-date module file ../../../Engine/Plugins/2D/Paper2D/Binaries/Win64/UE4Editor-Paper2D.dll (API version 3709383).
LogModuleManager: Display: Found up-to-date module file ../../../Engine/Plugins/2D/Paper2D/Binaries/Win64/UE4Editor-Paper2DEditor.dll (API version 3709383).
LogModuleManager: Display: Found up-to-date module file ../../../Engine/Plugins/2D/Paper2D/Binaries/Win64/UE4Editor-PaperSpriteSheetImporter.dll (API version 3709383).
LogModuleManager: Display: Found up-to-date module file ../../../Engine/Plugins/2D/Paper2D/Binaries/Win64/UE4Editor-PaperTiledImporter.dll (API version 3709383).
LogModuleManager: Display: Found up-to-date module file ../../../Engine/Plugins/2D/Paper2D/Binaries/Win64/UE4Editor-SmartSnapping.dll (API version 3709383).
LogModuleManager: Display: Found up-to-date module file ../../../Engine/Plugins/Blendables/LightPropagationVolume/Binaries/Win64/UE4Editor-LightPropagationVolumeRuntime.dll (API version 3709383).
LogModuleManager: Display: Found up-to-date module file ../../../Engine/Plugins/Blendables/LightPropagationVolume/Binaries/Win64/UE4Editor-LightPropagationVolumeEditor.dll (API version 3709383).
LogModuleManager: Display: Found up-to-date module file ../../../Engine/Plugins/Developer/GitSourceControl/Binaries/Win64/UE4Editor-GitSourceControl.dll (API version 3709383).
LogModuleManager: Display: Found up-to-date module file ../../../Engine/Plugins/Developer/PerforceSourceControl/Binaries/Win64/UE4Editor-PerforceSourceControl.dll (API version 3709383).
LogModuleManager: Display: Found up-to-date module file ../../../Engine/Plugins/Developer/SubversionSourceControl/Binaries/Win64/UE4Editor-SubversionSourceControl.dll (API version 3709383).
LogModuleManager: Display: Found up-to-date module file ../../../Engine/Plugins/Developer/UObjectPlugin/Binaries/Win64/UE4Editor-UObjectPlugin.dll (API version 3709383).
LogModuleManager: Display: Found up-to-date module file ../../../Engine/Plugins/Developer/VisualStudioCodeSourceCodeAccess/Binaries/Win64/UE4Editor-VisualStudioCodeSourceCodeAccess.dll (API version 3709383).
LogModuleManager: Display: Found up-to-date module file ../../../Engine/Plugins/Developer/VisualStudioSourceCodeAccess/Binaries/Win64/UE4Editor-VisualStudioSourceCodeAccess.dll (API version 3709383).
LogModuleManager: Display: Found up-to-date module file ../../../Engine/Plugins/Editor/AssetManagerEditor/Binaries/Win64/UE4Editor-AssetManagerEditor.dll (API version 3709383).
LogModuleManager: Display: Found up-to-date module file ../../../Engine/Plugins/Editor/AudioCapture/Binaries/Win64/UE4Editor-AudioCapture.dll (API version 3709383).
LogModuleManager: Display: Found up-to-date module file ../../../Engine/Plugins/Editor/FacialAnimation/Binaries/Win64/UE4Editor-FacialAnimation.dll (API version 3709383).
LogModuleManager: Display: Found up-to-date module file ../../../Engine/Plugins/Editor/FacialAnimation/Binaries/Win64/UE4Editor-FacialAnimationEditor.dll (API version 3709383).
LogModuleManager: Display: Found up-to-date module file ../../../Engine/Plugins/Editor/GameplayTagsEditor/Binaries/Win64/UE4Editor-GameplayTagsEditor.dll (API version 3709383).
LogModuleManager: Display: Found up-to-date module file ../../../Engine/Plugins/Editor/MobileLauncherProfileWizard/Binaries/Win64/UE4Editor-MobileLauncherProfileWizard.dll (API version 3709383).
LogModuleManager: Display: Found up-to-date module file ../../../Engine/Plugins/Editor/PluginBrowser/Binaries/Win64/UE4Editor-PluginBrowser.dll (API version 3709383).
LogModuleManager: Display: Found up-to-date module file ../../../Engine/Plugins/Editor/SpeedTreeImporter/Binaries/Win64/UE4Editor-SpeedTreeImporter.dll (API version 3709383).
LogModuleManager: Display: Found up-to-date module file ../../../Engine/Plugins/Experimental/AlembicImporter/Binaries/Win64/UE4Editor-AlembicImporter.dll (API version 3709383).
LogModuleManager: Display: Found up-to-date module file ../../../Engine/Plugins/Experimental/AlembicImporter/Binaries/Win64/UE4Editor-AlembicLibrary.dll (API version 3709383).
LogModuleManager: Display: Found up-to-date module file ../../../Engine/Plugins/Experimental/CharacterAI/Binaries/Win64/UE4Editor-CharacterAI.dll (API version 3709383).
LogModuleManager: Display: Found up-to-date module file ../../../Engine/Plugins/Experimental/HTML5Networking/Binaries/Win64/UE4Editor-HTML5Networking.dll (API version 3709383).
LogModuleManager: Display: Found up-to-date module file ../../../Engine/Plugins/Media/AndroidMedia/Binaries/Win64/UE4Editor-AndroidMediaEditor.dll (API version 3709383).
LogModuleManager: Display: Found up-to-date module file ../../../Engine/Plugins/Media/AndroidMedia/Binaries/Win64/UE4Editor-AndroidMediaFactory.dll (API version 3709383).
LogModuleManager: Display: Found up-to-date module file ../../../Engine/Plugins/Media/AvfMedia/Binaries/Win64/UE4Editor-AvfMediaEditor.dll (API version 3709383).
LogModuleManager: Display: Found up-to-date module file ../../../Engine/Plugins/Media/AvfMedia/Binaries/Win64/UE4Editor-AvfMediaFactory.dll (API version 3709383).
LogModuleManager: Display: Found up-to-date module file ../../../Engine/Plugins/Media/AvfMedia/Binaries/Win64/UE4Editor-AvfMediaFactory.dll (API version 3709383).
LogModuleManager: Display: Found up-to-date module file ../../../Engine/Plugins/Media/ImgMedia/Binaries/Win64/UE4Editor-ImgMedia.dll (API version 3709383).
LogModuleManager: Display: Found up-to-date module file ../../../Engine/Plugins/Media/ImgMedia/Binaries/Win64/UE4Editor-ImgMediaEditor.dll (API version 3709383).
LogModuleManager: Display: Found up-to-date module file ../../../Engine/Plugins/Media/ImgMedia/Binaries/Win64/UE4Editor-ImgMediaFactory.dll (API version 3709383).
LogModuleManager: Display: Found up-to-date module file ../../../Engine/Plugins/Media/ImgMedia/Binaries/Win64/UE4Editor-ImgMediaFactory.dll (API version 3709383).
LogModuleManager: Display: Found up-to-date module file ../../../Engine/Plugins/Media/ImgMedia/Binaries/Win64/UE4Editor-OpenExrWrapper.dll (API version 3709383).
LogModuleManager: Display: Found up-to-date module file ../../../Engine/Plugins/Media/MediaCompositing/Binaries/Win64/UE4Editor-MediaCompositing.dll (API version 3709383).
LogModuleManager: Display: Found up-to-date module file ../../../Engine/Plugins/Media/MediaCompositing/Binaries/Win64/UE4Editor-MediaCompositingEditor.dll (API version 3709383).
LogModuleManager: Display: Found up-to-date module file ../../../Engine/Plugins/Media/MediaPlayerEditor/Binaries/Win64/UE4Editor-MediaPlayerEditor.dll (API version 3709383).
LogModuleManager: Display: Found up-to-date module file ../../../Engine/Plugins/Media/WmfMedia/Binaries/Win64/UE4Editor-WmfMedia.dll (API version 3709383).
LogModuleManager: Display: Found up-to-date module file ../../../Engine/Plugins/Media/WmfMedia/Binaries/Win64/UE4Editor-WmfMediaEditor.dll (API version 3709383).
LogModuleManager: Display: Found up-to-date module file ../../../Engine/Plugins/Media/WmfMedia/Binaries/Win64/UE4Editor-WmfMediaFactory.dll (API version 3709383).
LogModuleManager: Display: Found up-to-date module file ../../../Engine/Plugins/Media/WmfMedia/Binaries/Win64/UE4Editor-WmfMediaFactory.dll (API version 3709383).
LogModuleManager: Display: Found up-to-date module file ../../../Engine/Plugins/Messaging/TcpMessaging/Binaries/Win64/UE4Editor-TcpMessaging.dll (API version 3709383).
LogModuleManager: Display: Found up-to-date module file ../../../Engine/Plugins/Messaging/UdpMessaging/Binaries/Win64/UE4Editor-UdpMessaging.dll (API version 3709383).
LogModuleManager: Display: Found up-to-date module file ../../../Engine/Plugins/MovieScene/ActorSequence/Binaries/Win64/UE4Editor-ActorSequence.dll (API version 3709383).
LogModuleManager: Display: Found up-to-date module file ../../../Engine/Plugins/MovieScene/LevelSequenceEditor/Binaries/Win64/UE4Editor-LevelSequenceEditor.dll (API version 3709383).
LogModuleManager: Display: Found up-to-date module file ../../../Engine/Plugins/MovieScene/MatineeToLevelSequence/Binaries/Win64/UE4Editor-MatineeToLevelSequence.dll (API version 3709383).
LogModuleManager: Display: Found up-to-date module file ../../../Engine/Plugins/Online/OnlineSubsystem/Binaries/Win64/UE4Editor-OnlineSubsystem.dll (API version 3709383).
LogModuleManager: Display: Found up-to-date module file ../../../Engine/Plugins/Runtime/AndroidPermission/Binaries/Win64/UE4Editor-AndroidPermission.dll (API version 3709383).
LogModuleManager: Display: Found up-to-date module file ../../../Engine/Plugins/Online/OnlineSubsystemNull/Binaries/Win64/UE4Editor-OnlineSubsystemNull.dll (API version 3709383).
LogModuleManager: Display: Found up-to-date module file ../../../Engine/Plugins/Online/OnlineSubsystemUtils/Binaries/Win64/UE4Editor-OnlineSubsystemUtils.dll (API version 3709383).
LogModuleManager: Display: Found up-to-date module file ../../../Engine/Plugins/Online/OnlineSubsystemUtils/Binaries/Win64/UE4Editor-OnlineBlueprintSupport.dll (API version 3709383).
LogModuleManager: Display: Found up-to-date module file ../../../Engine/Plugins/Runtime/AndroidDeviceProfileSelector/Binaries/Win64/UE4Editor-AndroidDeviceProfileSelector.dll (API version 3709383).
LogModuleManager: Display: Found up-to-date module file ../../../Engine/Plugins/Runtime/AppleARKit/Binaries/Win64/UE4Editor-AppleARKit.dll (API version 3709383).
LogModuleManager: Display: Found up-to-date module file ../../../Engine/Plugins/Runtime/ArchVisCharacter/Binaries/Win64/UE4Editor-ArchVisCharacter.dll (API version 3709383).
LogModuleManager: Display: Found up-to-date module file ../../../Engine/Plugins/Runtime/CableComponent/Binaries/Win64/UE4Editor-CableComponent.dll (API version 3709383).
LogModuleManager: Display: Found up-to-date module file ../../../Engine/Plugins/Runtime/CustomMeshComponent/Binaries/Win64/UE4Editor-CustomMeshComponent.dll (API version 3709383).
LogModuleManager: Display: Found up-to-date module file ../../../Engine/Plugins/Runtime/ExampleDeviceProfileSelector/Binaries/Win64/UE4Editor-ExampleDeviceProfileSelector.dll (API version 3709383).
LogModuleManager: Display: Found up-to-date module file ../../../Engine/Plugins/Runtime/ImmediatePhysics/Binaries/Win64/UE4Editor-ImmediatePhysics.dll (API version 3709383).
LogModuleManager: Display: Found up-to-date module file ../../../Engine/Plugins/Runtime/ImmediatePhysics/Binaries/Win64/UE4Editor-ImmediatePhysicsEditor.dll (API version 3709383).
LogModuleManager: Display: Found up-to-date module file ../../../Engine/Plugins/Runtime/LocationServicesBPLibrary/Binaries/Win64/UE4Editor-LocationServicesBPLibrary.dll (API version 3709383).
LogModuleManager: Display: Found up-to-date module file ../../../Engine/Plugins/Runtime/MobilePatchingUtils/Binaries/Win64/UE4Editor-MobilePatchingUtils.dll (API version 3709383).
LogModuleManager: Display: Found up-to-date module file ../../../Engine/Plugins/Runtime/Oculus/OculusVR/Binaries/Win64/UE4Editor-OculusHMD.dll (API version 3709383).
LogModuleManager: Display: Found up-to-date module file ../../../Engine/Plugins/Runtime/Oculus/OculusVR/Binaries/Win64/UE4Editor-OculusInput.dll (API version 3709383).
LogModuleManager: Display: Found up-to-date module file ../../../Engine/Plugins/Runtime/Oculus/OculusVR/Binaries/Win64/UE4Editor-OculusEditor.dll (API version 3709383).
LogModuleManager: Display: Found up-to-date module file ../../../Engine/Plugins/Runtime/PhysXVehicles/Binaries/Win64/UE4Editor-PhysXVehicles.dll (API version 3709383).
LogModuleManager: Display: Found up-to-date module file ../../../Engine/Plugins/Runtime/PhysXVehicles/Binaries/Win64/UE4Editor-PhysXVehiclesEditor.dll (API version 3709383).
LogModuleManager: Display: Found up-to-date module file ../../../Engine/Plugins/Runtime/ProceduralMeshComponent/Binaries/Win64/UE4Editor-ProceduralMeshComponent.dll (API version 3709383).
LogModuleManager: Display: Found up-to-date module file ../../../Engine/Plugins/Runtime/ProceduralMeshComponent/Binaries/Win64/UE4Editor-ProceduralMeshComponentEditor.dll (API version 3709383).
LogModuleManager: Display: Found up-to-date module file ../../../Engine/Plugins/Runtime/RuntimePhysXCooking/Binaries/Win64/UE4Editor-RuntimePhysXCooking.dll (API version 3709383).
LogModuleManager: Display: Found up-to-date module file ../../../Engine/Plugins/Runtime/Steam/SteamVR/Binaries/Win64/UE4Editor-SteamVR.dll (API version 3709383).
LogModuleManager: Display: Found up-to-date module file ../../../Engine/Plugins/Runtime/Steam/SteamVR/Binaries/Win64/UE4Editor-SteamVRController.dll (API version 3709383).
LogModuleManager: Display: Found up-to-date module file ../../../Engine/Plugins/Runtime/WindowsMoviePlayer/Binaries/Win64/UE4Editor-WindowsMoviePlayer.dll (API version 3709383).
LogPluginManager: Mounting plugin Paper2D
LogPluginManager: Mounting plugin LightPropagationVolume
LogPluginManager: Mounting plugin CodeLiteSourceCodeAccess
LogPluginManager: Mounting plugin GitSourceControl
LogPluginManager: Mounting plugin KDevelopSourceCodeAccess
LogPluginManager: Mounting plugin NullSourceCodeAccess
LogPluginManager: Mounting plugin PerforceSourceControl
LogPluginManager: Mounting plugin SubversionSourceControl
LogPluginManager: Mounting plugin UObjectPlugin
LogPluginManager: Mounting plugin VisualStudioCodeSourceCodeAccess
LogPluginManager: Mounting plugin VisualStudioSourceCodeAccess
LogPluginManager: Mounting plugin XCodeSourceCodeAccess
LogPluginManager: Mounting plugin AssetManagerEditor
LogPluginManager: Mounting plugin AudioCapture
LogPluginManager: Mounting plugin FacialAnimation
LogPluginManager: Mounting plugin GameplayTagsEditor
LogPluginManager: Mounting plugin MobileLauncherProfileWizard
LogPluginManager: Mounting plugin PluginBrowser
LogPluginManager: Mounting plugin SpeedTreeImporter
LogPluginManager: Mounting plugin AlembicImporter
LogPluginManager: Mounting plugin CharacterAI
LogPluginManager: Mounting plugin HTML5Networking
LogPluginManager: Mounting plugin DlgSystem
LogPluginManager: Mounting plugin AndroidMedia
LogPluginManager: Mounting plugin AvfMedia
LogPluginManager: Mounting plugin ImgMedia
LogPluginManager: Mounting plugin MediaCompositing
LogPluginManager: Mounting plugin MediaPlayerEditor
LogPluginManager: Mounting plugin WmfMedia
LogPluginManager: Mounting plugin TcpMessaging
LogPluginManager: Mounting plugin UdpMessaging
LogPluginManager: Mounting plugin ActorSequence
LogPluginManager: Mounting plugin LevelSequenceEditor
LogPluginManager: Mounting plugin MatineeToLevelSequence
LogPluginManager: Mounting plugin OnlineSubsystemGooglePlay
LogPluginManager: Mounting plugin OnlineSubsystemIOS
LogPluginManager: Mounting plugin OnlineSubsystem
LogPluginManager: Mounting plugin OnlineSubsystemNull
LogPluginManager: Mounting plugin OnlineSubsystemUtils
LogPluginManager: Mounting plugin AndroidDeviceProfileSelector
LogPluginManager: Mounting plugin AndroidMoviePlayer
LogPluginManager: Mounting plugin AndroidPermission
LogPluginManager: Mounting plugin AppleARKit
LogPluginManager: Mounting plugin AppleMoviePlayer
LogPluginManager: Mounting plugin ArchVisCharacter
LogPluginManager: Mounting plugin CableComponent
LogPluginManager: Mounting plugin CustomMeshComponent
LogPluginManager: Mounting plugin ExampleDeviceProfileSelector
LogPluginManager: Mounting plugin GoogleCloudMessaging
LogPluginManager: Mounting plugin ImmediatePhysics
LogPluginManager: Mounting plugin IOSDeviceProfileSelector
LogPluginManager: Mounting plugin LinuxDeviceProfileSelector
LogPluginManager: Mounting plugin LocationServicesBPLibrary
LogPluginManager: Mounting plugin MobilePatchingUtils
LogPluginManager: Mounting plugin OculusVR
LogPluginManager: Plugin shader directory ../../../Engine/Plugins/Runtime/Oculus/OculusVR/Shaders found
LogPluginManager: Mapping shader source directory ../../../Engine/Plugins/Runtime/Oculus/OculusVR/Shaders to virtual directory /Plugin/OculusVR
LogPluginManager: Mounting plugin PhysXVehicles
LogPluginManager: Mounting plugin ProceduralMeshComponent
LogPluginManager: Mounting plugin RuntimePhysXCooking
LogPluginManager: Mounting plugin SteamVR
LogPluginManager: Mounting plugin WindowsMoviePlayer
LogInit: Using libcurl 7.47.1
LogInit:  - built for x86_64-pc-win32
LogInit:  - supports SSL with OpenSSL/1.0.2g
LogInit:  - supports HTTP deflate (compression) using libz 1.2.8
LogInit:  - other features:
LogInit:      CURL_VERSION_SSL
LogInit:      CURL_VERSION_LIBZ
LogInit:      CURL_VERSION_IPV6
LogInit:      CURL_VERSION_ASYNCHDNS
LogInit:      CURL_VERSION_LARGEFILE
LogInit:      CURL_VERSION_IDN
LogInit:  CurlRequestOptions (configurable via config and command line):
LogInit:  - bVerifyPeer = false  - Libcurl will NOT verify peer certificate
LogInit:  - bUseHttpProxy = false  - Libcurl will NOT use HTTP proxy
LogInit:  - bDontReuseConnections = false  - Libcurl will reuse connections
LogInit:  - CertBundlePath = nullptr  - Libcurl will use whatever was configured at build time.
LogInit: Build: ++UE4+Release-4.18-CL-3832480
LogInit: Engine Version: 4.18.3-3832480+++UE4+Release-4.18
LogInit: Compatible Engine Version: 4.18.0-3709383+++UE4+Release-4.18
LogInit: Net CL: 3709383
LogDevObjectVersion: Number of dev versions registered: 16
LogDevObjectVersion:   Dev-Blueprints (B0D832E4-1F89-4F0D-ACCF-7EB736FD4AA2): 10
LogDevObjectVersion:   Dev-Build (E1C64328-A22C-4D53-A36C-8E866417BD8C): 0
LogDevObjectVersion:   Dev-Core (375EC13C-06E4-48FB-B500-84F0262A717E): 2
LogDevObjectVersion:   Dev-Editor (E4B068ED-F494-42E9-A231-DA0B2E46BB41): 20
LogDevObjectVersion:   Dev-Framework (CFFC743F-43B0-4480-9391-14DF171D2073): 30
LogDevObjectVersion:   Dev-Mobile (B02B49B5-BB20-44E9-A304-32B752E40360): 0
LogDevObjectVersion:   Dev-Networking (A4E4105C-59A1-49B5-A7C5-40C4547EDFEE): 0
LogDevObjectVersion:   Dev-Online (39C831C9-5AE6-47DC-9A44-9C173E1C8E7C): 0
LogDevObjectVersion:   Dev-Physics (78F01B33-EBEA-4F98-B9B4-84EACCB95AA2): 0
LogDevObjectVersion:   Dev-Platform (6631380F-2D4D-43E0-8009-CF276956A95A): 0
LogDevObjectVersion:   Dev-Rendering (12F88B9F-8875-4AFC-A67C-D90C383ABD29): 20
LogDevObjectVersion:   Dev-Sequencer (7B5AE74C-D270-4C10-A958-57980B212A5A): 4
LogDevObjectVersion:   Dev-VR (D7296918-1DD6-4BDD-9DE2-64A83CC13884): 0
LogDevObjectVersion:   Dev-LoadTimes (C2A15278-BFE7-4AFE-6C17-90FF531DF755): 1
LogDevObjectVersion:   Private-Geometry (6EACA3D4-40EC-4CC1-B786-8BED09428FC5): 1
LogDevObjectVersion:   Dev-AnimPhys (29E575DD-E0A3-4627-9D10-D276232CDCEA): 12
LogInit: Compiled (64-bit): Jan 12 2018 02:04:55
LogInit: Compiled with Visual C++: 19.00.24215.01
LogInit: Build Configuration: Development
LogInit: Branch Name: ++UE4+Release-4.18
LogInit: Command line:  
LogInit: Base directory: C:/UE_4.18/Engine/Binaries/Win64/
LogInit: Installed Engine Build: 1
LogInit: Presizing for max 8388607 objects, including 0 objects not considered by GC, pre-allocating 0 bytes for permanent pool.
LogInit: Object subsystem initialized
[2018.06.25-15.29.17:282][  0]LogInit: Selected Device Profile: [Windows]
[2018.06.25-15.29.17:282][  0]LogInit: Applying CVar settings loaded from the selected device profile: [Windows]
[2018.06.25-15.29.17:398][  0]LogInit: Computer: CDM-TS210WS01
[2018.06.25-15.29.17:398][  0]LogInit: User: dvan1
[2018.06.25-15.29.17:398][  0]LogInit: CPU Page size=4096, Cores=6
[2018.06.25-15.29.17:398][  0]LogInit: High frequency timer resolution =3.117495 MHz
[2018.06.25-15.29.17:409][  0]LogMemory: Memory total: Physical=16.0GB (16GB approx)
[2018.06.25-15.29.17:409][  0]LogMemory: Platform Memory Stats for Windows
[2018.06.25-15.29.17:409][  0]LogMemory: Process Physical Memory: 273.58 MB used, 273.58 MB peak
[2018.06.25-15.29.17:409][  0]LogMemory: Process Virtual Memory: 270.48 MB used, 270.48 MB peak
[2018.06.25-15.29.17:409][  0]LogMemory: Physical Memory: 8386.41 MB used,  7955.34 MB free, 16341.76 MB total
[2018.06.25-15.29.17:409][  0]LogMemory: Virtual Memory: 649.68 MB used,  7955.34 MB free, 134217728.00 MB total
[2018.06.25-15.29.18:505][  0]LogInit: Using OS detected language (en-US).
[2018.06.25-15.29.18:505][  0]LogInit: Using OS detected locale (en-US).
[2018.06.25-15.29.18:633][  0]LogTextLocalizationManager: No specific localization for 'en-US' exists, so the 'en' localization will be used.
[2018.06.25-15.29.19:274][  0]LogInit: Setting process to per monitor DPI aware
[2018.06.25-15.29.23:878][  0]LogD3D11RHI: D3D11 adapters:
[2018.06.25-15.29.23:898][  0]LogD3D11RHI:    0. 'NVIDIA GeForce GTX 660' (Feature Level 11_0)
[2018.06.25-15.29.23:898][  0]LogD3D11RHI:       1476/0/2560 MB DedicatedVideo/DedicatedSystem/SharedSystem, Outputs:2, VendorId:0x10de
[2018.06.25-15.29.23:900][  0]LogD3D11RHI:    1. 'Microsoft Basic Render Driver' (Feature Level 11_0)
[2018.06.25-15.29.23:900][  0]LogD3D11RHI:       0/0/8170 MB DedicatedVideo/DedicatedSystem/SharedSystem, Outputs:0, VendorId:0x1414
[2018.06.25-15.29.23:900][  0]LogD3D11RHI: Chosen D3D11 Adapter: 0
[2018.06.25-15.29.23:909][  0]LogD3D11RHI: Creating new Direct3DDevice
[2018.06.25-15.29.23:910][  0]LogD3D11RHI:     GPU DeviceId: 0x1185 (for the marketing name, search the web for "GPU Device Id")
[2018.06.25-15.29.23:910][  0]LogWindows: EnumDisplayDevices:
[2018.06.25-15.29.23:910][  0]LogWindows:    0. 'NVIDIA GeForce GTX 660' (P:1 D:1)
[2018.06.25-15.29.23:935][  0]LogWindows:    1. 'NVIDIA GeForce GTX 660' (P:0 D:1)
[2018.06.25-15.29.23:935][  0]LogWindows:    2. 'NVIDIA GeForce GTX 660' (P:0 D:0)
[2018.06.25-15.29.23:935][  0]LogWindows:    3. 'NVIDIA GeForce GTX 660' (P:0 D:0)
[2018.06.25-15.29.23:935][  0]LogWindows: DebugString: FoundDriverCount:4 
[2018.06.25-15.29.23:935][  0]LogD3D11RHI:     Adapter Name: NVIDIA GeForce GTX 660
[2018.06.25-15.29.23:935][  0]LogD3D11RHI:   Driver Version: 327.23 (internal:9.18.13.2723, unified:327.23)
[2018.06.25-15.29.23:935][  0]LogD3D11RHI:      Driver Date: 9-12-2013
[2018.06.25-15.29.23:935][  0]LogRHI: Texture pool is 1033 MB (70% of 1476 MB)
[2018.06.25-15.29.23:956][  0]LogD3D11RHI: NvAPI_D3D_GetCurrentSLIState failed: 0xfffffff7
[2018.06.25-15.29.23:957][  0]LogD3D11RHI: Async texture creation enabled
[2018.06.25-15.29.24:331][  0]LogD3D11RHI: GPU Timing Frequency: 1000.000000 (Debug: 2 1)
[2018.06.25-15.29.24:432][  0]LogWindowsTextInputMethodSystem: Display: IME system now deactivated.
[2018.06.25-15.29.28:037][  0]LogWindowsTextInputMethodSystem: Display: IME system now deactivated.
[2018.06.25-15.29.28:038][  0]LogWindowsTextInputMethodSystem: Display: IME system now deactivated.
[2018.06.25-15.29.28:056][  0]LogShaderCompilers: Guid format shader working directory is -11 characters bigger than the processId version (../../../../Users/zkolman/Web Xero/GLUE4/Gate_Logic_Redux/Intermediate/Shaders/WorkingDirectory/4828/).
[2018.06.25-15.29.28:056][  0]LogShaderCompilers: Cleaned the shader compiler working directory 'C:/Users/dvan1/AppData/Local/Temp/UnrealShaderWorkingDir/0AFBA56944EAA606A74A78B27E612C04/'.
[2018.06.25-15.29.28:058][  0]LogShaderCompilers: Display: Using Local Shader Compiler.
[2018.06.25-15.29.34:152][  0]LogTemp: Display: Loaded TP AllDesktopTargetPlatform
[2018.06.25-15.29.34:232][  0]LogTemp: Display: Loaded TP MacClientTargetPlatform
[2018.06.25-15.29.34:312][  0]LogTemp: Display: Loaded TP MacNoEditorTargetPlatform
[2018.06.25-15.29.34:390][  0]LogTemp: Display: Loaded TP MacServerTargetPlatform
[2018.06.25-15.29.34:522][  0]LogTemp: Display: Loaded TP MacTargetPlatform
[2018.06.25-15.29.34:628][  0]LogTemp: Display: Loaded TP WindowsClientTargetPlatform
[2018.06.25-15.29.34:731][  0]LogTemp: Display: Loaded TP WindowsNoEditorTargetPlatform
[2018.06.25-15.29.34:822][  0]LogTemp: Display: Loaded TP WindowsServerTargetPlatform
[2018.06.25-15.29.34:913][  0]LogTemp: Display: Loaded TP WindowsTargetPlatform
[2018.06.25-15.29.34:994][  0]LogTemp: Display: Loaded TP Android_ASTCTargetPlatform
[2018.06.25-15.29.35:073][  0]LogTemp: Display: Loaded TP Android_ATCTargetPlatform
[2018.06.25-15.29.35:165][  0]LogTemp: Display: Loaded TP Android_DXTTargetPlatform
[2018.06.25-15.29.35:248][  0]LogTemp: Display: Loaded TP Android_ETC1TargetPlatform
[2018.06.25-15.29.35:332][  0]LogTemp: Display: Loaded TP Android_ETC2TargetPlatform
[2018.06.25-15.29.35:517][  0]LogTemp: Display: Loaded TP Android_MultiTargetPlatform
[2018.06.25-15.29.35:517][  0]LogTemp: Display: Loaded TP Android_PVRTCTargetPlatform
[2018.06.25-15.29.35:617][  0]LogTemp: Display: Loaded TP AndroidTargetPlatform
[2018.06.25-15.29.35:698][  0]LogTemp: Display: Loaded TP HTML5TargetPlatform
[2018.06.25-15.29.35:906][  0]LogTemp: Display: Loaded TP IOSTargetPlatform
[2018.06.25-15.29.35:950][  0]LogTemp: Display: Loaded TP TVOSTargetPlatform
[2018.06.25-15.29.36:039][  0]LogTemp: Display: Loaded TP LinuxClientTargetPlatform
[2018.06.25-15.29.36:127][  0]LogTemp: Display: Loaded TP LinuxNoEditorTargetPlatform
[2018.06.25-15.29.36:210][  0]LogTemp: Display: Loaded TP LinuxServerTargetPlatform
[2018.06.25-15.29.36:303][  0]LogTemp: Display: Loaded TP LinuxTargetPlatform
[2018.06.25-15.29.36:303][  0]LogTargetPlatformManager: Display: Building Assets For Windows
[2018.06.25-15.29.37:758][  0]LogDerivedDataCache: Display: Max Cache Size: 512 MB
[2018.06.25-15.29.37:758][  0]LogDerivedDataCache: Display: Starting with empty Boot cache
[2018.06.25-15.29.37:758][  0]LogDerivedDataCache: FDerivedDataBackendGraph:  Pak pak cache file ../../../../Users/zkolman/Web Xero/GLUE4/Gate_Logic_Redux/DerivedDataCache/DDC.ddp not found, will not use a pak cache.
[2018.06.25-15.29.37:758][  0]LogDerivedDataCache: Unable to find inner node Pak for hierarchical cache Hierarchy.
[2018.06.25-15.29.37:758][  0]LogDerivedDataCache: FDerivedDataBackendGraph:  CompressedPak pak cache file ../../../../Users/zkolman/Web Xero/GLUE4/Gate_Logic_Redux/DerivedDataCache/Compressed.ddp not found, will not use a pak cache.
[2018.06.25-15.29.37:758][  0]LogDerivedDataCache: Unable to find inner node CompressedPak for hierarchical cache Hierarchy.
[2018.06.25-15.29.37:811][  0]LogDerivedDataCache: Display: Pak cache opened for reading ../../../Engine/DerivedDataCache/Compressed.ddp.
[2018.06.25-15.29.37:823][  0]LogDerivedDataCache: Using Local data cache path C:/Users/dvan1/AppData/Local/UnrealEngine/Common/DerivedDataCache: Writable
[2018.06.25-15.29.37:972][  0]LogMaterial: Verifying Global Shaders for PCD3D_SM5
[2018.06.25-15.29.38:069][  0]LogSlate: Using Freetype 2.6.0
[2018.06.25-15.29.38:150][  0]LogSlate: SlateFontCache - WITH_FREETYPE: 1, WITH_HARFBUZZ: 1
[2018.06.25-15.29.38:151][  0]LogSlate: SlateFontCache - WITH_FREETYPE: 1, WITH_HARFBUZZ: 1
[2018.06.25-15.29.46:633][  0]LogInit: Selected Device Profile: [Windows]
[2018.06.25-15.29.47:645][  0]LogMaterial: Missing cached shader map for material DefaultDeferredDecalMaterial, compiling. 
[2018.06.25-15.29.56:115][  0]LogMaterial: Missing cached shader map for material DefaultLightFunctionMaterial, compiling. 
[2018.06.25-15.29.56:884][  0]LogMaterial: Missing cached shader map for material DefaultPostProcessMaterial, compiling. 
[2018.06.25-15.29.57:436][  0]LogMaterial: Missing cached shader map for material WorldGridMaterial, compiling. Is special engine material.
[2018.06.25-15.30.26:865][  0]LogMaterial: Missing cached shader map for material MatineeCam_mat, compiling. 
[2018.06.25-15.30.27:708][  0]LogSimplygon: Simplygon DLL not present - disabling.
[2018.06.25-15.30.27:836][  0]LogMeshReduction: Using SimplygonSwarm for distributed automatic mesh merging
[2018.06.25-15.30.27:837][  0]LogMeshReduction: Using QuadricMeshReduction for automatic static mesh reduction
[2018.06.25-15.30.27:837][  0]LogMeshReduction: No automatic skeletal mesh reduction module available
[2018.06.25-15.30.27:837][  0]LogMeshReduction: No automatic mesh merging module available
[2018.06.25-15.30.27:837][  0]LogMeshMerging: No automatic mesh merging module available
[2018.06.25-15.30.28:649][  0]LogNetVersion: Gate_Logic_Redux , NetCL: 3709383, EngineNetVer: 2, GameNetVer: 0 (Checksum: 3265797865)
[2018.06.25-15.30.29:025][  0]LogMaterial: Missing cached shader map for material HelpActorMaterial, compiling. 
[2018.06.25-15.30.30:150][  0]LogMaterial: Missing cached shader map for material DefaultTextMaterialOpaque, compiling. 
[2018.06.25-15.30.30:996][  0]LogAssetRegistry: FAssetRegistry took 0.0455 seconds to start up
[2018.06.25-15.30.31:262][  0]LogMaterial: Missing cached shader map for material Xray, compiling. 
[2018.06.25-15.30.31:424][  0]LogMaterial: Missing cached shader map for material Main, compiling. 
[2018.06.25-15.30.32:646][  0]LogMaterial: Missing cached shader map for material TranslucentTransformGizmoMaterial, compiling. 
[2018.06.25-15.30.32:704][  0]LogMaterial: Missing cached shader map for material TransformGizmoMaterial, compiling. 
[2018.06.25-15.30.32:894][  0]LogMaterial: Missing cached shader map for material SnapGridMaterial, compiling. 
[2018.06.25-15.30.33:213][  0]LogMaterial: Missing cached shader map for material CineMat, compiling. 
[2018.06.25-15.30.33:613][  0]LogMaterial: Missing cached shader map for material M_SimpleOpaque, compiling. 
[2018.06.25-15.30.33:727][  0]LogMaterial: Missing cached shader map for material M_SimpleTranslucent, compiling. 
[2018.06.25-15.30.34:359][  0]LogMaterial: Missing cached shader map for material Widget3DPassThrough, compiling. 
[2018.06.25-15.30.34:414][  0]LogMaterial: Missing cached shader map for material Widget3DPassThrough, compiling. 
[2018.06.25-15.30.34:497][  0]LogMaterial: Missing cached shader map for material Widget3DPassThrough, compiling. 
[2018.06.25-15.30.34:559][  0]LogMaterial: Missing cached shader map for material Widget3DPassThrough, compiling. 
[2018.06.25-15.30.34:607][  0]LogMaterial: Missing cached shader map for material Widget3DPassThrough, compiling. 
[2018.06.25-15.30.34:672][  0]LogMaterial: Missing cached shader map for material Widget3DPassThrough, compiling. 
[2018.06.25-15.30.35:302][  0]LogMaterial: Missing cached shader map for material SkySphereMaterial, compiling. 
[2018.06.25-15.30.35:414][  0]LogMaterial: Missing cached shader map for material FloorPlaneMaterial, compiling. 
[2018.06.25-15.30.35:987][  0]LogMaterial: Missing cached shader map for material LandscapeGizmo_Mat, compiling. 
[2018.06.25-15.30.36:078][  0]LogMaterial: Missing cached shader map for material LandscapeGizmoHeight_Mat, compiling. 
[2018.06.25-15.30.36:247][  0]LogMaterial: Missing cached shader map for material SplineEditorMeshMat, compiling. 
[2018.06.25-15.30.36:422][  0]LogMaterial: Missing cached shader map for material ARKitCameraMaterial, compiling. 
[2018.06.25-15.30.36:570][  0]LogMaterial: Missing cached shader map for material GearVRControllerMaterial, compiling. 
[2018.06.25-15.30.36:949][  0]LogPackageLocalizationCache: Processed 8 localized package path(s) for 2 prioritized culture(s) in 0.171712 seconds
[2018.06.25-15.30.36:994][  0]LogUObjectArray: 35870 objects as part of root set at end of initial load.
[2018.06.25-15.30.36:994][  0]LogUObjectAllocator: 7363704 out of 0 bytes used by permanent object pool.
[2018.06.25-15.30.36:994][  0]LogUObjectArray: CloseDisregardForGC: 0/0 objects in disregard for GC pool
[2018.06.25-15.30.37:267][  0]LogInit: WinSock: version 1.1 (2.2), MaxSocks=32767, MaxUdp=65467
[2018.06.25-15.30.59:068][  0]LogMaterial: Missing cached shader map for material GridMaterial, compiling. 
[2018.06.25-15.30.59:085][  0]LogMaterial: Missing cached shader map for material VRTextMaterial, compiling. 
[2018.06.25-15.30.59:109][  0]LogMaterial: Missing cached shader map for material GridPostProcess, compiling. 
[2018.06.25-15.30.59:123][  0]LogMaterial: Missing cached shader map for material KeyDiskMaterial, compiling. 
[2018.06.25-15.30.59:202][  0]LogMaterial: Missing cached shader map for material M_ContentWindow, compiling. 
[2018.06.25-15.30.59:323][  0]LogMaterial: Missing cached shader map for material VivePreControllerMaterial, compiling. 
[2018.06.25-15.30.59:367][  0]LogMaterial: Missing cached shader map for material OculusControllerMaterial, compiling. 
[2018.06.25-15.30.59:562][  0]LogMaterial: Missing cached shader map for material GenericHMDMaterial, compiling. 
[2018.06.25-15.30.59:644][  0]LogMaterial: Missing cached shader map for material TeleportDirectionMaterial, compiling. 
[2018.06.25-15.31.00:072][  0]LogMaterial: Missing cached shader map for material LaserPointerMaterial, compiling. 
[2018.06.25-15.31.00:117][  0]LogMaterial: Missing cached shader map for material LaserPointerMaterial, compiling. 
[2018.06.25-15.31.00:188][  0]LogMaterial: Missing cached shader map for material FlattenHeightMat, compiling. 
[2018.06.25-15.31.00:219][  0]LogMaterial: Missing cached shader map for material ArrowMaterial, compiling. 
[2018.06.25-15.31.00:333][  0]LogMaterial: Missing cached shader map for material LineMaterial, compiling. 
[2018.06.25-15.31.00:392][  0]LogMaterial: Missing cached shader map for material VRTextMaterial, compiling. 
[2018.06.25-15.31.05:290][  0]LogMaterial: Missing cached shader map for material DefaultSpriteMaterial, compiling. 
[2018.06.25-15.31.05:362][  0]LogMaterial: Missing cached shader map for material DefaultSpriteMaterial, compiling. 
[2018.06.25-15.31.07:053][  0]LogDlgSystem: Verbose: Creating new DlgGuid = `B1C006F648F55A717194B699585CCBBB` for Dialogue = `/Script/DlgSystem.Default__DlgDialogue` because of new created Dialogue.
[2018.06.25-15.31.07:084][  0]LogDlgSystem: Verbose: Started DlgSystemModule
[2018.06.25-15.31.07:400][  0]LogTcpMessaging: Initializing TcpMessaging bridge
[2018.06.25-15.31.07:540][  0]LogUdpMessaging: Initializing bridge on interface 0.0.0.0:0 to multicast group 230.0.0.1:6666.
[2018.06.25-15.31.09:405][  0]LogMaterial: Missing cached shader map for material DefaultMaterial, compiling. 
[2018.06.25-15.31.11:875][  0]LogMaterial: Missing cached shader map for material BaseColor, compiling. 
[2018.06.25-15.31.11:917][  0]LogMaterial: Missing cached shader map for material CustomDepth, compiling. 
[2018.06.25-15.31.12:065][  0]LogMaterial: Uniform references updated for custom material expression Custom.
[2018.06.25-15.31.12:085][  0]LogMaterial: Missing cached shader map for material CustomStencil, compiling. 
[2018.06.25-15.31.12:136][  0]LogMaterial: Missing cached shader map for material FinalImage, compiling. 
[2018.06.25-15.31.12:160][  0]LogMaterial: Missing cached shader map for material LightingModel, compiling. 
[2018.06.25-15.31.12:186][  0]LogMaterial: Missing cached shader map for material MaterialAO, compiling. 
[2018.06.25-15.31.12:219][  0]LogMaterial: Missing cached shader map for material Metallic, compiling. 
[2018.06.25-15.31.12:255][  0]LogMaterial: Missing cached shader map for material Opacity, compiling. 
[2018.06.25-15.31.12:301][  0]LogMaterial: Missing cached shader map for material Roughness, compiling. 
[2018.06.25-15.31.12:337][  0]LogMaterial: Missing cached shader map for material SceneColor, compiling. 
[2018.06.25-15.31.12:372][  0]LogMaterial: Missing cached shader map for material SceneDepth, compiling. 
[2018.06.25-15.31.12:409][  0]LogMaterial: Missing cached shader map for material SeparateTranslucencyRGB, compiling. 
[2018.06.25-15.31.12:448][  0]LogMaterial: Missing cached shader map for material SeparateTranslucencyA, compiling. 
[2018.06.25-15.31.12:493][  0]LogMaterial: Missing cached shader map for material Specular, compiling. 
[2018.06.25-15.31.12:520][  0]LogMaterial: Missing cached shader map for material SubsurfaceColor, compiling. 
[2018.06.25-15.31.12:570][  0]LogMaterial: Missing cached shader map for material WorldNormal, compiling. 
[2018.06.25-15.31.12:638][  0]LogMaterial: Missing cached shader map for material AmbientOcclusion, compiling. 
[2018.06.25-15.31.12:720][  0]LogMaterial: Missing cached shader map for material CustomDepthWorldUnits, compiling. 
[2018.06.25-15.31.12:764][  0]LogMaterial: Missing cached shader map for material SceneDepthWorldUnits, compiling. 
[2018.06.25-15.31.12:802][  0]LogMaterial: Missing cached shader map for material PreTonemapHDRColor, compiling. 
[2018.06.25-15.31.12:833][  0]LogMaterial: Missing cached shader map for material PostTonemapHDRColor, compiling. 
[2018.06.25-15.31.15:066][  0]SourceControl: Source control is disabled
[2018.06.25-15.31.15:068][  0]SourceControl: Source control is disabled
[2018.06.25-15.31.15:317][  0]SourceControl: Source control is disabled
[2018.06.25-15.31.15:558][  0]SourceControl: Source control is disabled
[2018.06.25-15.31.18:110][  0]LogMaterial: Missing cached shader map for material DefaultMediaPlaneMaterial, compiling. 
[2018.06.25-15.31.19:320][  0]LogAndroidPermission: UAndroidPermissionCallbackProxy::GetInstance
[2018.06.25-15.31.20:246][  0]LogOcInput: OculusInput pre-init called
[2018.06.25-15.31.21:022][  0]LogDlgSystemEditor: Verbose: Started DlgSystemEditorModule
[2018.06.25-15.31.21:267][  0]LogDlgSystem: Verbose: Creating graph for Dialogue = `/DlgSystem/TestDialogue.TestDialogue`
[2018.06.25-15.31.21:338][  0]LogDlgSystem: Verbose: Creating new DlgGuid = `ED795A7840E1EA0833BBF592FC6E0585` for Dialogue = `/DlgSystem/TestDialogue.TestDialogue` because of new created Dialogue.
[2018.06.25-15.31.21:353][  0]LogDlgSystem: Refreshing data for Dialogue = `/DlgSystem/TestDialogue.TestDialogue`
[2018.06.25-15.31.21:357][  0]LogDlgSystemEditor: Verbose: UDlgManager::LoadAllDialoguesIntoMemory loaded 0 Dialogues into Memory
[2018.06.25-15.31.22:095][  0]LogMaterial: Missing cached shader map for material HighResScreenshot, compiling. 
[2018.06.25-15.31.22:157][  0]LogMaterial: Missing cached shader map for material HighResScreenshotMask, compiling. 
[2018.06.25-15.31.22:212][  0]LogMaterial: Missing cached shader map for material HighResScreenshotCaptureRegion, compiling. 
[2018.06.25-15.31.22:777][  0]LogEngine: Initializing Engine...
[2018.06.25-15.31.22:876][  0]LogHMD: Failed to initialize OpenVR with code 110
[2018.06.25-15.31.22:913][  0]LogMaterial: Missing cached shader map for material WireframeMaterial, compiling. Is special engine material.
[2018.06.25-15.31.23:408][  0]LogMaterial: Missing cached shader map for material LevelColorationLitMaterial, compiling. Is special engine material.
[2018.06.25-15.31.24:770][  0]LogMaterial: Missing cached shader map for material LevelColorationUnlitMaterial, compiling. Is special engine material.
[2018.06.25-15.31.25:383][  0]LogMaterial: Missing cached shader map for material MAT_LevelColorationLitLightmapUV, compiling. Is special engine material.
[2018.06.25-15.31.26:760][  0]LogMaterial: Missing cached shader map for material ShadedLevelColorationLitMaterial, compiling. Is special engine material.
[2018.06.25-15.31.28:123][  0]LogMaterial: Missing cached shader map for material ShadedLevelColorationUnlitMateri, compiling. Is special engine material.
[2018.06.25-15.31.28:547][  0]LogMaterial: Missing cached shader map for material VertexColorMaterial, compiling. 
[2018.06.25-15.31.28:758][  0]LogMaterial: Missing cached shader map for material VertexColorViewMode_ColorOnly, compiling. 
[2018.06.25-15.31.28:811][  0]LogMaterial: Missing cached shader map for material VertexColorViewMode_AlphaAsColor, compiling. 
[2018.06.25-15.31.28:881][  0]LogMaterial: Missing cached shader map for material VertexColorViewMode_RedOnly, compiling. 
[2018.06.25-15.31.28:938][  0]LogMaterial: Missing cached shader map for material VertexColorViewMode_GreenOnly, compiling. 
[2018.06.25-15.31.28:987][  0]LogMaterial: Missing cached shader map for material VertexColorViewMode_BlueOnly, compiling. 
[2018.06.25-15.31.29:042][  0]LogMaterial: Missing cached shader map for material RemoveSurfaceMaterial, compiling. 
[2018.06.25-15.31.29:084][  0]LogMaterial: Missing cached shader map for material DebugMeshMaterial, compiling. 
[2018.06.25-15.31.29:167][  0]LogMaterial: Missing cached shader map for material M_InvalidLightmapSettings, compiling. 
[2018.06.25-15.31.29:281][  0]LogMaterial: Missing cached shader map for material GizmoMaterial, compiling. 
[2018.06.25-15.31.29:359][  0]LogMaterial: Missing cached shader map for material PhAT_JointLimitMaterial, compiling. 
[2018.06.25-15.31.29:547][  0]LogMaterial: Missing cached shader map for material GeomMaterial, compiling. 
[2018.06.25-15.31.29:646][  0]LogMaterial: Missing cached shader map for material EditorBrushMaterial, compiling. 
[2018.06.25-15.31.29:793][  0]LogMaterial: Missing cached shader map for material BoneWeightMaterial, compiling. 
[2018.06.25-15.31.30:029][  0]LogMaterial: Missing cached shader map for material ClothMaterial, compiling. 
[2018.06.25-15.31.30:078][  0]LogMaterial: Missing cached shader map for material ClothMaterial_WF, compiling. 
[2018.06.25-15.31.30:144][  0]LogMaterial: Missing cached shader map for material DebugEditorMaterial, compiling. 
[2018.06.25-15.31.30:221][  0]LogMaterial: Missing cached shader map for material PreviewShadowIndicatorMaterial, compiling. 
[2018.06.25-15.31.30:993][  0]LogStats: UGameplayTagsManager::ConstructGameplayTagTree: Construct from data asset -  0.000 s
[2018.06.25-15.31.31:024][  0]LogStats: UGameplayTagsManager::ConstructGameplayTagTree: GameplayTagTreeChangedEvent.Broadcast -  0.000 s
[2018.06.25-15.31.32:370][  0]LogAIModule: Creating AISystem for world Untitled
[2018.06.25-15.31.32:809][  0]LogInit: XAudio2 using 'Speakers (Logitech USB Headset)' : 2 channels at 44.1 kHz using 16 bits per sample (channel mask 0x3)
[2018.06.25-15.31.32:870][  0]LogInit: FAudioDevice initialized.
[2018.06.25-15.31.33:283][  0]LogDerivedDataCache: Saved boot cache 0.40s 69MB C:/Users/dvan1/AppData/Local/UnrealEngine/4.18/DerivedDataCache/Boot.ddc.
[2018.06.25-15.31.33:394][  0]LogInit: Texture streaming: Enabled
[2018.06.25-15.31.33:985][  0]LogEngineSessionManager: EngineSessionManager initialized
[2018.06.25-15.31.35:576][  0]LogInit: Transaction tracking system initialized
[2018.06.25-15.31.39:067][  0]BlueprintLog: New page: Editor Load
[2018.06.25-15.31.46:708][  0]LocalizationService: Localization service is disabled
[2018.06.25-15.31.52:001][  0]LogConsoleResponse: Display: 
[2018.06.25-15.31.52:384][  0]LogMaterial: Missing cached shader map for material Cross_Mat, compiling. 
[2018.06.25-15.31.52:851][  0]LogMaterial: Missing cached shader map for material PhAT_BoneSelectedMaterial, compiling. 
[2018.06.25-15.31.52:914][  0]LogMaterial: Missing cached shader map for material PhAT_ElemSelectedMaterial, compiling. 
[2018.06.25-15.31.52:981][  0]LogMaterial: Missing cached shader map for material PhAT_NoCollisionMaterial, compiling. 
[2018.06.25-15.31.53:073][  0]LogMaterial: Missing cached shader map for material PhAT_UnselectedMaterial, compiling. 
[2018.06.25-15.31.53:185][  0]LogMaterial: Missing cached shader map for material Tick_Mat, compiling. 
[2018.06.25-15.31.53:301][  0]LogMaterial: Missing cached shader map for material WidgetGridVertexColorMaterial_Ma, compiling. 
[2018.06.25-15.31.53:356][  0]LogMaterial: Missing cached shader map for material WidgetMaterial, compiling. 
[2018.06.25-15.31.53:415][  0]LogMaterial: Missing cached shader map for material WidgetMaterial_Current, compiling. 
[2018.06.25-15.31.53:471][  0]LogMaterial: Missing cached shader map for material WidgetMaterial_X, compiling. 
[2018.06.25-15.31.53:526][  0]LogMaterial: Missing cached shader map for material WidgetMaterial_Y, compiling. 
[2018.06.25-15.31.53:596][  0]LogMaterial: Missing cached shader map for material WidgetMaterial_Z, compiling. 
[2018.06.25-15.31.53:669][  0]LogMaterial: Missing cached shader map for material WidgetVertexColorMaterial, compiling. 
[2018.06.25-15.31.54:009][  0]LogMaterial: Missing cached shader map for material LevelGridMaterial, compiling. 
[2018.06.25-15.31.54:345][  0]LogMaterial: Missing cached shader map for material BlinkingCaret, compiling. 
[2018.06.25-15.31.55:015][  0]LogMaterial: Missing cached shader map for material M_StreamingPause, compiling. 
[2018.06.25-15.31.55:306][  0]LogFileCache: Scanning file cache for directory 'C:/Users/zkolman/Web Xero/GLUE4/Gate_Logic_Redux/Content/' took 0.04s
[2018.06.25-15.31.55:306][  0]LogCook: Display: Max memory allowance for cook 16384mb min free memory 0mb
[2018.06.25-15.31.55:306][  0]LogCook: Display: Mobile HDR setting 1
[2018.06.25-15.31.55:329][  0]LogGameplayTags: Display: UGameplayTagsManager::DoneAddingNativeTags. DelegateIsBound: 0
[2018.06.25-15.32.03:077][  0]SourceControl: Source control is disabled
[2018.06.25-15.32.03:086][  0]Cmd: MAP LOAD FILE="../../../Engine/Content/Maps/Templates/Template_Default.umap" TEMPLATE=1 SHOWPROGRESS=1 FEATURELEVEL=3
[2018.06.25-15.32.03:311][  0]LightingResults: New page: Lighting Build
[2018.06.25-15.32.05:096][  0]MapCheck: New page: Map Check
[2018.06.25-15.32.05:096][  0]LightingResults: New page: Lighting Build
[2018.06.25-15.32.09:333][  0]LogLinker: Warning: The file '../../../Engine/Content/EditorBlueprintResources/StandardMacros.uasset' contains unrecognizable data, check that it is of the expected type.
[2018.06.25-15.32.09:334][  0]LogLinker: Warning: The file '../../../Engine/Content/EditorBlueprintResources/StandardMacros.uasset' contains unrecognizable data, check that it is of the expected type.
[2018.06.25-15.32.09:427][  0]LogLinker: Warning: The file '../../../Engine/Content/EditorBlueprintResources/StandardMacros.uasset' contains unrecognizable data, check that it is of the expected type.
[2018.06.25-15.32.09:427][  0]LogLinker: Warning: The file '../../../Engine/Content/EditorBlueprintResources/StandardMacros.uasset' contains unrecognizable data, check that it is of the expected type.
[2018.06.25-15.32.09:758][  0]LogLinker: Warning: The file '../../../Engine/Content/EditorBlueprintResources/StandardMacros.uasset' contains unrecognizable data, check that it is of the expected type.
[2018.06.25-15.32.09:758][  0]LogLinker: Warning: The file '../../../Engine/Content/EditorBlueprintResources/StandardMacros.uasset' contains unrecognizable data, check that it is of the expected type.
[2018.06.25-15.32.10:169][  0]LogLinker: Warning: The file '../../../Engine/Content/EditorBlueprintResources/StandardMacros.uasset' contains unrecognizable data, check that it is of the expected type.
[2018.06.25-15.32.10:169][  0]LogLinker: Warning: The file '../../../Engine/Content/EditorBlueprintResources/StandardMacros.uasset' contains unrecognizable data, check that it is of the expected type.
[2018.06.25-15.32.10:170][  0]LogLinker: Warning: The file '../../../Engine/Content/EditorBlueprintResources/StandardMacros.uasset' contains unrecognizable data, check that it is of the expected type.
[2018.06.25-15.32.10:171][  0]LogLinker: Warning: The file '../../../Engine/Content/EditorBlueprintResources/StandardMacros.uasset' contains unrecognizable data, check that it is of the expected type.
[2018.06.25-15.32.10:171][  0]LogLinker: Warning: The file '../../../Engine/Content/EditorBlueprintResources/StandardMacros.uasset' contains unrecognizable data, check that it is of the expected type.
[2018.06.25-15.32.10:172][  0]LogLinker: Warning: The file '../../../Engine/Content/EditorBlueprintResources/StandardMacros.uasset' contains unrecognizable data, check that it is of the expected type.
[2018.06.25-15.32.10:378][  0]LogLinker: Warning: The file '../../../Engine/Content/EditorBlueprintResources/StandardMacros.uasset' contains unrecognizable data, check that it is of the expected type.
[2018.06.25-15.32.10:379][  0]LogLinker: Warning: The file '../../../Engine/Content/EditorBlueprintResources/StandardMacros.uasset' contains unrecognizable data, check that it is of the expected type.
[2018.06.25-15.32.10:379][  0]LogLinker: Warning: The file '../../../Engine/Content/EditorBlueprintResources/StandardMacros.uasset' contains unrecognizable data, check that it is of the expected type.
[2018.06.25-15.32.10:380][  0]LogLinker: Warning: The file '../../../Engine/Content/EditorBlueprintResources/StandardMacros.uasset' contains unrecognizable data, check that it is of the expected type.
[2018.06.25-15.32.11:341][  0]LogBlueprint: Error: [Compiler BP_Sky_Sphere] In use pin  Input Object  no longer exists on node  Macro instance . Please refresh node or break links to remove pin.
[2018.06.25-15.32.11:341][  0]LogBlueprint: Error: [Compiler BP_Sky_Sphere] Macro node  Macro instance  is pointing at an invalid macro graph.
[2018.06.25-15.32.11:970][  0]LogBlueprint: Warning: [Compiler BP_Sky_Sphere] [0184.76] Compile of BP_Sky_Sphere failed. 2 Fatal Issue(s) 0 Warning(s) [in 1,437 ms] (/Engine/EngineSky/BP_Sky_Sphere.BP_Sky_Sphere)
[2018.06.25-15.32.12:561][  0]LogMaterial: Missing cached shader map for material M_Sky_Panning_Clouds2, compiling. 
[2018.06.25-15.32.13:228][  0]LogAIModule: Creating AISystem for world Untitled_1
[2018.06.25-15.32.16:439][  0]LogEditorServer: Finished looking for orphan Actors (0.000 secs)
[2018.06.25-15.32.17:683][  0]Cmd: MAP CHECKDEP NOCLEARLOG
[2018.06.25-15.32.17:793][  0]MapCheck: Map check complete: 0 Error(s), 0 Warning(s), took 109.422ms to complete.
[2018.06.25-15.32.17:793][  0]LogFileHelpers: Loading map 'Template_Default' took 14.707
[2018.06.25-15.32.22:582][  0]LogCollectionManager: Loaded 0 collections in 0.003849 seconds
[2018.06.25-15.32.23:647][  0]LogFileCache: Scanning file cache for directory 'C:/Users/zkolman/Web Xero/GLUE4/Gate_Logic_Redux/Saved/Collections/' took 0.01s
[2018.06.25-15.32.23:647][  0]LogFileCache: Scanning file cache for directory 'C:/Users/zkolman/Web Xero/GLUE4/Gate_Logic_Redux/Content/Developers/dvan1/Collections/' took 0.01s
[2018.06.25-15.32.23:647][  0]LogFileCache: Scanning file cache for directory 'C:/Users/zkolman/Web Xero/GLUE4/Gate_Logic_Redux/Content/Collections/' took 0.01s
[2018.06.25-15.32.23:647][  0]LogCollectionManager: Rebuilt the GUID cache for 0 collections in 0.000001 seconds
[2018.06.25-15.32.23:724][  0]LogContentBrowser: Native class hierarchy populated in 0.0388 seconds. Added 2407 classes and 533 folders.
[2018.06.25-15.32.24:200][  0]LogContentBrowser: Native class hierarchy updated for 'WidgetCarousel' in 0.0005 seconds. Added 0 classes and 0 folders.
[2018.06.25-15.32.27:796][  0]LogContentBrowser: Native class hierarchy updated for 'AddContentDialog' in 0.0005 seconds. Added 0 classes and 0 folders.
[2018.06.25-15.32.28:237][  0]LogContentBrowser: Native class hierarchy updated for 'SceneOutliner' in 0.0006 seconds. Added 1 classes and 2 folders.
[2018.06.25-15.32.29:807][  0]LogSlate: Took 0.016314 seconds to synchronously load lazily loaded font '../../../Engine/Content/Slate/Fonts/Roboto-Regular.ttf' (155K)
[2018.06.25-15.32.29:882][  0]LogSlate: Took 0.037715 seconds to synchronously load lazily loaded font '../../../Engine/Content/Slate/Fonts/Roboto-Bold.ttf' (160K)
[2018.06.25-15.32.30:080][  0]LogSlate: Took 0.013544 seconds to synchronously load lazily loaded font '../../../Engine/Content/Editor/Slate/Fonts/FontAwesome.ttf' (139K)
[2018.06.25-15.32.31:381][  0]LogMaterial: Missing cached shader map for material LevelGridMaterial2, compiling. 
[2018.06.25-15.32.31:648][  0]LogRenderer: Reallocating scene render targets to support 1208x576 Format 10 NumSamples 1 (Frame:1).
[2018.06.25-15.32.36:311][  0]LogSlate: Took 0.034181 seconds to synchronously load lazily loaded font '../../../Engine/Content/Slate/Fonts/Roboto-Light.ttf' (159K)
[2018.06.25-15.32.40:117][  0]LogContentBrowser: Native class hierarchy updated for 'HierarchicalLODOutliner' in 0.0005 seconds. Added 1 classes and 2 folders.
[2018.06.25-15.32.40:117][  0]LogLoad: (Engine Initialization) Total time: 212.91 seconds
[2018.06.25-15.32.40:117][  0]LogLoad: (Engine Initialization) Total Blueprint compile time: 0.00 seconds
[2018.06.25-15.32.40:243][  0]LogExternalProfiler: No external profilers were discovered.  External profiling features will not be available.
[2018.06.25-15.32.41:353][  0]LogContentStreaming: Texture pool size now 1000 MB
[2018.06.25-15.32.42:818][  2]LogSlate: Took 0.000259 seconds to synchronously load lazily loaded font '../../../Engine/Content/Slate/Fonts/Roboto-Light.ttf' (159K)
[2018.06.25-15.32.42:873][  3]LogCollectionManager: Rebuilt the object cache for 0 collections in 0.000001 seconds (found 0 objects)
[2018.06.25-15.32.43:303][  5]LogAssetRegistry: Asset discovery search completed in 132.3290 seconds
[2018.06.25-15.32.43:368][  5]LogCollectionManager: Fixed up redirectors for 0 collections in 0.000008 seconds (updated 0 objects)
[2018.06.25-15.32.56:463][654]LogWindowsTextInputMethodSystem: Display: IME system now deactivated.
[2018.06.25-15.32.57:333][655]Cmd: QUIT_EDITOR
[2018.06.25-15.32.58:678][655]LogExit: Preparing to exit.
[2018.06.25-15.33.00:841][655]LogDirectoryWatcher: A directory notification for 'C:/Users/zkolman/Web Xero/GLUE4/Gate_Logic_Redux/Content/' was aborted.
[2018.06.25-15.33.01:226][655]LogExit: Editor shut down
[2018.06.25-15.33.01:233][655]LogExit: Transaction tracking system shut down
[2018.06.25-15.33.02:299][655]LogDirectoryWatcher: A directory notification for '../../../Engine/Content/' was aborted.
[2018.06.25-15.33.02:299][655]LogDirectoryWatcher: A directory notification for '../../../../Users/zkolman/Web Xero/GLUE4/Gate_Logic_Redux/Content/' was aborted.
[2018.06.25-15.33.02:299][655]LogDirectoryWatcher: A directory notification for '../../../Engine/Plugins/2D/Paper2D/Content/' was aborted.
[2018.06.25-15.33.02:300][655]LogDirectoryWatcher: A directory notification for '../../../Engine/Plugins/Marketplace/DlgSystem/Content/' was aborted.
[2018.06.25-15.33.02:300][655]LogDirectoryWatcher: A directory notification for '../../../Engine/Plugins/Media/MediaCompositing/Content/' was aborted.
[2018.06.25-15.33.02:300][655]LogDirectoryWatcher: A directory notification for '../../../Engine/Plugins/Runtime/AppleARKit/Content/' was aborted.
[2018.06.25-15.33.02:300][655]LogDirectoryWatcher: A directory notification for '../../../Engine/Plugins/Runtime/Oculus/OculusVR/Content/' was aborted.
[2018.06.25-15.33.02:300][655]LogDirectoryWatcher: A directory notification for '../../../Engine/Plugins/Runtime/Steam/SteamVR/Content/' was aborted.
[2018.06.25-15.33.05:543][655]LogExit: Object subsystem successfully closed.
[2018.06.25-15.33.06:298][655]LogD3D11RHI: Shutdown
[2018.06.25-15.33.06:309][655]LogD3D11RHI: CleanupD3DDevice
[2018.06.25-15.33.06:349][655]LogD3D11RHI: ~FD3D11DynamicRHI
[2018.06.25-15.33.07:447][655]LogModuleManager: Shutting down and abandoning module HierarchicalLODOutliner (554)
[2018.06.25-15.33.07:447][655]LogModuleManager: Shutting down and abandoning module SceneOutliner (552)
[2018.06.25-15.33.07:455][655]LogModuleManager: Shutting down and abandoning module AddContentDialog (550)
[2018.06.25-15.33.07:487][655]LogDirectoryWatcher: A directory notification for 'C:/UE_4.18/FeaturePacks/' was aborted.
[2018.06.25-15.33.07:539][655]LogModuleManager: Shutting down and abandoning module WidgetCarousel (549)
[2018.06.25-15.33.07:539][655]LogModuleManager: Shutting down and abandoning module EditorWidgets (546)
[2018.06.25-15.33.07:539][655]LogModuleManager: Shutting down and abandoning module CollectionManager (544)
[2018.06.25-15.33.07:551][655]LogDirectoryWatcher: A directory notification for 'C:/Users/zkolman/Web Xero/GLUE4/Gate_Logic_Redux/Content/Collections/' was aborted.
[2018.06.25-15.33.07:551][655]LogDirectoryWatcher: A directory notification for 'C:/Users/zkolman/Web Xero/GLUE4/Gate_Logic_Redux/Content/Developers/dvan1/Collections/' was aborted.
[2018.06.25-15.33.07:551][655]LogDirectoryWatcher: A directory notification for 'C:/Users/zkolman/Web Xero/GLUE4/Gate_Logic_Redux/Saved/Collections/' was aborted.
[2018.06.25-15.33.07:551][655]LogModuleManager: Shutting down and abandoning module HierarchicalLODUtilities (542)
[2018.06.25-15.33.07:598][655]LogModuleManager: Shutting down and abandoning module StatsViewer (540)
[2018.06.25-15.33.07:617][655]LogModuleManager: Shutting down and abandoning module FoliageEdit (538)
[2018.06.25-15.33.07:624][655]LogModuleManager: Shutting down and abandoning module LandscapeEditor (536)
[2018.06.25-15.33.07:704][655]LogModuleManager: Shutting down and abandoning module MeshPaintMode (534)
[2018.06.25-15.33.07:709][655]LogModuleManager: Shutting down and abandoning module SceneDepthPickerMode (532)
[2018.06.25-15.33.07:709][655]LogModuleManager: Shutting down and abandoning module ActorPickerMode (530)
[2018.06.25-15.33.07:709][655]LogModuleManager: Shutting down and abandoning module GeometryMode (528)
[2018.06.25-15.33.07:709][655]LogModuleManager: Shutting down and abandoning module TextureAlignMode (526)
[2018.06.25-15.33.07:709][655]LogModuleManager: Shutting down and abandoning module BspMode (524)
[2018.06.25-15.33.07:709][655]LogModuleManager: Shutting down and abandoning module PIEPreviewDeviceProfileSelector (522)
[2018.06.25-15.33.07:709][655]LogModuleManager: Shutting down and abandoning module HardwareSurvey (520)
[2018.06.25-15.33.07:709][655]LogModuleManager: Shutting down and abandoning module SequenceRecorderSections (518)
[2018.06.25-15.33.07:716][655]LogModuleManager: Shutting down and abandoning module AutomationWorker (516)
[2018.06.25-15.33.07:724][655]LogModuleManager: Shutting down and abandoning module MatineeToLevelSequence (514)
[2018.06.25-15.33.07:736][655]LogModuleManager: Shutting down and abandoning module LevelSequenceEditor (512)
[2018.06.25-15.33.07:819][655]LogModuleManager: Shutting down and abandoning module PlacementMode (511)
[2018.06.25-15.33.07:819][655]LogModuleManager: Shutting down and abandoning module WmfMediaFactory (508)
[2018.06.25-15.33.07:819][655]LogModuleManager: Shutting down and abandoning module WmfMediaEditor (506)
[2018.06.25-15.33.07:820][655]LogModuleManager: Shutting down and abandoning module OpenExrWrapper (504)
[2018.06.25-15.33.07:820][655]LogModuleManager: Shutting down and abandoning module ImgMediaFactory (502)
[2018.06.25-15.33.07:820][655]LogModuleManager: Shutting down and abandoning module ImgMediaEditor (500)
[2018.06.25-15.33.07:820][655]LogModuleManager: Shutting down and abandoning module AvfMediaFactory (498)
[2018.06.25-15.33.07:820][655]LogModuleManager: Shutting down and abandoning module AvfMediaEditor (496)
[2018.06.25-15.33.07:820][655]LogModuleManager: Shutting down and abandoning module AndroidMediaFactory (494)
[2018.06.25-15.33.07:820][655]LogModuleManager: Shutting down and abandoning module AndroidMediaEditor (492)
[2018.06.25-15.33.07:820][655]LogModuleManager: Shutting down and abandoning module CharacterAI (490)
[2018.06.25-15.33.07:820][655]LogModuleManager: Shutting down and abandoning module AudioCapture (488)
[2018.06.25-15.33.07:846][655]LogModuleManager: Shutting down and abandoning module SequenceRecorder (487)
[2018.06.25-15.33.07:934][655]LogModuleManager: Shutting down and abandoning module SmartSnapping (484)
[2018.06.25-15.33.07:934][655]LogModuleManager: Shutting down and abandoning module SessionServices (482)
[2018.06.25-15.33.07:934][655]LogModuleManager: Shutting down and abandoning module ViewportSnapping (480)
[2018.06.25-15.33.07:934][655]LogModuleManager: Shutting down and abandoning module ViewportInteraction (478)
[2018.06.25-15.33.07:934][655]LogModuleManager: Shutting down and abandoning module ClothPainter (476)
[2018.06.25-15.33.08:014][655]LogModuleManager: Shutting down and abandoning module SkeletalMeshEditor (475)
[2018.06.25-15.33.08:170][655]LogModuleManager: Shutting down and abandoning module LogVisualizer (472)
[2018.06.25-15.33.08:231][655]LogModuleManager: Shutting down and abandoning module IntroTutorials (470)
[2018.06.25-15.33.08:249][655]LogModuleManager: Shutting down and abandoning module GameProjectGeneration (469)
[2018.06.25-15.33.08:286][655]LogModuleManager: Shutting down and abandoning module IOSPlatformEditor (466)
[2018.06.25-15.33.08:287][655]LogModuleManager: Shutting down and abandoning module HTML5PlatformEditor (464)
[2018.06.25-15.33.08:287][655]LogModuleManager: Shutting down and abandoning module AndroidPlatformEditor (462)
[2018.06.25-15.33.08:287][655]LogModuleManager: Shutting down and abandoning module AndroidDeviceDetection (461)
[2018.06.25-15.33.09:296][655]LogModuleManager: Shutting down and abandoning module WindowsPlatformEditor (458)
[2018.06.25-15.33.09:296][655]LogModuleManager: Shutting down and abandoning module IOSRuntimeSettings (456)
[2018.06.25-15.33.09:296][655]LogModuleManager: Shutting down and abandoning module AndroidRuntimeSettings (454)
[2018.06.25-15.33.09:296][655]LogModuleManager: Shutting down and abandoning module InputBindingEditor (452)
[2018.06.25-15.33.09:318][655]LogModuleManager: Shutting down and abandoning module MergeActors (450)
[2018.06.25-15.33.09:325][655]LogModuleManager: Shutting down and abandoning module SizeMap (448)
[2018.06.25-15.33.09:325][655]LogModuleManager: Shutting down and abandoning module TreeMap (446)
[2018.06.25-15.33.09:354][655]LogModuleManager: Shutting down and abandoning module ReferenceViewer (444)
[2018.06.25-15.33.09:354][655]LogModuleManager: Shutting down and abandoning module LocalizationDashboard (442)
[2018.06.25-15.33.09:409][655]LogModuleManager: Shutting down and abandoning module LocalizationService (441)
[2018.06.25-15.33.09:417][655]LogModuleManager: Shutting down and abandoning module HardwareTargeting (438)
[2018.06.25-15.33.09:417][655]LogModuleManager: Shutting down and abandoning module DeviceProfileEditor (436)
[2018.06.25-15.33.09:417][655]LogModuleManager: Shutting down and abandoning module UndoHistory (434)
[2018.06.25-15.33.09:417][655]LogModuleManager: Shutting down and abandoning module XmlParser (432)
[2018.06.25-15.33.09:425][655]LogModuleManager: Shutting down and abandoning module Blutility (430)
[2018.06.25-15.33.09:425][655]LogModuleManager: Shutting down and abandoning module ProjectSettingsViewer (428)
[2018.06.25-15.33.09:425][655]LogModuleManager: Shutting down and abandoning module ProjectTargetPlatformEditor (427)
[2018.06.25-15.33.09:425][655]LogModuleManager: Shutting down and abandoning module EditorSettingsViewer (424)
[2018.06.25-15.33.09:425][655]LogModuleManager: Shutting down and abandoning module SettingsEditor (422)
[2018.06.25-15.33.09:440][655]LogModuleManager: Shutting down and abandoning module ProjectLauncher (420)
[2018.06.25-15.33.09:494][655]LogModuleManager: Shutting down and abandoning module SessionFrontend (418)
[2018.06.25-15.33.09:506][655]LogModuleManager: Shutting down and abandoning module ProfilerClient (416)
[2018.06.25-15.33.09:525][655]LogModuleManager: Shutting down and abandoning module DeviceManager (414)
[2018.06.25-15.33.09:552][655]LogModuleManager: Shutting down and abandoning module TargetDeviceServices (413)
[2018.06.25-15.33.09:616][655]LogModuleManager: Shutting down and abandoning module AutomationController (410)
[2018.06.25-15.33.09:650][655]LogModuleManager: Shutting down and abandoning module AutomationWindow (408)
[2018.06.25-15.33.09:675][655]LogModuleManager: Shutting down and abandoning module Layers (406)
[2018.06.25-15.33.09:714][655]LogModuleManager: Shutting down and abandoning module ComponentVisualizers (404)
[2018.06.25-15.33.09:714][655]LogModuleManager: Shutting down and abandoning module DetailCustomizations (402)
[2018.06.25-15.33.09:742][655]LogModuleManager: Shutting down and abandoning module PackagesDialog (400)
[2018.06.25-15.33.09:763][655]LogModuleManager: Shutting down and abandoning module Persona (398)
[2018.06.25-15.33.09:790][655]LogModuleManager: Shutting down and abandoning module AdvancedPreviewScene (397)
[2018.06.25-15.33.09:791][655]LogModuleManager: Shutting down and abandoning module AnimGraph (395)
[2018.06.25-15.33.09:791][655]LogModuleManager: Shutting down and abandoning module Kismet (392)
[2018.06.25-15.33.09:815][655]LogModuleManager: Shutting down and abandoning module ClassViewer (390)
[2018.06.25-15.33.09:815][655]LogModuleManager: Shutting down and abandoning module Toolbox (388)
[2018.06.25-15.33.09:815][655]LogModuleManager: Shutting down and abandoning module ModuleUI (386)
[2018.06.25-15.33.09:834][655]LogModuleManager: Shutting down and abandoning module MovieSceneTools (384)
[2018.06.25-15.33.09:933][655]LogModuleManager: Shutting down and abandoning module OutputLog (382)
[2018.06.25-15.33.09:958][655]LogModuleManager: Shutting down and abandoning module GammaUI (380)
[2018.06.25-15.33.09:961][655]LogModuleManager: Shutting down and abandoning module Documentation (378)
[2018.06.25-15.33.09:961][655]LogModuleManager: Shutting down and abandoning module MovieSceneTracks (376)
[2018.06.25-15.33.09:961][655]LogModuleManager: Shutting down and abandoning module MovieScene (374)
[2018.06.25-15.33.09:961][655]LogModuleManager: Shutting down and abandoning module StreamingPauseRendering (372)
[2018.06.25-15.33.09:961][655]LogModuleManager: Shutting down and abandoning module LauncherPlatform (370)
[2018.06.25-15.33.09:961][655]LogModuleManager: Shutting down and abandoning module AnalyticsET (368)
[2018.06.25-15.33.09:961][655]LogModuleManager: Shutting down and abandoning module PortalServices (366)
[2018.06.25-15.33.09:961][655]LogModuleManager: Shutting down and abandoning module PortalRpc (364)
[2018.06.25-15.33.09:961][655]LogModuleManager: Shutting down and abandoning module MessagingRpc (362)
[2018.06.25-15.33.09:961][655]LogModuleManager: Shutting down and abandoning module AIModule (360)
[2018.06.25-15.33.09:961][655]LogModuleManager: Shutting down and abandoning module AITestSuite (359)
[2018.06.25-15.33.09:979][655]LogModuleManager: Shutting down and abandoning module DesktopPlatform (356)
[2018.06.25-15.33.09:979][655]LogModuleManager: Shutting down and abandoning module ProfilerService (354)
[2018.06.25-15.33.10:094][655]LogModuleManager: Shutting down and abandoning module TaskGraph (352)
[2018.06.25-15.33.10:123][655]LogModuleManager: Shutting down and abandoning module DlgSystemEditor (350)
[2018.06.25-15.33.10:153][655]LogDlgSystemEditor: Verbose: Stopped DlgSystemEditorModule
[2018.06.25-15.33.10:153][655]LogModuleManager: Shutting down and abandoning module SteamVRController (348)
[2018.06.25-15.33.10:153][655]LogModuleManager: Shutting down and abandoning module ProceduralMeshComponentEditor (346)
[2018.06.25-15.33.10:153][655]LogModuleManager: Shutting down and abandoning module ProceduralMeshComponent (344)
[2018.06.25-15.33.10:153][655]LogModuleManager: Shutting down and abandoning module OculusInput (342)
[2018.06.25-15.33.10:156][655]LogModuleManager: Shutting down and abandoning module MobilePatchingUtils (340)
[2018.06.25-15.33.10:156][655]LogModuleManager: Shutting down and abandoning module CustomMeshComponent (338)
[2018.06.25-15.33.10:156][655]LogModuleManager: Shutting down and abandoning module CableComponent (336)
[2018.06.25-15.33.10:166][655]LogModuleManager: Shutting down and abandoning module ArchVisCharacter (334)
[2018.06.25-15.33.10:166][655]LogModuleManager: Shutting down and abandoning module AndroidPermission (332)
[2018.06.25-15.33.10:166][655]LogModuleManager: Shutting down and abandoning module ActorSequence (328)
[2018.06.25-15.33.10:166][655]LogModuleManager: Shutting down and abandoning module MediaPlayerEditor (326)
[2018.06.25-15.33.10:219][655]LogModuleManager: Shutting down and abandoning module MediaCompositingEditor (324)
[2018.06.25-15.33.10:219][655]LogModuleManager: Shutting down and abandoning module MediaCompositing (322)
[2018.06.25-15.33.10:219][655]LogModuleManager: Shutting down and abandoning module HTML5Networking (320)
[2018.06.25-15.33.10:219][655]LogModuleManager: Shutting down and abandoning module AlembicImporter (318)
[2018.06.25-15.33.10:231][655]LogModuleManager: Shutting down and abandoning module AlembicLibrary (317)
[2018.06.25-15.33.10:231][655]LogModuleManager: Shutting down and abandoning module GeometryCache (316)
[2018.06.25-15.33.10:250][655]LogModuleManager: Shutting down and abandoning module GeometryCacheEd (315)
[2018.06.25-15.33.10:250][655]LogModuleManager: Shutting down and abandoning module SpeedTreeImporter (310)
[2018.06.25-15.33.10:250][655]LogModuleManager: Shutting down and abandoning module PluginBrowser (308)
[2018.06.25-15.33.10:287][655]LogModuleManager: Shutting down and abandoning module MobileLauncherProfileWizard (306)
[2018.06.25-15.33.10:311][655]LogModuleManager: Shutting down and abandoning module VisualStudioSourceCodeAccess (304)
[2018.06.25-15.33.10:311][655]LogModuleManager: Shutting down and abandoning module VisualStudioCodeSourceCodeAccess (302)
[2018.06.25-15.33.10:311][655]LogModuleManager: Shutting down and abandoning module UObjectPlugin (300)
[2018.06.25-15.33.10:311][655]LogModuleManager: Shutting down and abandoning module SubversionSourceControl (298)
[2018.06.25-15.33.10:328][655]LogModuleManager: Shutting down and abandoning module PerforceSourceControl (296)
[2018.06.25-15.33.10:349][655]LogModuleManager: Shutting down and abandoning module GitSourceControl (294)
[2018.06.25-15.33.10:368][655]LogModuleManager: Shutting down and abandoning module SourceControl (293)
[2018.06.25-15.33.10:380][655]LogModuleManager: Shutting down and abandoning module LightPropagationVolumeEditor (290)
[2018.06.25-15.33.10:380][655]LogModuleManager: Shutting down and abandoning module PaperTiledImporter (288)
[2018.06.25-15.33.10:380][655]LogModuleManager: Shutting down and abandoning module PaperSpriteSheetImporter (286)
[2018.06.25-15.33.10:380][655]LogModuleManager: Shutting down and abandoning module Paper2DEditor (284)
[2018.06.25-15.33.10:405][655]LogModuleManager: Shutting down and abandoning module MeshPaint (283)
[2018.06.25-15.33.10:432][655]LogModuleManager: Shutting down and abandoning module LevelEditor (281)
[2018.06.25-15.33.10:439][655]LogModuleManager: Shutting down and abandoning module PixelInspectorModule (280)
[2018.06.25-15.33.10:462][655]LogModuleManager: Shutting down and abandoning module MainFrame (278)
[2018.06.25-15.33.10:462][655]LogModuleManager: Shutting down and abandoning module HotReload (277)
[2018.06.25-15.33.10:465][655]LogModuleManager: Shutting down and abandoning module RuntimePhysXCooking (272)
[2018.06.25-15.33.10:465][655]LogModuleManager: Shutting down and abandoning module PhysXVehiclesEditor (270)
[2018.06.25-15.33.10:465][655]LogModuleManager: Shutting down and abandoning module PhysXVehicles (268)
[2018.06.25-15.33.10:465][655]LogModuleManager: Shutting down and abandoning module OculusEditor (266)
[2018.06.25-15.33.10:465][655]LogModuleManager: Shutting down and abandoning module LocationServicesBPLibrary (264)
[2018.06.25-15.33.10:465][655]LogModuleManager: Shutting down and abandoning module ImmediatePhysicsEditor (262)
[2018.06.25-15.33.10:465][655]LogModuleManager: Shutting down and abandoning module ImmediatePhysics (260)
[2018.06.25-15.33.10:494][655]LogModuleManager: Shutting down and abandoning module UdpMessaging (258)
[2018.06.25-15.33.10:606][655]LogModuleManager: Shutting down and abandoning module TcpMessaging (256)
[2018.06.25-15.33.10:713][655]LogModuleManager: Shutting down and abandoning module DlgSystem (254)
[2018.06.25-15.33.10:728][655]LogDlgSystem: Verbose: Stopped DlgSystemModule
[2018.06.25-15.33.10:728][655]LogModuleManager: Shutting down and abandoning module GameplayDebugger (253)
[2018.06.25-15.33.10:748][655]LogModuleManager: Shutting down and abandoning module GameplayTagsEditor (250)
[2018.06.25-15.33.10:773][655]LogModuleManager: Shutting down and abandoning module FacialAnimationEditor (248)
[2018.06.25-15.33.10:773][655]LogModuleManager: Shutting down and abandoning module FacialAnimation (246)
[2018.06.25-15.33.10:773][655]LogModuleManager: Shutting down and abandoning module AssetManagerEditor (244)
[2018.06.25-15.33.10:862][655]LogModuleManager: Shutting down and abandoning module GraphEditor (243)
[2018.06.25-15.33.10:911][655]LogModuleManager: Shutting down and abandoning module ContentBrowser (241)
[2018.06.25-15.33.10:912][655]LogModuleManager: Shutting down and abandoning module LightPropagationVolumeRuntime (238)
[2018.06.25-15.33.10:912][655]LogModuleManager: Shutting down and abandoning module Paper2D (236)
[2018.06.25-15.33.10:912][655]LogModuleManager: Shutting down and abandoning module WindowsMoviePlayer (234)
[2018.06.25-15.33.10:918][655]LogModuleManager: Shutting down and abandoning module WmfMedia (232)
[2018.06.25-15.33.10:937][655]LogModuleManager: Shutting down and abandoning module ImgMedia (230)
[2018.06.25-15.33.10:937][655]LogModuleManager: Shutting down and abandoning module PacketHandler (228)
[2018.06.25-15.33.10:937][655]LogModuleManager: Shutting down and abandoning module ClothingSystemEditor (226)
[2018.06.25-15.33.10:937][655]LogModuleManager: Shutting down and abandoning module ClothingSystemRuntime (224)
[2018.06.25-15.33.10:952][655]LogModuleManager: Shutting down and abandoning module MediaAssets (222)
[2018.06.25-15.33.10:952][655]LogModuleManager: Shutting down and abandoning module Media (221)
[2018.06.25-15.33.10:958][655]LogModuleManager: Shutting down and abandoning module Overlay (218)
[2018.06.25-15.33.10:958][655]LogModuleManager: Shutting down and abandoning module OverlayEditor (217)
[2018.06.25-15.33.10:958][655]LogModuleManager: Shutting down and abandoning module VREditor (214)
[2018.06.25-15.33.10:977][655]LogModuleManager: Shutting down and abandoning module StringTableEditor (212)
[2018.06.25-15.33.10:993][655]LogModuleManager: Shutting down and abandoning module GameplayTasksEditor (210)
[2018.06.25-15.33.10:993][655]LogModuleManager: Shutting down and abandoning module BehaviorTreeEditor (208)
[2018.06.25-15.33.11:074][655]LogModuleManager: Shutting down and abandoning module FunctionalTesting (206)
[2018.06.25-15.33.11:126][655]LogModuleManager: Shutting down and abandoning module CollisionAnalyzer (204)
[2018.06.25-15.33.11:133][655]LogModuleManager: Shutting down and abandoning module WorkspaceMenuStructure (203)
[2018.06.25-15.33.11:154][655]LogModuleManager: Shutting down and abandoning module UMG (200)
[2018.06.25-15.33.11:160][655]LogModuleManager: Shutting down and abandoning module UMGEditor (199)
[2018.06.25-15.33.11:208][655]LogModuleManager: Shutting down and abandoning module Sequencer (198)
[2018.06.25-15.33.11:264][655]LogModuleManager: Shutting down and abandoning module MessageLog (195)
[2018.06.25-15.33.11:314][655]LogModuleManager: Shutting down and abandoning module SlateReflector (190)
[2018.06.25-15.33.11:390][655]LogModuleManager: Shutting down and abandoning module Slate (188)
[2018.06.25-15.33.11:390][655]LogModuleManager: Shutting down and abandoning module EditorStyle (186)
[2018.06.25-15.33.11:393][655]LogModuleManager: Shutting down and abandoning module MRMesh (184)
[2018.06.25-15.33.11:393][655]LogModuleManager: Shutting down and abandoning module SourceCodeAccess (182)
[2018.06.25-15.33.11:393][655]LogModuleManager: Shutting down and abandoning module HeadMountedDisplay (180)
[2018.06.25-15.33.11:393][655]LogModuleManager: Shutting down and abandoning module XAudio2 (178)
[2018.06.25-15.33.11:393][655]LogModuleManager: Shutting down and abandoning module Networking (176)
[2018.06.25-15.33.11:393][655]LogModuleManager: Shutting down and abandoning module Core (172)
[2018.06.25-15.33.11:393][655]LogModuleManager: Shutting down and abandoning module LevelSequence (168)
[2018.06.25-15.33.11:411][655]LogModuleManager: Shutting down and abandoning module DirectoryWatcher (166)
[2018.06.25-15.33.11:412][655]LogModuleManager: Shutting down and abandoning module KismetCompiler (164)
[2018.06.25-15.33.11:412][655]LogModuleManager: Shutting down and abandoning module MeshUtilities (162)
[2018.06.25-15.33.11:451][655]LogModuleManager: Shutting down and abandoning module MeshMergeUtilities (161)
[2018.06.25-15.33.11:470][655]LogModuleManager: Shutting down and abandoning module MeshReductionInterface (160)
[2018.06.25-15.33.11:470][655]LogModuleManager: Shutting down and abandoning module SimplygonSwarm (159)
[2018.06.25-15.33.11:488][655]LogModuleManager: Shutting down and abandoning module SimplygonMeshReduction (157)
[2018.06.25-15.33.11:488][655]LogModuleManager: Shutting down and abandoning module QuadricMeshReduction (155)
[2018.06.25-15.33.11:496][655]LogModuleManager: Shutting down and abandoning module MaterialBaking (151)
[2018.06.25-15.33.11:503][655]LogModuleManager: Shutting down and abandoning module DerivedDataCache (148)
[2018.06.25-15.33.11:553][655]LogDerivedDataCache: Shutdown
[2018.06.25-15.33.11:553][655]LogModuleManager: Shutting down and abandoning module TargetPlatform (146)
[2018.06.25-15.33.11:553][655]LogModuleManager: Shutting down and abandoning module VulkanShaderFormat (145)
[2018.06.25-15.33.11:569][655]LogModuleManager: Shutting down and abandoning module ShaderFormatVectorVM (143)
[2018.06.25-15.33.11:595][655]LogModuleManager: Shutting down and abandoning module ShaderFormatOpenGL (141)
[2018.06.25-15.33.11:604][655]LogModuleManager: Shutting down and abandoning module ShaderFormatD3D (139)
[2018.06.25-15.33.11:604][655]LogModuleManager: Shutting down and abandoning module MetalShaderFormat (137)
[2018.06.25-15.33.11:630][655]LogModuleManager: Shutting down and abandoning module TextureFormatUncompressed (135)
[2018.06.25-15.33.11:631][655]LogModuleManager: Shutting down and abandoning module TextureFormatPVR (133)
[2018.06.25-15.33.11:631][655]LogModuleManager: Shutting down and abandoning module TextureFormatDXT (131)
[2018.06.25-15.33.11:631][655]LogModuleManager: Shutting down and abandoning module TextureFormatIntelISPCTexComp (129)
[2018.06.25-15.33.11:631][655]LogModuleManager: Shutting down and abandoning module TextureFormatASTC (127)
[2018.06.25-15.33.11:631][655]LogModuleManager: Shutting down and abandoning module ImageWrapper (126)
[2018.06.25-15.33.11:631][655]LogModuleManager: Shutting down and abandoning module TextureFormatAndroid (123)
[2018.06.25-15.33.11:631][655]LogModuleManager: Shutting down and abandoning module AudioFormatOpus (121)
[2018.06.25-15.33.11:631][655]LogModuleManager: Shutting down and abandoning module AudioFormatOgg (119)
[2018.06.25-15.33.11:631][655]LogModuleManager: Shutting down and abandoning module AudioFormatADPCM (117)
[2018.06.25-15.33.11:631][655]LogModuleManager: Shutting down and abandoning module LinuxTargetPlatform (115)
[2018.06.25-15.33.11:631][655]LogModuleManager: Shutting down and abandoning module LinuxServerTargetPlatform (113)
[2018.06.25-15.33.11:631][655]LogModuleManager: Shutting down and abandoning module LinuxNoEditorTargetPlatform (111)
[2018.06.25-15.33.11:631][655]LogModuleManager: Shutting down and abandoning module LinuxClientTargetPlatform (109)
[2018.06.25-15.33.11:631][655]LogModuleManager: Shutting down and abandoning module TVOSTargetPlatform (107)
[2018.06.25-15.33.11:631][655]LogModuleManager: Shutting down and abandoning module Messaging (105)
[2018.06.25-15.33.11:631][655]LogModuleManager: Shutting down and abandoning module IOSTargetPlatform (103)
[2018.06.25-15.33.11:631][655]LogModuleManager: Shutting down and abandoning module HTML5TargetPlatform (101)
[2018.06.25-15.33.11:631][655]LogModuleManager: Shutting down and abandoning module AndroidTargetPlatform (99)
[2018.06.25-15.33.11:631][655]LogModuleManager: Shutting down and abandoning module Android_PVRTCTargetPlatform (97)
[2018.06.25-15.33.11:631][655]LogModuleManager: Shutting down and abandoning module Android_MultiTargetPlatform (95)
[2018.06.25-15.33.11:631][655]LogModuleManager: Shutting down and abandoning module Android_ETC2TargetPlatform (93)
[2018.06.25-15.33.11:631][655]LogModuleManager: Shutting down and abandoning module Android_ETC1TargetPlatform (91)
[2018.06.25-15.33.11:631][655]LogModuleManager: Shutting down and abandoning module Android_DXTTargetPlatform (89)
[2018.06.25-15.33.11:631][655]LogModuleManager: Shutting down and abandoning module Android_ATCTargetPlatform (87)
[2018.06.25-15.33.11:631][655]LogModuleManager: Shutting down and abandoning module Android_ASTCTargetPlatform (85)
[2018.06.25-15.33.11:631][655]LogModuleManager: Shutting down and abandoning module WindowsTargetPlatform (83)
[2018.06.25-15.33.11:631][655]LogModuleManager: Shutting down and abandoning module WindowsServerTargetPlatform (81)
[2018.06.25-15.33.11:631][655]LogModuleManager: Shutting down and abandoning module WindowsNoEditorTargetPlatform (79)
[2018.06.25-15.33.11:631][655]LogModuleManager: Shutting down and abandoning module WindowsClientTargetPlatform (77)
[2018.06.25-15.33.11:631][655]LogModuleManager: Shutting down and abandoning module MacTargetPlatform (75)
[2018.06.25-15.33.11:631][655]LogModuleManager: Shutting down and abandoning module MacServerTargetPlatform (73)
[2018.06.25-15.33.11:631][655]LogModuleManager: Shutting down and abandoning module MacNoEditorTargetPlatform (71)
[2018.06.25-15.33.11:631][655]LogModuleManager: Shutting down and abandoning module MacClientTargetPlatform (69)
[2018.06.25-15.33.11:631][655]LogModuleManager: Shutting down and abandoning module AllDesktopTargetPlatform (67)
[2018.06.25-15.33.11:632][655]LogModuleManager: Shutting down and abandoning module InputCore (64)
[2018.06.25-15.33.11:632][655]LogModuleManager: Shutting down and abandoning module Settings (62)
[2018.06.25-15.33.11:632][655]LogModuleManager: Shutting down and abandoning module PhysXCooking (60)
[2018.06.25-15.33.11:632][655]LogModuleManager: Shutting down and abandoning module SteamVR (58)
[2018.06.25-15.33.11:632][655]LogModuleManager: Shutting down and abandoning module OculusHMD (56)
[2018.06.25-15.33.11:636][655]LogModuleManager: Shutting down and abandoning module ExampleDeviceProfileSelector (54)
[2018.06.25-15.33.11:636][655]LogModuleManager: Shutting down and abandoning module AppleARKit (52)
[2018.06.25-15.33.11:636][655]LogModuleManager: Shutting down and abandoning module AugmentedReality (51)
[2018.06.25-15.33.11:636][655]LogModuleManager: Shutting down and abandoning module OnlineBlueprintSupport (48)
[2018.06.25-15.33.11:636][655]LogModuleManager: Shutting down and abandoning module OnlineSubsystem (44)
[2018.06.25-15.33.11:705][655]LogModuleManager: Shutting down and abandoning module XMPP (43)
[2018.06.25-15.33.11:715][655]LogModuleManager: Shutting down and abandoning module HTTP (41)
[2018.06.25-15.33.11:730][655]LogHttp: Display: Http module shutting down, but needs to wait on 1 outstanding Http requests:
[2018.06.25-15.33.11:730][655]LogHttp: Display: 	verb=[POST] url=[https://datarouter.ol.epicgames.com/datarouter/api/v1/public/data?SessionID=%7B6D072EAD-48F8-AE0B-6F16-639DC279B262%7D&AppID=UEEditor.Rocket.Release&AppVersion=4.18.3-3832480%2B%2B%2BUE4%2BRelease-4.18&UserID=6bb9eb5c4ef21467dd7709b4fa8eab3d%7C%7Cff20797a-266b-46c0-81ad-d45b3380ed11&AppEnvironment=datacollector-binary&UploadType=eteventstream] status=Processing
[2018.06.25-15.33.11:766][655]LogModuleManager: Shutting down and abandoning module SSL (40)
[2018.06.25-15.33.11:776][655]LogModuleManager: Shutting down and abandoning module AnimationModifiers (36)
[2018.06.25-15.33.11:791][655]LogModuleManager: Shutting down and abandoning module PropertyEditor (35)
[2018.06.25-15.33.11:791][655]LogModuleManager: Shutting down and abandoning module AudioEditor (32)
[2018.06.25-15.33.11:823][655]LogModuleManager: Shutting down and abandoning module TextureCompressor (30)
[2018.06.25-15.33.11:890][655]LogModuleManager: Shutting down and abandoning module ShaderCore (28)
[2018.06.25-15.33.11:890][655]LogModuleManager: Shutting down and abandoning module Landscape (26)
[2018.06.25-15.33.11:891][655]LogModuleManager: Shutting down and abandoning module SlateRHIRenderer (24)
[2018.06.25-15.33.11:910][655]LogModuleManager: Shutting down and abandoning module OpenGLDrv (22)
[2018.06.25-15.33.11:924][655]LogModuleManager: Shutting down and abandoning module D3D11RHI (20)
[2018.06.25-15.33.11:924][655]LogModuleManager: Shutting down and abandoning module AnimGraphRuntime (18)
[2018.06.25-15.33.11:932][655]LogModuleManager: Shutting down and abandoning module Renderer (16)
[2018.06.25-15.33.11:932][655]LogModuleManager: Shutting down and abandoning module Engine (14)
[2018.06.25-15.33.11:957][655]LogModuleManager: Shutting down and abandoning module CoreUObject (12)
[2018.06.25-15.33.11:957][655]LogModuleManager: Shutting down and abandoning module NetworkFile (10)
[2018.06.25-15.33.11:957][655]LogModuleManager: Shutting down and abandoning module CookedIterativeFile (8)
[2018.06.25-15.33.11:957][655]LogModuleManager: Shutting down and abandoning module StreamingFile (6)
[2018.06.25-15.33.11:957][655]LogModuleManager: Shutting down and abandoning module SandboxFile (4)
[2018.06.25-15.33.11:970][655]LogModuleManager: Shutting down and abandoning module PakFile (2)
[2018.06.25-15.33.12:023][655]LogExit: Exiting.
[2018.06.25-15.33.12:037][655]Log file closed, 06/25/18 10:33:12
