Log file open, 06/13/18 15:00:22
LogWindows: Failed to load 'aqProf.dll' (GetLastError=126)
LogWindows: File 'aqProf.dll' does not exist
LogWindows: Failed to load 'VSPerf140.dll' (GetLastError=126)
LogWindows: File 'VSPerf140.dll' does not exist
LogWindows: Failed to load 'VtuneApi.dll' (GetLastError=126)
LogWindows: File 'VtuneApi.dll' does not exist
LogWindows: Failed to load 'VtuneApi32e.dll' (GetLastError=126)
LogWindows: File 'VtuneApi32e.dll' does not exist
LogInit: Display: Running engine for game: Gate_Logic_Redux
LogPlatformFile: Not using cached read wrapper
LogInit: Display: RandInit(-2086409420) SRandInit(-2086409420).
LogInit: Read version file with build ID '3709383'
LogInit: Overriding engine version to CL 3832480, compatible CL 3709383
LogInit: Registered custom module enumerator with build ID '3709383'
LogTaskGraph: Started task graph with 5 named threads and 20 total threads with 3 sets of task threads.
LogStats: Stats thread started at 0.261648
LogD3D11RHI: Aftermath initialized
LogModuleManager: Display: Found up-to-date module file ../../../Engine/Plugins/Marketplace/DlgSystem/Binaries/Win64/UE4Editor-DlgSystem.dll (API version 3709383).
LogModuleManager: Display: Found up-to-date module file ../../../Engine/Plugins/Marketplace/DlgSystem/Binaries/Win64/UE4Editor-DlgSystemEditor.dll (API version 3709383).
LogModuleManager: Display: Found up-to-date module file ../../../Engine/Plugins/2D/Paper2D/Binaries/Win64/UE4Editor-Paper2D.dll (API version 3709383).
LogModuleManager: Display: Found up-to-date module file ../../../Engine/Plugins/2D/Paper2D/Binaries/Win64/UE4Editor-Paper2DEditor.dll (API version 3709383).
LogModuleManager: Display: Found up-to-date module file ../../../Engine/Plugins/2D/Paper2D/Binaries/Win64/UE4Editor-PaperSpriteSheetImporter.dll (API version 3709383).
LogModuleManager: Display: Found up-to-date module file ../../../Engine/Plugins/2D/Paper2D/Binaries/Win64/UE4Editor-PaperTiledImporter.dll (API version 3709383).
LogModuleManager: Display: Found up-to-date module file ../../../Engine/Plugins/2D/Paper2D/Binaries/Win64/UE4Editor-SmartSnapping.dll (API version 3709383).
LogModuleManager: Display: Found up-to-date module file ../../../Engine/Plugins/Blendables/LightPropagationVolume/Binaries/Win64/UE4Editor-LightPropagationVolumeRuntime.dll (API version 3709383).
LogModuleManager: Display: Found up-to-date module file ../../../Engine/Plugins/Blendables/LightPropagationVolume/Binaries/Win64/UE4Editor-LightPropagationVolumeEditor.dll (API version 3709383).
LogModuleManager: Display: Found up-to-date module file ../../../Engine/Plugins/Developer/GitSourceControl/Binaries/Win64/UE4Editor-GitSourceControl.dll (API version 3709383).
LogModuleManager: Display: Found up-to-date module file ../../../Engine/Plugins/Developer/PerforceSourceControl/Binaries/Win64/UE4Editor-PerforceSourceControl.dll (API version 3709383).
LogModuleManager: Display: Found up-to-date module file ../../../Engine/Plugins/Developer/SubversionSourceControl/Binaries/Win64/UE4Editor-SubversionSourceControl.dll (API version 3709383).
LogModuleManager: Display: Found up-to-date module file ../../../Engine/Plugins/Developer/UObjectPlugin/Binaries/Win64/UE4Editor-UObjectPlugin.dll (API version 3709383).
LogModuleManager: Display: Found up-to-date module file ../../../Engine/Plugins/Developer/VisualStudioCodeSourceCodeAccess/Binaries/Win64/UE4Editor-VisualStudioCodeSourceCodeAccess.dll (API version 3709383).
LogModuleManager: Display: Found up-to-date module file ../../../Engine/Plugins/Developer/VisualStudioSourceCodeAccess/Binaries/Win64/UE4Editor-VisualStudioSourceCodeAccess.dll (API version 3709383).
LogModuleManager: Display: Found up-to-date module file ../../../Engine/Plugins/Editor/AssetManagerEditor/Binaries/Win64/UE4Editor-AssetManagerEditor.dll (API version 3709383).
LogModuleManager: Display: Found up-to-date module file ../../../Engine/Plugins/Editor/AudioCapture/Binaries/Win64/UE4Editor-AudioCapture.dll (API version 3709383).
LogModuleManager: Display: Found up-to-date module file ../../../Engine/Plugins/Editor/FacialAnimation/Binaries/Win64/UE4Editor-FacialAnimation.dll (API version 3709383).
LogModuleManager: Display: Found up-to-date module file ../../../Engine/Plugins/Editor/FacialAnimation/Binaries/Win64/UE4Editor-FacialAnimationEditor.dll (API version 3709383).
LogModuleManager: Display: Found up-to-date module file ../../../Engine/Plugins/Editor/GameplayTagsEditor/Binaries/Win64/UE4Editor-GameplayTagsEditor.dll (API version 3709383).
LogModuleManager: Display: Found up-to-date module file ../../../Engine/Plugins/Editor/MobileLauncherProfileWizard/Binaries/Win64/UE4Editor-MobileLauncherProfileWizard.dll (API version 3709383).
LogModuleManager: Display: Found up-to-date module file ../../../Engine/Plugins/Editor/PluginBrowser/Binaries/Win64/UE4Editor-PluginBrowser.dll (API version 3709383).
LogModuleManager: Display: Found up-to-date module file ../../../Engine/Plugins/Editor/SpeedTreeImporter/Binaries/Win64/UE4Editor-SpeedTreeImporter.dll (API version 3709383).
LogModuleManager: Display: Found up-to-date module file ../../../Engine/Plugins/Experimental/AlembicImporter/Binaries/Win64/UE4Editor-AlembicImporter.dll (API version 3709383).
LogModuleManager: Display: Found up-to-date module file ../../../Engine/Plugins/Experimental/AlembicImporter/Binaries/Win64/UE4Editor-AlembicLibrary.dll (API version 3709383).
LogModuleManager: Display: Found up-to-date module file ../../../Engine/Plugins/Experimental/CharacterAI/Binaries/Win64/UE4Editor-CharacterAI.dll (API version 3709383).
LogModuleManager: Display: Found up-to-date module file ../../../Engine/Plugins/Experimental/HTML5Networking/Binaries/Win64/UE4Editor-HTML5Networking.dll (API version 3709383).
LogModuleManager: Display: Found up-to-date module file ../../../Engine/Plugins/Media/AndroidMedia/Binaries/Win64/UE4Editor-AndroidMediaEditor.dll (API version 3709383).
LogModuleManager: Display: Found up-to-date module file ../../../Engine/Plugins/Media/AndroidMedia/Binaries/Win64/UE4Editor-AndroidMediaFactory.dll (API version 3709383).
LogModuleManager: Display: Found up-to-date module file ../../../Engine/Plugins/Media/AvfMedia/Binaries/Win64/UE4Editor-AvfMediaEditor.dll (API version 3709383).
LogModuleManager: Display: Found up-to-date module file ../../../Engine/Plugins/Media/AvfMedia/Binaries/Win64/UE4Editor-AvfMediaFactory.dll (API version 3709383).
LogModuleManager: Display: Found up-to-date module file ../../../Engine/Plugins/Media/AvfMedia/Binaries/Win64/UE4Editor-AvfMediaFactory.dll (API version 3709383).
LogModuleManager: Display: Found up-to-date module file ../../../Engine/Plugins/Media/ImgMedia/Binaries/Win64/UE4Editor-ImgMedia.dll (API version 3709383).
LogModuleManager: Display: Found up-to-date module file ../../../Engine/Plugins/Media/ImgMedia/Binaries/Win64/UE4Editor-ImgMediaEditor.dll (API version 3709383).
LogModuleManager: Display: Found up-to-date module file ../../../Engine/Plugins/Media/ImgMedia/Binaries/Win64/UE4Editor-ImgMediaFactory.dll (API version 3709383).
LogModuleManager: Display: Found up-to-date module file ../../../Engine/Plugins/Media/ImgMedia/Binaries/Win64/UE4Editor-ImgMediaFactory.dll (API version 3709383).
LogModuleManager: Display: Found up-to-date module file ../../../Engine/Plugins/Media/ImgMedia/Binaries/Win64/UE4Editor-OpenExrWrapper.dll (API version 3709383).
LogModuleManager: Display: Found up-to-date module file ../../../Engine/Plugins/Media/MediaCompositing/Binaries/Win64/UE4Editor-MediaCompositing.dll (API version 3709383).
LogModuleManager: Display: Found up-to-date module file ../../../Engine/Plugins/Media/MediaCompositing/Binaries/Win64/UE4Editor-MediaCompositingEditor.dll (API version 3709383).
LogModuleManager: Display: Found up-to-date module file ../../../Engine/Plugins/Media/MediaPlayerEditor/Binaries/Win64/UE4Editor-MediaPlayerEditor.dll (API version 3709383).
LogModuleManager: Display: Found up-to-date module file ../../../Engine/Plugins/Media/WmfMedia/Binaries/Win64/UE4Editor-WmfMedia.dll (API version 3709383).
LogModuleManager: Display: Found up-to-date module file ../../../Engine/Plugins/Media/WmfMedia/Binaries/Win64/UE4Editor-WmfMediaEditor.dll (API version 3709383).
LogModuleManager: Display: Found up-to-date module file ../../../Engine/Plugins/Media/WmfMedia/Binaries/Win64/UE4Editor-WmfMediaFactory.dll (API version 3709383).
LogModuleManager: Display: Found up-to-date module file ../../../Engine/Plugins/Media/WmfMedia/Binaries/Win64/UE4Editor-WmfMediaFactory.dll (API version 3709383).
LogModuleManager: Display: Found up-to-date module file ../../../Engine/Plugins/Messaging/TcpMessaging/Binaries/Win64/UE4Editor-TcpMessaging.dll (API version 3709383).
LogModuleManager: Display: Found up-to-date module file ../../../Engine/Plugins/Messaging/UdpMessaging/Binaries/Win64/UE4Editor-UdpMessaging.dll (API version 3709383).
LogModuleManager: Display: Found up-to-date module file ../../../Engine/Plugins/MovieScene/ActorSequence/Binaries/Win64/UE4Editor-ActorSequence.dll (API version 3709383).
LogModuleManager: Display: Found up-to-date module file ../../../Engine/Plugins/MovieScene/LevelSequenceEditor/Binaries/Win64/UE4Editor-LevelSequenceEditor.dll (API version 3709383).
LogModuleManager: Display: Found up-to-date module file ../../../Engine/Plugins/MovieScene/MatineeToLevelSequence/Binaries/Win64/UE4Editor-MatineeToLevelSequence.dll (API version 3709383).
LogModuleManager: Display: Found up-to-date module file ../../../Engine/Plugins/Online/OnlineSubsystem/Binaries/Win64/UE4Editor-OnlineSubsystem.dll (API version 3709383).
LogModuleManager: Display: Found up-to-date module file ../../../Engine/Plugins/Runtime/AndroidPermission/Binaries/Win64/UE4Editor-AndroidPermission.dll (API version 3709383).
LogModuleManager: Display: Found up-to-date module file ../../../Engine/Plugins/Online/OnlineSubsystemNull/Binaries/Win64/UE4Editor-OnlineSubsystemNull.dll (API version 3709383).
LogModuleManager: Display: Found up-to-date module file ../../../Engine/Plugins/Online/OnlineSubsystemUtils/Binaries/Win64/UE4Editor-OnlineSubsystemUtils.dll (API version 3709383).
LogModuleManager: Display: Found up-to-date module file ../../../Engine/Plugins/Online/OnlineSubsystemUtils/Binaries/Win64/UE4Editor-OnlineBlueprintSupport.dll (API version 3709383).
LogModuleManager: Display: Found up-to-date module file ../../../Engine/Plugins/Runtime/AndroidDeviceProfileSelector/Binaries/Win64/UE4Editor-AndroidDeviceProfileSelector.dll (API version 3709383).
LogModuleManager: Display: Found up-to-date module file ../../../Engine/Plugins/Runtime/AppleARKit/Binaries/Win64/UE4Editor-AppleARKit.dll (API version 3709383).
LogModuleManager: Display: Found up-to-date module file ../../../Engine/Plugins/Runtime/ArchVisCharacter/Binaries/Win64/UE4Editor-ArchVisCharacter.dll (API version 3709383).
LogModuleManager: Display: Found up-to-date module file ../../../Engine/Plugins/Runtime/CableComponent/Binaries/Win64/UE4Editor-CableComponent.dll (API version 3709383).
LogModuleManager: Display: Found up-to-date module file ../../../Engine/Plugins/Runtime/CustomMeshComponent/Binaries/Win64/UE4Editor-CustomMeshComponent.dll (API version 3709383).
LogModuleManager: Display: Found up-to-date module file ../../../Engine/Plugins/Runtime/ExampleDeviceProfileSelector/Binaries/Win64/UE4Editor-ExampleDeviceProfileSelector.dll (API version 3709383).
LogModuleManager: Display: Found up-to-date module file ../../../Engine/Plugins/Runtime/ImmediatePhysics/Binaries/Win64/UE4Editor-ImmediatePhysics.dll (API version 3709383).
LogModuleManager: Display: Found up-to-date module file ../../../Engine/Plugins/Runtime/ImmediatePhysics/Binaries/Win64/UE4Editor-ImmediatePhysicsEditor.dll (API version 3709383).
LogModuleManager: Display: Found up-to-date module file ../../../Engine/Plugins/Runtime/LocationServicesBPLibrary/Binaries/Win64/UE4Editor-LocationServicesBPLibrary.dll (API version 3709383).
LogModuleManager: Display: Found up-to-date module file ../../../Engine/Plugins/Runtime/MobilePatchingUtils/Binaries/Win64/UE4Editor-MobilePatchingUtils.dll (API version 3709383).
LogModuleManager: Display: Found up-to-date module file ../../../Engine/Plugins/Runtime/Oculus/OculusVR/Binaries/Win64/UE4Editor-OculusHMD.dll (API version 3709383).
LogModuleManager: Display: Found up-to-date module file ../../../Engine/Plugins/Runtime/Oculus/OculusVR/Binaries/Win64/UE4Editor-OculusInput.dll (API version 3709383).
LogModuleManager: Display: Found up-to-date module file ../../../Engine/Plugins/Runtime/Oculus/OculusVR/Binaries/Win64/UE4Editor-OculusEditor.dll (API version 3709383).
LogModuleManager: Display: Found up-to-date module file ../../../Engine/Plugins/Runtime/PhysXVehicles/Binaries/Win64/UE4Editor-PhysXVehicles.dll (API version 3709383).
LogModuleManager: Display: Found up-to-date module file ../../../Engine/Plugins/Runtime/PhysXVehicles/Binaries/Win64/UE4Editor-PhysXVehiclesEditor.dll (API version 3709383).
LogModuleManager: Display: Found up-to-date module file ../../../Engine/Plugins/Runtime/ProceduralMeshComponent/Binaries/Win64/UE4Editor-ProceduralMeshComponent.dll (API version 3709383).
LogModuleManager: Display: Found up-to-date module file ../../../Engine/Plugins/Runtime/ProceduralMeshComponent/Binaries/Win64/UE4Editor-ProceduralMeshComponentEditor.dll (API version 3709383).
LogModuleManager: Display: Found up-to-date module file ../../../Engine/Plugins/Runtime/RuntimePhysXCooking/Binaries/Win64/UE4Editor-RuntimePhysXCooking.dll (API version 3709383).
LogModuleManager: Display: Found up-to-date module file ../../../Engine/Plugins/Runtime/Steam/SteamVR/Binaries/Win64/UE4Editor-SteamVR.dll (API version 3709383).
LogModuleManager: Display: Found up-to-date module file ../../../Engine/Plugins/Runtime/Steam/SteamVR/Binaries/Win64/UE4Editor-SteamVRController.dll (API version 3709383).
LogModuleManager: Display: Found up-to-date module file ../../../Engine/Plugins/Runtime/WindowsMoviePlayer/Binaries/Win64/UE4Editor-WindowsMoviePlayer.dll (API version 3709383).
LogPluginManager: Mounting plugin Paper2D
LogPluginManager: Mounting plugin LightPropagationVolume
LogPluginManager: Mounting plugin CodeLiteSourceCodeAccess
LogPluginManager: Mounting plugin GitSourceControl
LogPluginManager: Mounting plugin KDevelopSourceCodeAccess
LogPluginManager: Mounting plugin NullSourceCodeAccess
LogPluginManager: Mounting plugin PerforceSourceControl
LogPluginManager: Mounting plugin SubversionSourceControl
LogPluginManager: Mounting plugin UObjectPlugin
LogPluginManager: Mounting plugin VisualStudioCodeSourceCodeAccess
LogPluginManager: Mounting plugin VisualStudioSourceCodeAccess
LogPluginManager: Mounting plugin XCodeSourceCodeAccess
LogPluginManager: Mounting plugin AssetManagerEditor
LogPluginManager: Mounting plugin AudioCapture
LogPluginManager: Mounting plugin FacialAnimation
LogPluginManager: Mounting plugin GameplayTagsEditor
LogPluginManager: Mounting plugin MobileLauncherProfileWizard
LogPluginManager: Mounting plugin PluginBrowser
LogPluginManager: Mounting plugin SpeedTreeImporter
LogPluginManager: Mounting plugin AlembicImporter
LogPluginManager: Mounting plugin CharacterAI
LogPluginManager: Mounting plugin HTML5Networking
LogPluginManager: Mounting plugin DlgSystem
LogPluginManager: Mounting plugin AndroidMedia
LogPluginManager: Mounting plugin AvfMedia
LogPluginManager: Mounting plugin ImgMedia
LogPluginManager: Mounting plugin MediaCompositing
LogPluginManager: Mounting plugin MediaPlayerEditor
LogPluginManager: Mounting plugin WmfMedia
LogPluginManager: Mounting plugin TcpMessaging
LogPluginManager: Mounting plugin UdpMessaging
LogPluginManager: Mounting plugin ActorSequence
LogPluginManager: Mounting plugin LevelSequenceEditor
LogPluginManager: Mounting plugin MatineeToLevelSequence
LogPluginManager: Mounting plugin OnlineSubsystemGooglePlay
LogPluginManager: Mounting plugin OnlineSubsystemIOS
LogPluginManager: Mounting plugin OnlineSubsystem
LogPluginManager: Mounting plugin OnlineSubsystemNull
LogPluginManager: Mounting plugin OnlineSubsystemUtils
LogPluginManager: Mounting plugin AndroidDeviceProfileSelector
LogPluginManager: Mounting plugin AndroidMoviePlayer
LogPluginManager: Mounting plugin AndroidPermission
LogPluginManager: Mounting plugin AppleARKit
LogPluginManager: Mounting plugin AppleMoviePlayer
LogPluginManager: Mounting plugin ArchVisCharacter
LogPluginManager: Mounting plugin CableComponent
LogPluginManager: Mounting plugin CustomMeshComponent
LogPluginManager: Mounting plugin ExampleDeviceProfileSelector
LogPluginManager: Mounting plugin GoogleCloudMessaging
LogPluginManager: Mounting plugin ImmediatePhysics
LogPluginManager: Mounting plugin IOSDeviceProfileSelector
LogPluginManager: Mounting plugin LinuxDeviceProfileSelector
LogPluginManager: Mounting plugin LocationServicesBPLibrary
LogPluginManager: Mounting plugin MobilePatchingUtils
LogPluginManager: Mounting plugin OculusVR
LogPluginManager: Plugin shader directory ../../../Engine/Plugins/Runtime/Oculus/OculusVR/Shaders found
LogPluginManager: Mapping shader source directory ../../../Engine/Plugins/Runtime/Oculus/OculusVR/Shaders to virtual directory /Plugin/OculusVR
LogPluginManager: Mounting plugin PhysXVehicles
LogPluginManager: Mounting plugin ProceduralMeshComponent
LogPluginManager: Mounting plugin RuntimePhysXCooking
LogPluginManager: Mounting plugin SteamVR
LogPluginManager: Mounting plugin WindowsMoviePlayer
LogInit: Using libcurl 7.47.1
LogInit:  - built for x86_64-pc-win32
LogInit:  - supports SSL with OpenSSL/1.0.2g
LogInit:  - supports HTTP deflate (compression) using libz 1.2.8
LogInit:  - other features:
LogInit:      CURL_VERSION_SSL
LogInit:      CURL_VERSION_LIBZ
LogInit:      CURL_VERSION_IPV6
LogInit:      CURL_VERSION_ASYNCHDNS
LogInit:      CURL_VERSION_LARGEFILE
LogInit:      CURL_VERSION_IDN
LogInit:  CurlRequestOptions (configurable via config and command line):
LogInit:  - bVerifyPeer = false  - Libcurl will NOT verify peer certificate
LogInit:  - bUseHttpProxy = false  - Libcurl will NOT use HTTP proxy
LogInit:  - bDontReuseConnections = false  - Libcurl will reuse connections
LogInit:  - CertBundlePath = nullptr  - Libcurl will use whatever was configured at build time.
LogInit: Build: ++UE4+Release-4.18-CL-3832480
LogInit: Engine Version: 4.18.3-3832480+++UE4+Release-4.18
LogInit: Compatible Engine Version: 4.18.0-3709383+++UE4+Release-4.18
LogInit: Net CL: 3709383
LogDevObjectVersion: Number of dev versions registered: 16
LogDevObjectVersion:   Dev-Blueprints (B0D832E4-1F89-4F0D-ACCF-7EB736FD4AA2): 10
LogDevObjectVersion:   Dev-Build (E1C64328-A22C-4D53-A36C-8E866417BD8C): 0
LogDevObjectVersion:   Dev-Core (375EC13C-06E4-48FB-B500-84F0262A717E): 2
LogDevObjectVersion:   Dev-Editor (E4B068ED-F494-42E9-A231-DA0B2E46BB41): 20
LogDevObjectVersion:   Dev-Framework (CFFC743F-43B0-4480-9391-14DF171D2073): 30
LogDevObjectVersion:   Dev-Mobile (B02B49B5-BB20-44E9-A304-32B752E40360): 0
LogDevObjectVersion:   Dev-Networking (A4E4105C-59A1-49B5-A7C5-40C4547EDFEE): 0
LogDevObjectVersion:   Dev-Online (39C831C9-5AE6-47DC-9A44-9C173E1C8E7C): 0
LogDevObjectVersion:   Dev-Physics (78F01B33-EBEA-4F98-B9B4-84EACCB95AA2): 0
LogDevObjectVersion:   Dev-Platform (6631380F-2D4D-43E0-8009-CF276956A95A): 0
LogDevObjectVersion:   Dev-Rendering (12F88B9F-8875-4AFC-A67C-D90C383ABD29): 20
LogDevObjectVersion:   Dev-Sequencer (7B5AE74C-D270-4C10-A958-57980B212A5A): 4
LogDevObjectVersion:   Dev-VR (D7296918-1DD6-4BDD-9DE2-64A83CC13884): 0
LogDevObjectVersion:   Dev-LoadTimes (C2A15278-BFE7-4AFE-6C17-90FF531DF755): 1
LogDevObjectVersion:   Private-Geometry (6EACA3D4-40EC-4CC1-B786-8BED09428FC5): 1
LogDevObjectVersion:   Dev-AnimPhys (29E575DD-E0A3-4627-9D10-D276232CDCEA): 12
LogInit: Compiled (64-bit): Jan 12 2018 02:04:55
LogInit: Compiled with Visual C++: 19.00.24215.01
LogInit: Build Configuration: Development
LogInit: Branch Name: ++UE4+Release-4.18
LogInit: Command line:  
LogInit: Base directory: C:/UE_4.18/Engine/Binaries/Win64/
LogInit: Installed Engine Build: 1
LogInit: Presizing for max 8388607 objects, including 0 objects not considered by GC, pre-allocating 0 bytes for permanent pool.
LogInit: Object subsystem initialized
[2018.06.13-20.00.24:912][  0]LogInit: Selected Device Profile: [Windows]
[2018.06.13-20.00.24:912][  0]LogInit: Applying CVar settings loaded from the selected device profile: [Windows]
[2018.06.13-20.00.24:921][  0]LogInit: Computer: CDM-TS210WS01
[2018.06.13-20.00.24:921][  0]LogInit: User: zkolman
[2018.06.13-20.00.24:921][  0]LogInit: CPU Page size=4096, Cores=6
[2018.06.13-20.00.24:921][  0]LogInit: High frequency timer resolution =3.117495 MHz
[2018.06.13-20.00.24:921][  0]LogMemory: Memory total: Physical=16.0GB (16GB approx)
[2018.06.13-20.00.24:921][  0]LogMemory: Platform Memory Stats for Windows
[2018.06.13-20.00.24:922][  0]LogMemory: Process Physical Memory: 273.52 MB used, 273.52 MB peak
[2018.06.13-20.00.24:922][  0]LogMemory: Process Virtual Memory: 270.53 MB used, 270.53 MB peak
[2018.06.13-20.00.24:922][  0]LogMemory: Physical Memory: 5635.16 MB used,  10706.60 MB free, 16341.76 MB total
[2018.06.13-20.00.24:922][  0]LogMemory: Virtual Memory: 650.68 MB used,  10706.60 MB free, 134217728.00 MB total
[2018.06.13-20.00.25:139][  0]LogInit: Using OS detected language (en-US).
[2018.06.13-20.00.25:139][  0]LogInit: Using OS detected locale (en-US).
[2018.06.13-20.00.25:142][  0]LogTextLocalizationManager: No specific localization for 'en-US' exists, so the 'en' localization will be used.
[2018.06.13-20.00.25:576][  0]LogInit: Setting process to per monitor DPI aware
[2018.06.13-20.00.25:857][  0]LogD3D11RHI: D3D11 adapters:
[2018.06.13-20.00.25:872][  0]LogD3D11RHI:    0. 'NVIDIA GeForce GTX 660' (Feature Level 11_0)
[2018.06.13-20.00.25:872][  0]LogD3D11RHI:       1476/0/2560 MB DedicatedVideo/DedicatedSystem/SharedSystem, Outputs:2, VendorId:0x10de
[2018.06.13-20.00.25:874][  0]LogD3D11RHI:    1. 'Microsoft Basic Render Driver' (Feature Level 11_0)
[2018.06.13-20.00.25:874][  0]LogD3D11RHI:       0/0/8170 MB DedicatedVideo/DedicatedSystem/SharedSystem, Outputs:0, VendorId:0x1414
[2018.06.13-20.00.25:874][  0]LogD3D11RHI: Chosen D3D11 Adapter: 0
[2018.06.13-20.00.25:880][  0]LogD3D11RHI: Creating new Direct3DDevice
[2018.06.13-20.00.25:880][  0]LogD3D11RHI:     GPU DeviceId: 0x1185 (for the marketing name, search the web for "GPU Device Id")
[2018.06.13-20.00.25:880][  0]LogWindows: EnumDisplayDevices:
[2018.06.13-20.00.25:880][  0]LogWindows:    0. 'NVIDIA GeForce GTX 660' (P:1 D:1)
[2018.06.13-20.00.25:881][  0]LogWindows:    1. 'NVIDIA GeForce GTX 660' (P:0 D:1)
[2018.06.13-20.00.25:881][  0]LogWindows:    2. 'NVIDIA GeForce GTX 660' (P:0 D:0)
[2018.06.13-20.00.25:881][  0]LogWindows:    3. 'NVIDIA GeForce GTX 660' (P:0 D:0)
[2018.06.13-20.00.25:881][  0]LogWindows: DebugString: FoundDriverCount:4 
[2018.06.13-20.00.25:881][  0]LogD3D11RHI:     Adapter Name: NVIDIA GeForce GTX 660
[2018.06.13-20.00.25:881][  0]LogD3D11RHI:   Driver Version: 327.23 (internal:9.18.13.2723, unified:327.23)
[2018.06.13-20.00.25:881][  0]LogD3D11RHI:      Driver Date: 9-12-2013
[2018.06.13-20.00.25:881][  0]LogRHI: Texture pool is 1033 MB (70% of 1476 MB)
[2018.06.13-20.00.25:890][  0]LogD3D11RHI: NvAPI_D3D_GetCurrentSLIState failed: 0xfffffff7
[2018.06.13-20.00.25:890][  0]LogD3D11RHI: Async texture creation enabled
[2018.06.13-20.00.25:905][  0]LogD3D11RHI: GPU Timing Frequency: 1000.000000 (Debug: 2 1)
[2018.06.13-20.00.25:915][  0]LogWindowsTextInputMethodSystem: Display: IME system now deactivated.
[2018.06.13-20.00.29:049][  0]LogWindowsTextInputMethodSystem: Display: IME system now deactivated.
[2018.06.13-20.00.29:050][  0]LogWindowsTextInputMethodSystem: Display: IME system now deactivated.
[2018.06.13-20.00.29:050][  0]LogShaderCompilers: Guid format shader working directory is -10 characters bigger than the processId version (../../../../Users/zkolman/Web Xero/GLUE4/Gate_Logic_Redux/Intermediate/Shaders/WorkingDirectory/10116/).
[2018.06.13-20.00.29:050][  0]LogShaderCompilers: Cleaned the shader compiler working directory 'C:/Users/zkolman/AppData/Local/Temp/UnrealShaderWorkingDir/FEFB8CC44854CCFC3A6EF090B803CEB7/'.
[2018.06.13-20.00.29:050][  0]LogShaderCompilers: Display: Using Local Shader Compiler.
[2018.06.13-20.00.30:208][  0]LogTemp: Display: Loaded TP AllDesktopTargetPlatform
[2018.06.13-20.00.30:284][  0]LogTemp: Display: Loaded TP MacClientTargetPlatform
[2018.06.13-20.00.30:360][  0]LogTemp: Display: Loaded TP MacNoEditorTargetPlatform
[2018.06.13-20.00.30:438][  0]LogTemp: Display: Loaded TP MacServerTargetPlatform
[2018.06.13-20.00.30:514][  0]LogTemp: Display: Loaded TP MacTargetPlatform
[2018.06.13-20.00.30:589][  0]LogTemp: Display: Loaded TP WindowsClientTargetPlatform
[2018.06.13-20.00.30:665][  0]LogTemp: Display: Loaded TP WindowsNoEditorTargetPlatform
[2018.06.13-20.00.30:746][  0]LogTemp: Display: Loaded TP WindowsServerTargetPlatform
[2018.06.13-20.00.30:814][  0]LogTemp: Display: Loaded TP WindowsTargetPlatform
[2018.06.13-20.00.30:888][  0]LogTemp: Display: Loaded TP Android_ASTCTargetPlatform
[2018.06.13-20.00.30:962][  0]LogTemp: Display: Loaded TP Android_ATCTargetPlatform
[2018.06.13-20.00.31:035][  0]LogTemp: Display: Loaded TP Android_DXTTargetPlatform
[2018.06.13-20.00.31:111][  0]LogTemp: Display: Loaded TP Android_ETC1TargetPlatform
[2018.06.13-20.00.31:184][  0]LogTemp: Display: Loaded TP Android_ETC2TargetPlatform
[2018.06.13-20.00.31:330][  0]LogTemp: Display: Loaded TP Android_MultiTargetPlatform
[2018.06.13-20.00.31:330][  0]LogTemp: Display: Loaded TP Android_PVRTCTargetPlatform
[2018.06.13-20.00.31:403][  0]LogTemp: Display: Loaded TP AndroidTargetPlatform
[2018.06.13-20.00.31:462][  0]LogTemp: Display: Loaded TP HTML5TargetPlatform
[2018.06.13-20.00.31:584][  0]LogTemp: Display: Loaded TP IOSTargetPlatform
[2018.06.13-20.00.31:622][  0]LogTemp: Display: Loaded TP TVOSTargetPlatform
[2018.06.13-20.00.31:697][  0]LogTemp: Display: Loaded TP LinuxClientTargetPlatform
[2018.06.13-20.00.31:772][  0]LogTemp: Display: Loaded TP LinuxNoEditorTargetPlatform
[2018.06.13-20.00.31:845][  0]LogTemp: Display: Loaded TP LinuxServerTargetPlatform
[2018.06.13-20.00.31:918][  0]LogTemp: Display: Loaded TP LinuxTargetPlatform
[2018.06.13-20.00.31:919][  0]LogTargetPlatformManager: Display: Building Assets For Windows
[2018.06.13-20.00.32:620][  0]LogDerivedDataCache: Display: Max Cache Size: 512 MB
[2018.06.13-20.00.32:706][  0]LogDerivedDataCache: Loaded boot cache 0.09s 78MB C:/Users/zkolman/AppData/Local/UnrealEngine/4.18/DerivedDataCache/Boot.ddc.
[2018.06.13-20.00.32:706][  0]LogDerivedDataCache: Display: Loaded Boot cache: C:/Users/zkolman/AppData/Local/UnrealEngine/4.18/DerivedDataCache/Boot.ddc
[2018.06.13-20.00.32:706][  0]LogDerivedDataCache: FDerivedDataBackendGraph:  Pak pak cache file ../../../../Users/zkolman/Web Xero/GLUE4/Gate_Logic_Redux/DerivedDataCache/DDC.ddp not found, will not use a pak cache.
[2018.06.13-20.00.32:706][  0]LogDerivedDataCache: Unable to find inner node Pak for hierarchical cache Hierarchy.
[2018.06.13-20.00.32:706][  0]LogDerivedDataCache: FDerivedDataBackendGraph:  CompressedPak pak cache file ../../../../Users/zkolman/Web Xero/GLUE4/Gate_Logic_Redux/DerivedDataCache/Compressed.ddp not found, will not use a pak cache.
[2018.06.13-20.00.32:706][  0]LogDerivedDataCache: Unable to find inner node CompressedPak for hierarchical cache Hierarchy.
[2018.06.13-20.00.32:729][  0]LogDerivedDataCache: Display: Pak cache opened for reading ../../../Engine/DerivedDataCache/Compressed.ddp.
[2018.06.13-20.00.32:741][  0]LogDerivedDataCache: Using Local data cache path C:/Users/zkolman/AppData/Local/UnrealEngine/Common/DerivedDataCache: Writable
[2018.06.13-20.00.32:753][  0]LogMaterial: Verifying Global Shaders for PCD3D_SM5
[2018.06.13-20.00.32:753][  0]LogSlate: Using Freetype 2.6.0
[2018.06.13-20.00.32:754][  0]LogSlate: SlateFontCache - WITH_FREETYPE: 1, WITH_HARFBUZZ: 1
[2018.06.13-20.00.32:754][  0]LogSlate: SlateFontCache - WITH_FREETYPE: 1, WITH_HARFBUZZ: 1
[2018.06.13-20.00.33:246][  0]LogInit: Selected Device Profile: [Windows]
[2018.06.13-20.00.33:739][  0]LogSimplygon: Simplygon DLL not present - disabling.
[2018.06.13-20.00.33:803][  0]LogMeshReduction: Using SimplygonSwarm for distributed automatic mesh merging
[2018.06.13-20.00.33:803][  0]LogMeshReduction: Using QuadricMeshReduction for automatic static mesh reduction
[2018.06.13-20.00.33:803][  0]LogMeshReduction: No automatic skeletal mesh reduction module available
[2018.06.13-20.00.33:803][  0]LogMeshReduction: No automatic mesh merging module available
[2018.06.13-20.00.33:803][  0]LogMeshMerging: No automatic mesh merging module available
[2018.06.13-20.00.33:846][  0]LogNetVersion: Gate_Logic_Redux , NetCL: 3709383, EngineNetVer: 2, GameNetVer: 0 (Checksum: 3265797865)
[2018.06.13-20.00.34:063][  0]LogAssetRegistry: FAssetRegistry took 0.0275 seconds to start up
[2018.06.13-20.00.34:752][  0]LogPackageLocalizationCache: Processed 8 localized package path(s) for 2 prioritized culture(s) in 0.054755 seconds
[2018.06.13-20.00.34:757][  0]LogUObjectArray: 35870 objects as part of root set at end of initial load.
[2018.06.13-20.00.34:757][  0]LogUObjectAllocator: 7363704 out of 0 bytes used by permanent object pool.
[2018.06.13-20.00.34:757][  0]LogUObjectArray: CloseDisregardForGC: 0/0 objects in disregard for GC pool
[2018.06.13-20.00.34:836][  0]LogInit: WinSock: version 1.1 (2.2), MaxSocks=32767, MaxUdp=65467
[2018.06.13-20.00.38:782][  0]LogDlgSystem: Verbose: Creating new DlgGuid = `796FD162426A1906894BF0A131A6F27A` for Dialogue = `/Script/DlgSystem.Default__DlgDialogue` because of new created Dialogue.
[2018.06.13-20.00.38:783][  0]LogDlgSystem: Verbose: Started DlgSystemModule
[2018.06.13-20.00.38:897][  0]LogTcpMessaging: Initializing TcpMessaging bridge
[2018.06.13-20.00.38:958][  0]LogUdpMessaging: Initializing bridge on interface 0.0.0.0:0 to multicast group 230.0.0.1:6666.
[2018.06.13-20.00.39:955][  0]LogMaterial: Uniform references updated for custom material expression Custom.
[2018.06.13-20.00.40:568][  0]SourceControl: Source control is disabled
[2018.06.13-20.00.40:568][  0]SourceControl: Source control is disabled
[2018.06.13-20.00.40:651][  0]SourceControl: Source control is disabled
[2018.06.13-20.00.40:735][  0]SourceControl: Source control is disabled
[2018.06.13-20.00.41:996][  0]LogAndroidPermission: UAndroidPermissionCallbackProxy::GetInstance
[2018.06.13-20.00.42:415][  0]LogOcInput: OculusInput pre-init called
[2018.06.13-20.00.42:750][  0]LogDlgSystemEditor: Verbose: Started DlgSystemEditorModule
[2018.06.13-20.00.42:761][  0]LogDlgSystem: Verbose: Creating graph for Dialogue = `/DlgSystem/TestDialogue.TestDialogue`
[2018.06.13-20.00.42:762][  0]LogDlgSystem: Verbose: Creating new DlgGuid = `10110195417F3FB2B9F1FABAB2D3997D` for Dialogue = `/DlgSystem/TestDialogue.TestDialogue` because of new created Dialogue.
[2018.06.13-20.00.42:763][  0]LogDlgSystem: Refreshing data for Dialogue = `/DlgSystem/TestDialogue.TestDialogue`
[2018.06.13-20.00.42:763][  0]LogDlgSystemEditor: Verbose: UDlgManager::LoadAllDialoguesIntoMemory loaded 0 Dialogues into Memory
[2018.06.13-20.00.42:939][  0]LogEngine: Initializing Engine...
[2018.06.13-20.00.42:942][  0]LogHMD: Failed to initialize OpenVR with code 110
[2018.06.13-20.00.43:194][  0]LogStats: UGameplayTagsManager::ConstructGameplayTagTree: Construct from data asset -  0.000 s
[2018.06.13-20.00.43:194][  0]LogStats: UGameplayTagsManager::ConstructGameplayTagTree: GameplayTagTreeChangedEvent.Broadcast -  0.000 s
[2018.06.13-20.00.43:385][  0]LogAIModule: Creating AISystem for world Untitled
[2018.06.13-20.00.43:393][  0]LogInit: XAudio2 using 'Speakers / Headphones (Realtek High Definition Audio)' : 2 channels at 48 kHz using 32 bits per sample (channel mask 0x3)
[2018.06.13-20.00.43:462][  0]LogInit: FAudioDevice initialized.
[2018.06.13-20.00.43:637][  0]LogDerivedDataCache: Saved boot cache 0.17s 78MB C:/Users/zkolman/AppData/Local/UnrealEngine/4.18/DerivedDataCache/Boot.ddc.
[2018.06.13-20.00.43:645][  0]LogInit: Texture streaming: Enabled
[2018.06.13-20.00.43:796][  0]LogEngineSessionManager: EngineSessionManager initialized
[2018.06.13-20.00.43:982][  0]LogInit: Transaction tracking system initialized
[2018.06.13-20.00.44:443][  0]BlueprintLog: New page: Editor Load
[2018.06.13-20.00.45:748][  0]LocalizationService: Localization service is disabled
[2018.06.13-20.00.47:126][  0]LogConsoleResponse: Display: 
[2018.06.13-20.00.47:365][  0]LogCook: Display: Max memory allowance for cook 16384mb min free memory 0mb
[2018.06.13-20.00.47:366][  0]LogCook: Display: Mobile HDR setting 1
[2018.06.13-20.00.47:366][  0]LogGameplayTags: Display: UGameplayTagsManager::DoneAddingNativeTags. DelegateIsBound: 0
[2018.06.13-20.00.47:888][  0]LogFileCache: Scanning file cache for directory 'C:/Users/zkolman/Web Xero/GLUE4/Gate_Logic_Redux/Content/' took 0.01s
[2018.06.13-20.00.49:180][  0]SourceControl: Source control is disabled
[2018.06.13-20.00.49:180][  0]Cmd: MAP LOAD FILE="../../../Engine/Content/Maps/Templates/Template_Default.umap" TEMPLATE=1 SHOWPROGRESS=1 FEATURELEVEL=3
[2018.06.13-20.00.49:181][  0]LightingResults: New page: Lighting Build
[2018.06.13-20.00.49:241][  0]MapCheck: New page: Map Check
[2018.06.13-20.00.49:242][  0]LightingResults: New page: Lighting Build
[2018.06.13-20.00.49:542][  0]LogAIModule: Creating AISystem for world Untitled_1
[2018.06.13-20.00.49:549][  0]LogEditorServer: Finished looking for orphan Actors (0.000 secs)
[2018.06.13-20.00.49:564][  0]Cmd: MAP CHECKDEP NOCLEARLOG
[2018.06.13-20.00.49:622][  0]MapCheck: Map check complete: 0 Error(s), 0 Warning(s), took 57.13ms to complete.
[2018.06.13-20.00.49:622][  0]LogFileHelpers: Loading map 'Template_Default' took 0.442
[2018.06.13-20.00.49:778][  0]LogCollectionManager: Loaded 0 collections in 0.002809 seconds
[2018.06.13-20.00.49:880][  0]LogFileCache: Scanning file cache for directory 'C:/Users/zkolman/Web Xero/GLUE4/Gate_Logic_Redux/Saved/Collections/' took 0.01s
[2018.06.13-20.00.49:880][  0]LogFileCache: Scanning file cache for directory 'C:/Users/zkolman/Web Xero/GLUE4/Gate_Logic_Redux/Content/Developers/zkolman/Collections/' took 0.01s
[2018.06.13-20.00.49:880][  0]LogFileCache: Scanning file cache for directory 'C:/Users/zkolman/Web Xero/GLUE4/Gate_Logic_Redux/Content/Collections/' took 0.01s
[2018.06.13-20.00.49:880][  0]LogCollectionManager: Rebuilt the GUID cache for 0 collections in 0.000000 seconds
[2018.06.13-20.00.49:891][  0]LogContentBrowser: Native class hierarchy populated in 0.0103 seconds. Added 2407 classes and 533 folders.
[2018.06.13-20.00.49:989][  0]LogContentBrowser: Native class hierarchy updated for 'WidgetCarousel' in 0.0002 seconds. Added 0 classes and 0 folders.
[2018.06.13-20.00.50:049][  0]LogContentBrowser: Native class hierarchy updated for 'AddContentDialog' in 0.0002 seconds. Added 0 classes and 0 folders.
[2018.06.13-20.00.50:113][  0]LogContentBrowser: Native class hierarchy updated for 'SceneOutliner' in 0.0003 seconds. Added 1 classes and 2 folders.
[2018.06.13-20.00.50:140][  0]LogSlate: Took 0.000179 seconds to synchronously load lazily loaded font '../../../Engine/Content/Slate/Fonts/Roboto-Regular.ttf' (155K)
[2018.06.13-20.00.50:142][  0]LogSlate: Took 0.000167 seconds to synchronously load lazily loaded font '../../../Engine/Content/Slate/Fonts/Roboto-Bold.ttf' (160K)
[2018.06.13-20.00.50:148][  0]LogSlate: Took 0.000151 seconds to synchronously load lazily loaded font '../../../Engine/Content/Editor/Slate/Fonts/FontAwesome.ttf' (139K)
[2018.06.13-20.00.50:264][  0]LogRenderer: Reallocating scene render targets to support 1208x576 Format 9 NumSamples 1 (Frame:1).
[2018.06.13-20.00.50:560][  0]LogSlate: Took 0.000255 seconds to synchronously load lazily loaded font '../../../Engine/Content/Slate/Fonts/Roboto-Light.ttf' (159K)
[2018.06.13-20.00.50:832][  0]LogContentBrowser: Native class hierarchy updated for 'HierarchicalLODOutliner' in 0.0003 seconds. Added 1 classes and 2 folders.
[2018.06.13-20.00.50:832][  0]LogLoad: (Engine Initialization) Total time: 29.43 seconds
[2018.06.13-20.00.50:832][  0]LogLoad: (Engine Initialization) Total Blueprint compile time: 0.00 seconds
[2018.06.13-20.00.50:832][  0]LogExternalProfiler: No external profilers were discovered.  External profiling features will not be available.
[2018.06.13-20.00.50:867][  0]LogContentStreaming: Texture pool size now 600 MB
[2018.06.13-20.00.50:995][  2]LogAssetRegistry: Asset discovery search completed in 16.9533 seconds
[2018.06.13-20.00.50:996][  2]LogCollectionManager: Rebuilt the object cache for 0 collections in 0.000000 seconds (found 0 objects)
[2018.06.13-20.00.50:996][  2]LogCollectionManager: Fixed up redirectors for 0 collections in 0.000051 seconds (updated 0 objects)
[2018.06.13-20.00.51:865][ 72]LogSlate: Took 0.000281 seconds to synchronously load lazily loaded font '../../../Engine/Content/Slate/Fonts/Roboto-Light.ttf' (159K)
[2018.06.13-20.00.54:929][422]LogSlate: Took 0.000175 seconds to synchronously load lazily loaded font '../../../Engine/Content/Slate/Fonts/Roboto-Light.ttf' (159K)
[2018.06.13-20.00.55:491][422]LogAIModule: Creating AISystem for world HeroBuild
[2018.06.13-20.00.55:606][422]Cmd: MAP LOAD FILE="../../../../Users/zkolman/Web Xero/GLUE4/Gate_Logic_Redux/Content/Maps/HeroBuild.umap" TEMPLATE=0 SHOWPROGRESS=1 FEATURELEVEL=3
[2018.06.13-20.00.55:606][422]LightingResults: New page: Lighting Build
[2018.06.13-20.00.55:607][422]LoadErrors: New page: Loading map: HeroBuild.umap
[2018.06.13-20.00.55:608][422]MapCheck: New page: Map Check
[2018.06.13-20.00.55:608][422]LightingResults: New page: Lighting Build
[2018.06.13-20.00.55:630][422]LogEditorServer: Finished looking for orphan Actors (0.000 secs)
[2018.06.13-20.00.55:669][422]Cmd: MAP CHECKDEP NOCLEARLOG
[2018.06.13-20.00.55:729][422]MapCheck: Map check complete: 0 Error(s), 0 Warning(s), took 59.868ms to complete.
[2018.06.13-20.00.55:729][422]LogFileHelpers: Loading map 'HeroBuild' took 0.124
[2018.06.13-20.00.56:252][472]LogTemp: Repeating last play command: New Editor Window (PIE)
[2018.06.13-20.00.56:266][472]LogBlueprintUserMessages: Early PlayInEditor Detection: Level '/Game/Maps/HeroBuild.HeroBuild:PersistentLevel' has LevelScriptBlueprint '/Game/Maps/HeroBuild.HeroBuild:PersistentLevel.HeroBuild' with GeneratedClass '/Game/Maps/HeroBuild.HeroBuild_C' with ClassGeneratedBy '/Game/Maps/HeroBuild.HeroBuild:PersistentLevel.HeroBuild'
[2018.06.13-20.00.56:266][472]LogPlayLevel: PlayLevel: No blueprints needed recompiling
[2018.06.13-20.00.56:267][472]PIE: New page: PIE session: HeroBuild (Jun 13, 2018, 10:00:56 AM)
[2018.06.13-20.00.56:267][472]LogPlayLevel: Creating play world package: /Game/Maps/UEDPIE_0_HeroBuild
[2018.06.13-20.00.56:305][472]LogPlayLevel: PIE: StaticDuplicateObject took: (0.038469s)
[2018.06.13-20.00.56:306][472]LogAIModule: Creating AISystem for world HeroBuild
[2018.06.13-20.00.56:306][472]LogPlayLevel: PIE: World Init took: (0.000806s)
[2018.06.13-20.00.56:306][472]LogPlayLevel: PIE: Created PIE world by copying editor world from /Game/Maps/HeroBuild.HeroBuild to /Game/Maps/UEDPIE_0_HeroBuild.HeroBuild (0.039598s)
[2018.06.13-20.00.56:321][472]LogInit: XAudio2 using 'Speakers / Headphones (Realtek High Definition Audio)' : 2 channels at 48 kHz using 32 bits per sample (channel mask 0x3)
[2018.06.13-20.00.56:332][472]LogInit: FAudioDevice initialized.
[2018.06.13-20.00.56:396][472]LogLoad: Game class is 'GLMode_C'
[2018.06.13-20.00.56:401][472]LogWorld: Bringing World /Game/Maps/UEDPIE_0_HeroBuild.HeroBuild up for play (max tick rate 0) at 2018.06.13-15.00.56
[2018.06.13-20.00.56:402][472]LogWorld: Bringing up level for play took: 0.004165
[2018.06.13-20.00.56:466][472]LogContentBrowser: Native class hierarchy updated for 'MovieSceneCapture' in 0.0003 seconds. Added 11 classes and 0 folders.
[2018.06.13-20.00.56:472][472]PIE: Play in editor start time for /Game/Maps/UEDPIE_0_HeroBuild -0.296
[2018.06.13-20.00.56:473][472]LogBlueprintUserMessages: Late PlayInEditor Detection: Level '/Game/Maps/HeroBuild.HeroBuild:PersistentLevel' has LevelScriptBlueprint '/Game/Maps/HeroBuild.HeroBuild:PersistentLevel.HeroBuild' with GeneratedClass '/Game/Maps/HeroBuild.HeroBuild_C' with ClassGeneratedBy '/Game/Maps/HeroBuild.HeroBuild:PersistentLevel.HeroBuild'
[2018.06.13-20.01.26:162][ 16]LogBlueprintUserMessages: Early EndPlayMap Detection: Level '/Game/Maps/HeroBuild.HeroBuild:PersistentLevel' has LevelScriptBlueprint '/Game/Maps/HeroBuild.HeroBuild:PersistentLevel.HeroBuild' with GeneratedClass '/Game/Maps/HeroBuild.HeroBuild_C' with ClassGeneratedBy '/Game/Maps/HeroBuild.HeroBuild:PersistentLevel.HeroBuild'
[2018.06.13-20.01.26:210][ 16]LogBlueprintUserMessages: Late EndPlayMap Detection: Level '/Game/Maps/HeroBuild.HeroBuild:PersistentLevel' has LevelScriptBlueprint '/Game/Maps/HeroBuild.HeroBuild:PersistentLevel.HeroBuild' with GeneratedClass '/Game/Maps/HeroBuild.HeroBuild_C' with ClassGeneratedBy '/Game/Maps/HeroBuild.HeroBuild:PersistentLevel.HeroBuild'
[2018.06.13-20.01.36:248][208]LogEditorViewport: Clicking on Actor (LMB): textActor_2_C (textActor_2)
[2018.06.13-20.01.37:325][324]Cmd: DELETE
[2018.06.13-20.01.37:325][324]Cmd: ACTOR DELETE
[2018.06.13-20.01.37:334][324]LogEditorActor: Deleted Actor: textActor_2_C
[2018.06.13-20.01.37:348][324]LogEditorActor: Deleted 1 Actors (0.024 secs)
[2018.06.13-20.01.38:639][478]LogEditorViewport: Clicking on Actor (LMB): textActor_C (textActor)
[2018.06.13-20.01.59:131][676]Cmd: TRANSACTION UNDO
[2018.06.13-20.01.59:131][676]LogEditorTransaction: Undo Clear Children
[2018.06.13-20.02.25:827][703]Cmd: TRANSACTION UNDO
[2018.06.13-20.02.25:827][703]LogEditorTransaction: Undo Edit 0
[2018.06.13-20.02.49:663][416]LogTemp: Repeating last play command: New Editor Window (PIE)
[2018.06.13-20.02.49:678][416]LogBlueprintUserMessages: Early PlayInEditor Detection: Level '/Game/Maps/HeroBuild.HeroBuild:PersistentLevel' has LevelScriptBlueprint '/Game/Maps/HeroBuild.HeroBuild:PersistentLevel.HeroBuild' with GeneratedClass '/Game/Maps/HeroBuild.HeroBuild_C' with ClassGeneratedBy '/Game/Maps/HeroBuild.HeroBuild:PersistentLevel.HeroBuild'
[2018.06.13-20.02.49:678][416]LogPlayLevel: PlayLevel: No blueprints needed recompiling
[2018.06.13-20.02.49:679][416]PIE: New page: PIE session: HeroBuild (Jun 13, 2018, 10:02:49 AM)
[2018.06.13-20.02.49:679][416]LogPlayLevel: Creating play world package: /Game/Maps/UEDPIE_0_HeroBuild
[2018.06.13-20.02.49:719][416]LogPlayLevel: PIE: StaticDuplicateObject took: (0.040157s)
[2018.06.13-20.02.49:720][416]LogAIModule: Creating AISystem for world HeroBuild
[2018.06.13-20.02.49:720][416]LogPlayLevel: PIE: World Init took: (0.000927s)
[2018.06.13-20.02.49:720][416]LogPlayLevel: PIE: Created PIE world by copying editor world from /Game/Maps/HeroBuild.HeroBuild to /Game/Maps/UEDPIE_0_HeroBuild.HeroBuild (0.041391s)
[2018.06.13-20.02.49:737][416]LogInit: XAudio2 using 'Speakers / Headphones (Realtek High Definition Audio)' : 2 channels at 48 kHz using 32 bits per sample (channel mask 0x3)
[2018.06.13-20.02.49:749][416]LogInit: FAudioDevice initialized.
[2018.06.13-20.02.49:795][416]LogLoad: Game class is 'GLMode_C'
[2018.06.13-20.02.49:799][416]LogWorld: Bringing World /Game/Maps/UEDPIE_0_HeroBuild.HeroBuild up for play (max tick rate 0) at 2018.06.13-15.02.49
[2018.06.13-20.02.49:799][416]LogWorld: Bringing up level for play took: 0.003906
[2018.06.13-20.02.49:806][416]PIE: Play in editor start time for /Game/Maps/UEDPIE_0_HeroBuild 1.036
[2018.06.13-20.02.49:806][416]LogBlueprintUserMessages: Late PlayInEditor Detection: Level '/Game/Maps/HeroBuild.HeroBuild:PersistentLevel' has LevelScriptBlueprint '/Game/Maps/HeroBuild.HeroBuild:PersistentLevel.HeroBuild' with GeneratedClass '/Game/Maps/HeroBuild.HeroBuild_C' with ClassGeneratedBy '/Game/Maps/HeroBuild.HeroBuild:PersistentLevel.HeroBuild'
[2018.06.13-20.03.06:118][350]LogBlueprintUserMessages: Early EndPlayMap Detection: Level '/Game/Maps/HeroBuild.HeroBuild:PersistentLevel' has LevelScriptBlueprint '/Game/Maps/HeroBuild.HeroBuild:PersistentLevel.HeroBuild' with GeneratedClass '/Game/Maps/HeroBuild.HeroBuild_C' with ClassGeneratedBy '/Game/Maps/HeroBuild.HeroBuild:PersistentLevel.HeroBuild'
[2018.06.13-20.03.06:162][350]LogBlueprintUserMessages: Late EndPlayMap Detection: Level '/Game/Maps/HeroBuild.HeroBuild:PersistentLevel' has LevelScriptBlueprint '/Game/Maps/HeroBuild.HeroBuild:PersistentLevel.HeroBuild' with GeneratedClass '/Game/Maps/HeroBuild.HeroBuild_C' with ClassGeneratedBy '/Game/Maps/HeroBuild.HeroBuild:PersistentLevel.HeroBuild'
[2018.06.13-20.03.06:757][409]LogTemp: Repeating last play command: New Editor Window (PIE)
[2018.06.13-20.03.06:772][409]LogBlueprintUserMessages: Early PlayInEditor Detection: Level '/Game/Maps/HeroBuild.HeroBuild:PersistentLevel' has LevelScriptBlueprint '/Game/Maps/HeroBuild.HeroBuild:PersistentLevel.HeroBuild' with GeneratedClass '/Game/Maps/HeroBuild.HeroBuild_C' with ClassGeneratedBy '/Game/Maps/HeroBuild.HeroBuild:PersistentLevel.HeroBuild'
[2018.06.13-20.03.06:772][409]LogPlayLevel: PlayLevel: No blueprints needed recompiling
[2018.06.13-20.03.06:772][409]PIE: New page: PIE session: HeroBuild (Jun 13, 2018, 10:03:06 AM)
[2018.06.13-20.03.06:772][409]LogPlayLevel: Creating play world package: /Game/Maps/UEDPIE_0_HeroBuild
[2018.06.13-20.03.06:810][409]LogPlayLevel: PIE: StaticDuplicateObject took: (0.037755s)
[2018.06.13-20.03.06:811][409]LogAIModule: Creating AISystem for world HeroBuild
[2018.06.13-20.03.06:811][409]LogPlayLevel: PIE: World Init took: (0.000815s)
[2018.06.13-20.03.06:811][409]LogPlayLevel: PIE: Created PIE world by copying editor world from /Game/Maps/HeroBuild.HeroBuild to /Game/Maps/UEDPIE_0_HeroBuild.HeroBuild (0.038865s)
[2018.06.13-20.03.06:826][409]LogInit: XAudio2 using 'Speakers / Headphones (Realtek High Definition Audio)' : 2 channels at 48 kHz using 32 bits per sample (channel mask 0x3)
[2018.06.13-20.03.06:837][409]LogInit: FAudioDevice initialized.
[2018.06.13-20.03.06:880][409]LogLoad: Game class is 'GLMode_C'
[2018.06.13-20.03.06:884][409]LogWorld: Bringing World /Game/Maps/UEDPIE_0_HeroBuild.HeroBuild up for play (max tick rate 0) at 2018.06.13-15.03.06
[2018.06.13-20.03.06:884][409]LogWorld: Bringing up level for play took: 0.003845
[2018.06.13-20.03.06:890][409]PIE: Play in editor start time for /Game/Maps/UEDPIE_0_HeroBuild 0.121
[2018.06.13-20.03.06:891][409]LogBlueprintUserMessages: Late PlayInEditor Detection: Level '/Game/Maps/HeroBuild.HeroBuild:PersistentLevel' has LevelScriptBlueprint '/Game/Maps/HeroBuild.HeroBuild:PersistentLevel.HeroBuild' with GeneratedClass '/Game/Maps/HeroBuild.HeroBuild_C' with ClassGeneratedBy '/Game/Maps/HeroBuild.HeroBuild:PersistentLevel.HeroBuild'
[2018.06.13-20.03.12:858][110]LogBlueprintUserMessages: Early EndPlayMap Detection: Level '/Game/Maps/HeroBuild.HeroBuild:PersistentLevel' has LevelScriptBlueprint '/Game/Maps/HeroBuild.HeroBuild:PersistentLevel.HeroBuild' with GeneratedClass '/Game/Maps/HeroBuild.HeroBuild_C' with ClassGeneratedBy '/Game/Maps/HeroBuild.HeroBuild:PersistentLevel.HeroBuild'
[2018.06.13-20.03.12:907][110]LogBlueprintUserMessages: Late EndPlayMap Detection: Level '/Game/Maps/HeroBuild.HeroBuild:PersistentLevel' has LevelScriptBlueprint '/Game/Maps/HeroBuild.HeroBuild:PersistentLevel.HeroBuild' with GeneratedClass '/Game/Maps/HeroBuild.HeroBuild_C' with ClassGeneratedBy '/Game/Maps/HeroBuild.HeroBuild:PersistentLevel.HeroBuild'
[2018.06.13-20.03.19:738][903]Cmd: OBJ SAVEPACKAGE PACKAGE="/Game/Maps/HeroBuild" FILE="../../../../Users/zkolman/Web Xero/GLUE4/Gate_Logic_Redux/Content/Maps/HeroBuild.umap" SILENT=true AUTOSAVING=false KEEPDIRTY=false
[2018.06.13-20.03.20:471][903]LogSavePackage: Save=696.44ms
[2018.06.13-20.03.20:471][903]LogSavePackage: Moving '../../../../Users/zkolman/Web Xero/GLUE4/Gate_Logic_Redux/Saved/HeroBuild8324CD824CB640AE4117E4A75D789B3A.tmp' to '../../../../Users/zkolman/Web Xero/GLUE4/Gate_Logic_Redux/Content/Maps/HeroBuild.umap'
[2018.06.13-20.03.20:474][903]LogSavePackage: Display: Finished SavePackage ../../../../Users/zkolman/Web Xero/GLUE4/Gate_Logic_Redux/Content/Maps/HeroBuild.umap
[2018.06.13-20.03.20:503][903]Cmd: OBJ SAVEPACKAGE PACKAGE="/Game/Maps/HeroBuild_BuiltData" FILE="../../../../Users/zkolman/Web Xero/GLUE4/Gate_Logic_Redux/Content/Maps/HeroBuild_BuiltData.uasset" SILENT=true
[2018.06.13-20.03.20:530][903]LogSavePackage: Save=11.04ms
[2018.06.13-20.03.20:530][903]LogSavePackage: Moving '../../../../Users/zkolman/Web Xero/GLUE4/Gate_Logic_Redux/Saved/HeroBuild_BuiltData0F38DB6C4DDF8D480ADDA485314E3B4C.tmp' to '../../../../Users/zkolman/Web Xero/GLUE4/Gate_Logic_Redux/Content/Maps/HeroBuild_BuiltData.uasset'
[2018.06.13-20.03.20:531][903]LogSavePackage: Display: Finished SavePackage ../../../../Users/zkolman/Web Xero/GLUE4/Gate_Logic_Redux/Content/Maps/HeroBuild_BuiltData.uasset
[2018.06.13-20.04.08:875][224]LogTemp: Repeating last play command: New Editor Window (PIE)
[2018.06.13-20.04.08:891][224]LogBlueprintUserMessages: Early PlayInEditor Detection: Level '/Game/Maps/HeroBuild.HeroBuild:PersistentLevel' has LevelScriptBlueprint '/Game/Maps/HeroBuild.HeroBuild:PersistentLevel.HeroBuild' with GeneratedClass '/Game/Maps/HeroBuild.HeroBuild_C' with ClassGeneratedBy '/Game/Maps/HeroBuild.HeroBuild:PersistentLevel.HeroBuild'
[2018.06.13-20.04.08:891][224]LogPlayLevel: PlayLevel: No blueprints needed recompiling
[2018.06.13-20.04.08:891][224]PIE: New page: PIE session: HeroBuild (Jun 13, 2018, 10:04:08 AM)
[2018.06.13-20.04.08:891][224]LogPlayLevel: Creating play world package: /Game/Maps/UEDPIE_0_HeroBuild
[2018.06.13-20.04.08:932][224]LogPlayLevel: PIE: StaticDuplicateObject took: (0.040061s)
[2018.06.13-20.04.08:932][224]LogAIModule: Creating AISystem for world HeroBuild
[2018.06.13-20.04.08:932][224]LogPlayLevel: PIE: World Init took: (0.000846s)
[2018.06.13-20.04.08:933][224]LogPlayLevel: PIE: Created PIE world by copying editor world from /Game/Maps/HeroBuild.HeroBuild to /Game/Maps/UEDPIE_0_HeroBuild.HeroBuild (0.041232s)
[2018.06.13-20.04.08:948][224]LogInit: XAudio2 using 'Speakers / Headphones (Realtek High Definition Audio)' : 2 channels at 48 kHz using 32 bits per sample (channel mask 0x3)
[2018.06.13-20.04.08:959][224]LogInit: FAudioDevice initialized.
[2018.06.13-20.04.09:006][224]LogLoad: Game class is 'GLMode_C'
[2018.06.13-20.04.09:010][224]LogWorld: Bringing World /Game/Maps/UEDPIE_0_HeroBuild.HeroBuild up for play (max tick rate 0) at 2018.06.13-15.04.09
[2018.06.13-20.04.09:011][224]LogWorld: Bringing up level for play took: 0.003890
[2018.06.13-20.04.09:017][224]PIE: Play in editor start time for /Game/Maps/UEDPIE_0_HeroBuild 0.248
[2018.06.13-20.04.09:018][224]LogBlueprintUserMessages: Late PlayInEditor Detection: Level '/Game/Maps/HeroBuild.HeroBuild:PersistentLevel' has LevelScriptBlueprint '/Game/Maps/HeroBuild.HeroBuild:PersistentLevel.HeroBuild' with GeneratedClass '/Game/Maps/HeroBuild.HeroBuild_C' with ClassGeneratedBy '/Game/Maps/HeroBuild.HeroBuild:PersistentLevel.HeroBuild'
[2018.06.13-20.04.15:506][986]LogBlueprintUserMessages: Early EndPlayMap Detection: Level '/Game/Maps/HeroBuild.HeroBuild:PersistentLevel' has LevelScriptBlueprint '/Game/Maps/HeroBuild.HeroBuild:PersistentLevel.HeroBuild' with GeneratedClass '/Game/Maps/HeroBuild.HeroBuild_C' with ClassGeneratedBy '/Game/Maps/HeroBuild.HeroBuild:PersistentLevel.HeroBuild'
[2018.06.13-20.04.15:553][986]LogBlueprintUserMessages: Late EndPlayMap Detection: Level '/Game/Maps/HeroBuild.HeroBuild:PersistentLevel' has LevelScriptBlueprint '/Game/Maps/HeroBuild.HeroBuild:PersistentLevel.HeroBuild' with GeneratedClass '/Game/Maps/HeroBuild.HeroBuild_C' with ClassGeneratedBy '/Game/Maps/HeroBuild.HeroBuild:PersistentLevel.HeroBuild'
[2018.06.13-20.04.18:577][313]LogEditorViewport: Clicking on Actor (LMB): textActor_C (textActor2)
[2018.06.13-20.04.19:424][397]Cmd: DELETE
[2018.06.13-20.04.19:424][397]Cmd: ACTOR DELETE
[2018.06.13-20.04.19:432][397]LogEditorActor: Deleted Actor: textActor_C
[2018.06.13-20.04.19:445][397]LogEditorActor: Deleted 1 Actors (0.021 secs)
[2018.06.13-20.04.20:045][468]LogTemp: Repeating last play command: New Editor Window (PIE)
[2018.06.13-20.04.20:059][468]LogBlueprintUserMessages: Early PlayInEditor Detection: Level '/Game/Maps/HeroBuild.HeroBuild:PersistentLevel' has LevelScriptBlueprint '/Game/Maps/HeroBuild.HeroBuild:PersistentLevel.HeroBuild' with GeneratedClass '/Game/Maps/HeroBuild.HeroBuild_C' with ClassGeneratedBy '/Game/Maps/HeroBuild.HeroBuild:PersistentLevel.HeroBuild'
[2018.06.13-20.04.20:059][468]LogPlayLevel: PlayLevel: No blueprints needed recompiling
[2018.06.13-20.04.20:059][468]PIE: New page: PIE session: HeroBuild (Jun 13, 2018, 10:04:20 AM)
[2018.06.13-20.04.20:060][468]LogPlayLevel: Creating play world package: /Game/Maps/UEDPIE_0_HeroBuild
[2018.06.13-20.04.20:098][468]LogPlayLevel: PIE: StaticDuplicateObject took: (0.037966s)
[2018.06.13-20.04.20:098][468]LogAIModule: Creating AISystem for world HeroBuild
[2018.06.13-20.04.20:098][468]LogPlayLevel: PIE: World Init took: (0.000758s)
[2018.06.13-20.04.20:099][468]LogPlayLevel: PIE: Created PIE world by copying editor world from /Game/Maps/HeroBuild.HeroBuild to /Game/Maps/UEDPIE_0_HeroBuild.HeroBuild (0.039028s)
[2018.06.13-20.04.20:114][468]LogInit: XAudio2 using 'Speakers / Headphones (Realtek High Definition Audio)' : 2 channels at 48 kHz using 32 bits per sample (channel mask 0x3)
[2018.06.13-20.04.20:124][468]LogInit: FAudioDevice initialized.
[2018.06.13-20.04.20:169][468]LogLoad: Game class is 'GLMode_C'
[2018.06.13-20.04.20:173][468]LogWorld: Bringing World /Game/Maps/UEDPIE_0_HeroBuild.HeroBuild up for play (max tick rate 0) at 2018.06.13-15.04.20
[2018.06.13-20.04.20:173][468]LogWorld: Bringing up level for play took: 0.003704
[2018.06.13-20.04.20:179][468]PIE: Play in editor start time for /Game/Maps/UEDPIE_0_HeroBuild -0.59
[2018.06.13-20.04.20:180][468]LogBlueprintUserMessages: Late PlayInEditor Detection: Level '/Game/Maps/HeroBuild.HeroBuild:PersistentLevel' has LevelScriptBlueprint '/Game/Maps/HeroBuild.HeroBuild:PersistentLevel.HeroBuild' with GeneratedClass '/Game/Maps/HeroBuild.HeroBuild_C' with ClassGeneratedBy '/Game/Maps/HeroBuild.HeroBuild:PersistentLevel.HeroBuild'
[2018.06.13-20.17.40:683][936]LogBlueprintUserMessages: Early EndPlayMap Detection: Level '/Game/Maps/HeroBuild.HeroBuild:PersistentLevel' has LevelScriptBlueprint '/Game/Maps/HeroBuild.HeroBuild:PersistentLevel.HeroBuild' with GeneratedClass '/Game/Maps/HeroBuild.HeroBuild_C' with ClassGeneratedBy '/Game/Maps/HeroBuild.HeroBuild:PersistentLevel.HeroBuild'
[2018.06.13-20.17.40:713][936]LogBlueprintUserMessages: Late EndPlayMap Detection: Level '/Game/Maps/HeroBuild.HeroBuild:PersistentLevel' has LevelScriptBlueprint '/Game/Maps/HeroBuild.HeroBuild:PersistentLevel.HeroBuild' with GeneratedClass '/Game/Maps/HeroBuild.HeroBuild_C' with ClassGeneratedBy '/Game/Maps/HeroBuild.HeroBuild:PersistentLevel.HeroBuild'
[2018.06.13-20.17.43:719][942]Cmd: QUIT_EDITOR
[2018.06.13-20.17.43:900][942]LogWindowsTextInputMethodSystem: Display: IME system now deactivated.
[2018.06.13-20.17.43:909][942]LogExit: Preparing to exit.
[2018.06.13-20.17.44:274][942]LogDirectoryWatcher: A directory notification for 'C:/Users/zkolman/Web Xero/GLUE4/Gate_Logic_Redux/Content/' was aborted.
[2018.06.13-20.17.44:292][942]LogExit: Editor shut down
[2018.06.13-20.17.44:298][942]LogExit: Transaction tracking system shut down
[2018.06.13-20.17.44:484][942]LogDirectoryWatcher: A directory notification for '../../../Engine/Content/' was aborted.
[2018.06.13-20.17.44:484][942]LogDirectoryWatcher: A directory notification for '../../../../Users/zkolman/Web Xero/GLUE4/Gate_Logic_Redux/Content/' was aborted.
[2018.06.13-20.17.44:484][942]LogDirectoryWatcher: A directory notification for '../../../Engine/Plugins/2D/Paper2D/Content/' was aborted.
[2018.06.13-20.17.44:484][942]LogDirectoryWatcher: A directory notification for '../../../Engine/Plugins/Marketplace/DlgSystem/Content/' was aborted.
[2018.06.13-20.17.44:484][942]LogDirectoryWatcher: A directory notification for '../../../Engine/Plugins/Media/MediaCompositing/Content/' was aborted.
[2018.06.13-20.17.44:484][942]LogDirectoryWatcher: A directory notification for '../../../Engine/Plugins/Runtime/AppleARKit/Content/' was aborted.
[2018.06.13-20.17.44:484][942]LogDirectoryWatcher: A directory notification for '../../../Engine/Plugins/Runtime/Oculus/OculusVR/Content/' was aborted.
[2018.06.13-20.17.44:484][942]LogDirectoryWatcher: A directory notification for '../../../Engine/Plugins/Runtime/Steam/SteamVR/Content/' was aborted.
[2018.06.13-20.17.44:539][942]LogExit: Object subsystem successfully closed.
[2018.06.13-20.17.44:560][942]LogD3D11RHI: Shutdown
[2018.06.13-20.17.44:560][942]LogD3D11RHI: CleanupD3DDevice
[2018.06.13-20.17.44:563][942]LogD3D11RHI: ~FD3D11DynamicRHI
[2018.06.13-20.17.44:582][942]LogModuleManager: Shutting down and abandoning module MovieSceneCapture (556)
[2018.06.13-20.17.44:582][942]LogModuleManager: Shutting down and abandoning module HierarchicalLODOutliner (554)
[2018.06.13-20.17.44:582][942]LogModuleManager: Shutting down and abandoning module SceneOutliner (552)
[2018.06.13-20.17.44:582][942]LogModuleManager: Shutting down and abandoning module AddContentDialog (550)
[2018.06.13-20.17.44:582][942]LogDirectoryWatcher: A directory notification for 'C:/UE_4.18/FeaturePacks/' was aborted.
[2018.06.13-20.17.44:583][942]LogModuleManager: Shutting down and abandoning module WidgetCarousel (549)
[2018.06.13-20.17.44:583][942]LogModuleManager: Shutting down and abandoning module EditorWidgets (546)
[2018.06.13-20.17.44:583][942]LogModuleManager: Shutting down and abandoning module CollectionManager (544)
[2018.06.13-20.17.44:583][942]LogDirectoryWatcher: A directory notification for 'C:/Users/zkolman/Web Xero/GLUE4/Gate_Logic_Redux/Content/Collections/' was aborted.
[2018.06.13-20.17.44:583][942]LogDirectoryWatcher: A directory notification for 'C:/Users/zkolman/Web Xero/GLUE4/Gate_Logic_Redux/Content/Developers/zkolman/Collections/' was aborted.
[2018.06.13-20.17.44:583][942]LogDirectoryWatcher: A directory notification for 'C:/Users/zkolman/Web Xero/GLUE4/Gate_Logic_Redux/Saved/Collections/' was aborted.
[2018.06.13-20.17.44:584][942]LogModuleManager: Shutting down and abandoning module HierarchicalLODUtilities (542)
[2018.06.13-20.17.44:584][942]LogModuleManager: Shutting down and abandoning module StatsViewer (540)
[2018.06.13-20.17.44:584][942]LogModuleManager: Shutting down and abandoning module FoliageEdit (538)
[2018.06.13-20.17.44:584][942]LogModuleManager: Shutting down and abandoning module LandscapeEditor (536)
[2018.06.13-20.17.44:584][942]LogModuleManager: Shutting down and abandoning module MeshPaintMode (534)
[2018.06.13-20.17.44:584][942]LogModuleManager: Shutting down and abandoning module SceneDepthPickerMode (532)
[2018.06.13-20.17.44:584][942]LogModuleManager: Shutting down and abandoning module ActorPickerMode (530)
[2018.06.13-20.17.44:584][942]LogModuleManager: Shutting down and abandoning module GeometryMode (528)
[2018.06.13-20.17.44:584][942]LogModuleManager: Shutting down and abandoning module TextureAlignMode (526)
[2018.06.13-20.17.44:584][942]LogModuleManager: Shutting down and abandoning module BspMode (524)
[2018.06.13-20.17.44:584][942]LogModuleManager: Shutting down and abandoning module PIEPreviewDeviceProfileSelector (522)
[2018.06.13-20.17.44:584][942]LogModuleManager: Shutting down and abandoning module HardwareSurvey (520)
[2018.06.13-20.17.44:584][942]LogModuleManager: Shutting down and abandoning module SequenceRecorderSections (518)
[2018.06.13-20.17.44:584][942]LogModuleManager: Shutting down and abandoning module AutomationWorker (516)
[2018.06.13-20.17.44:584][942]LogModuleManager: Shutting down and abandoning module MatineeToLevelSequence (514)
[2018.06.13-20.17.44:584][942]LogModuleManager: Shutting down and abandoning module LevelSequenceEditor (512)
[2018.06.13-20.17.44:584][942]LogModuleManager: Shutting down and abandoning module PlacementMode (511)
[2018.06.13-20.17.44:584][942]LogModuleManager: Shutting down and abandoning module WmfMediaFactory (508)
[2018.06.13-20.17.44:584][942]LogModuleManager: Shutting down and abandoning module WmfMediaEditor (506)
[2018.06.13-20.17.44:584][942]LogModuleManager: Shutting down and abandoning module OpenExrWrapper (504)
[2018.06.13-20.17.44:584][942]LogModuleManager: Shutting down and abandoning module ImgMediaFactory (502)
[2018.06.13-20.17.44:584][942]LogModuleManager: Shutting down and abandoning module ImgMediaEditor (500)
[2018.06.13-20.17.44:584][942]LogModuleManager: Shutting down and abandoning module AvfMediaFactory (498)
[2018.06.13-20.17.44:584][942]LogModuleManager: Shutting down and abandoning module AvfMediaEditor (496)
[2018.06.13-20.17.44:584][942]LogModuleManager: Shutting down and abandoning module AndroidMediaFactory (494)
[2018.06.13-20.17.44:584][942]LogModuleManager: Shutting down and abandoning module AndroidMediaEditor (492)
[2018.06.13-20.17.44:584][942]LogModuleManager: Shutting down and abandoning module CharacterAI (490)
[2018.06.13-20.17.44:584][942]LogModuleManager: Shutting down and abandoning module AudioCapture (488)
[2018.06.13-20.17.44:584][942]LogModuleManager: Shutting down and abandoning module SequenceRecorder (487)
[2018.06.13-20.17.44:585][942]LogModuleManager: Shutting down and abandoning module SmartSnapping (484)
[2018.06.13-20.17.44:585][942]LogModuleManager: Shutting down and abandoning module SessionServices (482)
[2018.06.13-20.17.44:585][942]LogModuleManager: Shutting down and abandoning module ViewportSnapping (480)
[2018.06.13-20.17.44:585][942]LogModuleManager: Shutting down and abandoning module ViewportInteraction (478)
[2018.06.13-20.17.44:585][942]LogModuleManager: Shutting down and abandoning module ClothPainter (476)
[2018.06.13-20.17.44:585][942]LogModuleManager: Shutting down and abandoning module SkeletalMeshEditor (475)
[2018.06.13-20.17.44:585][942]LogModuleManager: Shutting down and abandoning module LogVisualizer (472)
[2018.06.13-20.17.44:585][942]LogModuleManager: Shutting down and abandoning module IntroTutorials (470)
[2018.06.13-20.17.44:585][942]LogModuleManager: Shutting down and abandoning module GameProjectGeneration (469)
[2018.06.13-20.17.44:585][942]LogModuleManager: Shutting down and abandoning module IOSPlatformEditor (466)
[2018.06.13-20.17.44:585][942]LogModuleManager: Shutting down and abandoning module HTML5PlatformEditor (464)
[2018.06.13-20.17.44:585][942]LogModuleManager: Shutting down and abandoning module AndroidPlatformEditor (462)
[2018.06.13-20.17.44:585][942]LogModuleManager: Shutting down and abandoning module AndroidDeviceDetection (461)
[2018.06.13-20.17.44:607][942]LogModuleManager: Shutting down and abandoning module WindowsPlatformEditor (458)
[2018.06.13-20.17.44:607][942]LogModuleManager: Shutting down and abandoning module IOSRuntimeSettings (456)
[2018.06.13-20.17.44:607][942]LogModuleManager: Shutting down and abandoning module AndroidRuntimeSettings (454)
[2018.06.13-20.17.44:607][942]LogModuleManager: Shutting down and abandoning module InputBindingEditor (452)
[2018.06.13-20.17.44:607][942]LogModuleManager: Shutting down and abandoning module MergeActors (450)
[2018.06.13-20.17.44:607][942]LogModuleManager: Shutting down and abandoning module SizeMap (448)
[2018.06.13-20.17.44:607][942]LogModuleManager: Shutting down and abandoning module TreeMap (446)
[2018.06.13-20.17.44:607][942]LogModuleManager: Shutting down and abandoning module ReferenceViewer (444)
[2018.06.13-20.17.44:607][942]LogModuleManager: Shutting down and abandoning module LocalizationDashboard (442)
[2018.06.13-20.17.44:607][942]LogModuleManager: Shutting down and abandoning module LocalizationService (441)
[2018.06.13-20.17.44:608][942]LogModuleManager: Shutting down and abandoning module HardwareTargeting (438)
[2018.06.13-20.17.44:608][942]LogModuleManager: Shutting down and abandoning module DeviceProfileEditor (436)
[2018.06.13-20.17.44:608][942]LogModuleManager: Shutting down and abandoning module UndoHistory (434)
[2018.06.13-20.17.44:608][942]LogModuleManager: Shutting down and abandoning module XmlParser (432)
[2018.06.13-20.17.44:608][942]LogModuleManager: Shutting down and abandoning module Blutility (430)
[2018.06.13-20.17.44:608][942]LogModuleManager: Shutting down and abandoning module ProjectSettingsViewer (428)
[2018.06.13-20.17.44:608][942]LogModuleManager: Shutting down and abandoning module ProjectTargetPlatformEditor (427)
[2018.06.13-20.17.44:608][942]LogModuleManager: Shutting down and abandoning module EditorSettingsViewer (424)
[2018.06.13-20.17.44:608][942]LogModuleManager: Shutting down and abandoning module SettingsEditor (422)
[2018.06.13-20.17.44:608][942]LogModuleManager: Shutting down and abandoning module ProjectLauncher (420)
[2018.06.13-20.17.44:608][942]LogModuleManager: Shutting down and abandoning module SessionFrontend (418)
[2018.06.13-20.17.44:608][942]LogModuleManager: Shutting down and abandoning module ProfilerClient (416)
[2018.06.13-20.17.44:608][942]LogModuleManager: Shutting down and abandoning module DeviceManager (414)
[2018.06.13-20.17.44:608][942]LogModuleManager: Shutting down and abandoning module TargetDeviceServices (413)
[2018.06.13-20.17.44:672][942]LogModuleManager: Shutting down and abandoning module AutomationController (410)
[2018.06.13-20.17.44:672][942]LogModuleManager: Shutting down and abandoning module AutomationWindow (408)
[2018.06.13-20.17.44:672][942]LogModuleManager: Shutting down and abandoning module Layers (406)
[2018.06.13-20.17.44:672][942]LogModuleManager: Shutting down and abandoning module ComponentVisualizers (404)
[2018.06.13-20.17.44:672][942]LogModuleManager: Shutting down and abandoning module DetailCustomizations (402)
[2018.06.13-20.17.44:672][942]LogModuleManager: Shutting down and abandoning module PackagesDialog (400)
[2018.06.13-20.17.44:672][942]LogModuleManager: Shutting down and abandoning module Persona (398)
[2018.06.13-20.17.44:672][942]LogModuleManager: Shutting down and abandoning module AdvancedPreviewScene (397)
[2018.06.13-20.17.44:672][942]LogModuleManager: Shutting down and abandoning module AnimGraph (395)
[2018.06.13-20.17.44:672][942]LogModuleManager: Shutting down and abandoning module Kismet (392)
[2018.06.13-20.17.44:673][942]LogModuleManager: Shutting down and abandoning module ClassViewer (390)
[2018.06.13-20.17.44:673][942]LogModuleManager: Shutting down and abandoning module Toolbox (388)
[2018.06.13-20.17.44:673][942]LogModuleManager: Shutting down and abandoning module ModuleUI (386)
[2018.06.13-20.17.44:673][942]LogModuleManager: Shutting down and abandoning module MovieSceneTools (384)
[2018.06.13-20.17.44:673][942]LogModuleManager: Shutting down and abandoning module OutputLog (382)
[2018.06.13-20.17.44:673][942]LogModuleManager: Shutting down and abandoning module GammaUI (380)
[2018.06.13-20.17.44:673][942]LogModuleManager: Shutting down and abandoning module Documentation (378)
[2018.06.13-20.17.44:673][942]LogModuleManager: Shutting down and abandoning module MovieSceneTracks (376)
[2018.06.13-20.17.44:673][942]LogModuleManager: Shutting down and abandoning module MovieScene (374)
[2018.06.13-20.17.44:673][942]LogModuleManager: Shutting down and abandoning module StreamingPauseRendering (372)
[2018.06.13-20.17.44:673][942]LogModuleManager: Shutting down and abandoning module LauncherPlatform (370)
[2018.06.13-20.17.44:673][942]LogModuleManager: Shutting down and abandoning module AnalyticsET (368)
[2018.06.13-20.17.44:674][942]LogModuleManager: Shutting down and abandoning module PortalServices (366)
[2018.06.13-20.17.44:674][942]LogModuleManager: Shutting down and abandoning module PortalRpc (364)
[2018.06.13-20.17.44:674][942]LogModuleManager: Shutting down and abandoning module MessagingRpc (362)
[2018.06.13-20.17.44:674][942]LogModuleManager: Shutting down and abandoning module AIModule (360)
[2018.06.13-20.17.44:674][942]LogModuleManager: Shutting down and abandoning module AITestSuite (359)
[2018.06.13-20.17.44:674][942]LogModuleManager: Shutting down and abandoning module DesktopPlatform (356)
[2018.06.13-20.17.44:674][942]LogModuleManager: Shutting down and abandoning module ProfilerService (354)
[2018.06.13-20.17.44:916][942]LogModuleManager: Shutting down and abandoning module TaskGraph (352)
[2018.06.13-20.17.44:916][942]LogModuleManager: Shutting down and abandoning module DlgSystemEditor (350)
[2018.06.13-20.17.44:916][942]LogDlgSystemEditor: Verbose: Stopped DlgSystemEditorModule
[2018.06.13-20.17.44:916][942]LogModuleManager: Shutting down and abandoning module SteamVRController (348)
[2018.06.13-20.17.44:916][942]LogModuleManager: Shutting down and abandoning module ProceduralMeshComponentEditor (346)
[2018.06.13-20.17.44:916][942]LogModuleManager: Shutting down and abandoning module ProceduralMeshComponent (344)
[2018.06.13-20.17.44:916][942]LogModuleManager: Shutting down and abandoning module OculusInput (342)
[2018.06.13-20.17.44:916][942]LogModuleManager: Shutting down and abandoning module MobilePatchingUtils (340)
[2018.06.13-20.17.44:917][942]LogModuleManager: Shutting down and abandoning module CustomMeshComponent (338)
[2018.06.13-20.17.44:917][942]LogModuleManager: Shutting down and abandoning module CableComponent (336)
[2018.06.13-20.17.44:917][942]LogModuleManager: Shutting down and abandoning module ArchVisCharacter (334)
[2018.06.13-20.17.44:917][942]LogModuleManager: Shutting down and abandoning module AndroidPermission (332)
[2018.06.13-20.17.44:917][942]LogModuleManager: Shutting down and abandoning module ActorSequence (328)
[2018.06.13-20.17.44:917][942]LogModuleManager: Shutting down and abandoning module MediaPlayerEditor (326)
[2018.06.13-20.17.44:917][942]LogModuleManager: Shutting down and abandoning module MediaCompositingEditor (324)
[2018.06.13-20.17.44:917][942]LogModuleManager: Shutting down and abandoning module MediaCompositing (322)
[2018.06.13-20.17.44:917][942]LogModuleManager: Shutting down and abandoning module HTML5Networking (320)
[2018.06.13-20.17.44:917][942]LogModuleManager: Shutting down and abandoning module AlembicImporter (318)
[2018.06.13-20.17.44:917][942]LogModuleManager: Shutting down and abandoning module AlembicLibrary (317)
[2018.06.13-20.17.44:917][942]LogModuleManager: Shutting down and abandoning module GeometryCache (316)
[2018.06.13-20.17.44:917][942]LogModuleManager: Shutting down and abandoning module GeometryCacheEd (315)
[2018.06.13-20.17.44:917][942]LogModuleManager: Shutting down and abandoning module SpeedTreeImporter (310)
[2018.06.13-20.17.44:917][942]LogModuleManager: Shutting down and abandoning module PluginBrowser (308)
[2018.06.13-20.17.44:917][942]LogModuleManager: Shutting down and abandoning module MobileLauncherProfileWizard (306)
[2018.06.13-20.17.44:917][942]LogModuleManager: Shutting down and abandoning module VisualStudioSourceCodeAccess (304)
[2018.06.13-20.17.44:917][942]LogModuleManager: Shutting down and abandoning module VisualStudioCodeSourceCodeAccess (302)
[2018.06.13-20.17.44:917][942]LogModuleManager: Shutting down and abandoning module UObjectPlugin (300)
[2018.06.13-20.17.44:917][942]LogModuleManager: Shutting down and abandoning module SubversionSourceControl (298)
[2018.06.13-20.17.44:917][942]LogModuleManager: Shutting down and abandoning module PerforceSourceControl (296)
[2018.06.13-20.17.44:917][942]LogModuleManager: Shutting down and abandoning module GitSourceControl (294)
[2018.06.13-20.17.44:917][942]LogModuleManager: Shutting down and abandoning module SourceControl (293)
[2018.06.13-20.17.44:917][942]LogModuleManager: Shutting down and abandoning module LightPropagationVolumeEditor (290)
[2018.06.13-20.17.44:917][942]LogModuleManager: Shutting down and abandoning module PaperTiledImporter (288)
[2018.06.13-20.17.44:917][942]LogModuleManager: Shutting down and abandoning module PaperSpriteSheetImporter (286)
[2018.06.13-20.17.44:917][942]LogModuleManager: Shutting down and abandoning module Paper2DEditor (284)
[2018.06.13-20.17.44:917][942]LogModuleManager: Shutting down and abandoning module MeshPaint (283)
[2018.06.13-20.17.44:917][942]LogModuleManager: Shutting down and abandoning module LevelEditor (281)
[2018.06.13-20.17.44:918][942]LogModuleManager: Shutting down and abandoning module PixelInspectorModule (280)
[2018.06.13-20.17.44:918][942]LogModuleManager: Shutting down and abandoning module MainFrame (278)
[2018.06.13-20.17.44:918][942]LogModuleManager: Shutting down and abandoning module HotReload (277)
[2018.06.13-20.17.44:919][942]LogModuleManager: Shutting down and abandoning module RuntimePhysXCooking (272)
[2018.06.13-20.17.44:919][942]LogModuleManager: Shutting down and abandoning module PhysXVehiclesEditor (270)
[2018.06.13-20.17.44:919][942]LogModuleManager: Shutting down and abandoning module PhysXVehicles (268)
[2018.06.13-20.17.44:919][942]LogModuleManager: Shutting down and abandoning module OculusEditor (266)
[2018.06.13-20.17.44:919][942]LogModuleManager: Shutting down and abandoning module LocationServicesBPLibrary (264)
[2018.06.13-20.17.44:919][942]LogModuleManager: Shutting down and abandoning module ImmediatePhysicsEditor (262)
[2018.06.13-20.17.44:919][942]LogModuleManager: Shutting down and abandoning module ImmediatePhysics (260)
[2018.06.13-20.17.44:919][942]LogModuleManager: Shutting down and abandoning module UdpMessaging (258)
[2018.06.13-20.17.45:020][942]LogModuleManager: Shutting down and abandoning module TcpMessaging (256)
[2018.06.13-20.17.45:208][942]LogModuleManager: Shutting down and abandoning module DlgSystem (254)
[2018.06.13-20.17.45:208][942]LogDlgSystem: Verbose: Stopped DlgSystemModule
[2018.06.13-20.17.45:208][942]LogModuleManager: Shutting down and abandoning module GameplayDebugger (253)
[2018.06.13-20.17.45:208][942]LogModuleManager: Shutting down and abandoning module GameplayTagsEditor (250)
[2018.06.13-20.17.45:209][942]LogModuleManager: Shutting down and abandoning module FacialAnimationEditor (248)
[2018.06.13-20.17.45:209][942]LogModuleManager: Shutting down and abandoning module FacialAnimation (246)
[2018.06.13-20.17.45:209][942]LogModuleManager: Shutting down and abandoning module AssetManagerEditor (244)
[2018.06.13-20.17.45:209][942]LogModuleManager: Shutting down and abandoning module GraphEditor (243)
[2018.06.13-20.17.45:209][942]LogModuleManager: Shutting down and abandoning module ContentBrowser (241)
[2018.06.13-20.17.45:210][942]LogModuleManager: Shutting down and abandoning module LightPropagationVolumeRuntime (238)
[2018.06.13-20.17.45:210][942]LogModuleManager: Shutting down and abandoning module Paper2D (236)
[2018.06.13-20.17.45:210][942]LogModuleManager: Shutting down and abandoning module WindowsMoviePlayer (234)
[2018.06.13-20.17.45:210][942]LogModuleManager: Shutting down and abandoning module WmfMedia (232)
[2018.06.13-20.17.45:211][942]LogModuleManager: Shutting down and abandoning module ImgMedia (230)
[2018.06.13-20.17.45:211][942]LogModuleManager: Shutting down and abandoning module PacketHandler (228)
[2018.06.13-20.17.45:211][942]LogModuleManager: Shutting down and abandoning module ClothingSystemEditor (226)
[2018.06.13-20.17.45:211][942]LogModuleManager: Shutting down and abandoning module ClothingSystemRuntime (224)
[2018.06.13-20.17.45:211][942]LogModuleManager: Shutting down and abandoning module MediaAssets (222)
[2018.06.13-20.17.45:211][942]LogModuleManager: Shutting down and abandoning module Media (221)
[2018.06.13-20.17.45:217][942]LogModuleManager: Shutting down and abandoning module Overlay (218)
[2018.06.13-20.17.45:217][942]LogModuleManager: Shutting down and abandoning module OverlayEditor (217)
[2018.06.13-20.17.45:217][942]LogModuleManager: Shutting down and abandoning module VREditor (214)
[2018.06.13-20.17.45:217][942]LogModuleManager: Shutting down and abandoning module StringTableEditor (212)
[2018.06.13-20.17.45:217][942]LogModuleManager: Shutting down and abandoning module GameplayTasksEditor (210)
[2018.06.13-20.17.45:217][942]LogModuleManager: Shutting down and abandoning module BehaviorTreeEditor (208)
[2018.06.13-20.17.45:217][942]LogModuleManager: Shutting down and abandoning module FunctionalTesting (206)
[2018.06.13-20.17.45:217][942]LogModuleManager: Shutting down and abandoning module CollisionAnalyzer (204)
[2018.06.13-20.17.45:217][942]LogModuleManager: Shutting down and abandoning module WorkspaceMenuStructure (203)
[2018.06.13-20.17.45:217][942]LogModuleManager: Shutting down and abandoning module UMG (200)
[2018.06.13-20.17.45:217][942]LogModuleManager: Shutting down and abandoning module UMGEditor (199)
[2018.06.13-20.17.45:217][942]LogModuleManager: Shutting down and abandoning module Sequencer (198)
[2018.06.13-20.17.45:218][942]LogModuleManager: Shutting down and abandoning module MessageLog (195)
[2018.06.13-20.17.45:218][942]LogModuleManager: Shutting down and abandoning module SlateReflector (190)
[2018.06.13-20.17.45:218][942]LogModuleManager: Shutting down and abandoning module Slate (188)
[2018.06.13-20.17.45:218][942]LogModuleManager: Shutting down and abandoning module EditorStyle (186)
[2018.06.13-20.17.45:220][942]LogModuleManager: Shutting down and abandoning module MRMesh (184)
[2018.06.13-20.17.45:220][942]LogModuleManager: Shutting down and abandoning module SourceCodeAccess (182)
[2018.06.13-20.17.45:220][942]LogModuleManager: Shutting down and abandoning module HeadMountedDisplay (180)
[2018.06.13-20.17.45:220][942]LogModuleManager: Shutting down and abandoning module XAudio2 (178)
[2018.06.13-20.17.45:220][942]LogModuleManager: Shutting down and abandoning module Networking (176)
[2018.06.13-20.17.45:220][942]LogModuleManager: Shutting down and abandoning module Core (172)
[2018.06.13-20.17.45:220][942]LogModuleManager: Shutting down and abandoning module LevelSequence (168)
[2018.06.13-20.17.45:220][942]LogModuleManager: Shutting down and abandoning module DirectoryWatcher (166)
[2018.06.13-20.17.45:221][942]LogModuleManager: Shutting down and abandoning module KismetCompiler (164)
[2018.06.13-20.17.45:221][942]LogModuleManager: Shutting down and abandoning module MeshUtilities (162)
[2018.06.13-20.17.45:221][942]LogModuleManager: Shutting down and abandoning module MeshMergeUtilities (161)
[2018.06.13-20.17.45:221][942]LogModuleManager: Shutting down and abandoning module MeshReductionInterface (160)
[2018.06.13-20.17.45:222][942]LogModuleManager: Shutting down and abandoning module SimplygonSwarm (159)
[2018.06.13-20.17.45:222][942]LogModuleManager: Shutting down and abandoning module SimplygonMeshReduction (157)
[2018.06.13-20.17.45:222][942]LogModuleManager: Shutting down and abandoning module QuadricMeshReduction (155)
[2018.06.13-20.17.45:222][942]LogModuleManager: Shutting down and abandoning module MaterialBaking (151)
[2018.06.13-20.17.45:222][942]LogModuleManager: Shutting down and abandoning module DerivedDataCache (148)
[2018.06.13-20.17.45:249][942]LogDerivedDataCache: Shutdown
[2018.06.13-20.17.45:249][942]LogModuleManager: Shutting down and abandoning module TargetPlatform (146)
[2018.06.13-20.17.45:249][942]LogModuleManager: Shutting down and abandoning module VulkanShaderFormat (145)
[2018.06.13-20.17.45:249][942]LogModuleManager: Shutting down and abandoning module ShaderFormatVectorVM (143)
[2018.06.13-20.17.45:249][942]LogModuleManager: Shutting down and abandoning module ShaderFormatOpenGL (141)
[2018.06.13-20.17.45:249][942]LogModuleManager: Shutting down and abandoning module ShaderFormatD3D (139)
[2018.06.13-20.17.45:249][942]LogModuleManager: Shutting down and abandoning module MetalShaderFormat (137)
[2018.06.13-20.17.45:250][942]LogModuleManager: Shutting down and abandoning module TextureFormatUncompressed (135)
[2018.06.13-20.17.45:250][942]LogModuleManager: Shutting down and abandoning module TextureFormatPVR (133)
[2018.06.13-20.17.45:250][942]LogModuleManager: Shutting down and abandoning module TextureFormatDXT (131)
[2018.06.13-20.17.45:250][942]LogModuleManager: Shutting down and abandoning module TextureFormatIntelISPCTexComp (129)
[2018.06.13-20.17.45:250][942]LogModuleManager: Shutting down and abandoning module TextureFormatASTC (127)
[2018.06.13-20.17.45:250][942]LogModuleManager: Shutting down and abandoning module ImageWrapper (126)
[2018.06.13-20.17.45:250][942]LogModuleManager: Shutting down and abandoning module TextureFormatAndroid (123)
[2018.06.13-20.17.45:250][942]LogModuleManager: Shutting down and abandoning module AudioFormatOpus (121)
[2018.06.13-20.17.45:250][942]LogModuleManager: Shutting down and abandoning module AudioFormatOgg (119)
[2018.06.13-20.17.45:250][942]LogModuleManager: Shutting down and abandoning module AudioFormatADPCM (117)
[2018.06.13-20.17.45:250][942]LogModuleManager: Shutting down and abandoning module LinuxTargetPlatform (115)
[2018.06.13-20.17.45:250][942]LogModuleManager: Shutting down and abandoning module LinuxServerTargetPlatform (113)
[2018.06.13-20.17.45:250][942]LogModuleManager: Shutting down and abandoning module LinuxNoEditorTargetPlatform (111)
[2018.06.13-20.17.45:250][942]LogModuleManager: Shutting down and abandoning module LinuxClientTargetPlatform (109)
[2018.06.13-20.17.45:250][942]LogModuleManager: Shutting down and abandoning module TVOSTargetPlatform (107)
[2018.06.13-20.17.45:250][942]LogModuleManager: Shutting down and abandoning module Messaging (105)
[2018.06.13-20.17.45:250][942]LogModuleManager: Shutting down and abandoning module IOSTargetPlatform (103)
[2018.06.13-20.17.45:250][942]LogModuleManager: Shutting down and abandoning module HTML5TargetPlatform (101)
[2018.06.13-20.17.45:250][942]LogModuleManager: Shutting down and abandoning module AndroidTargetPlatform (99)
[2018.06.13-20.17.45:250][942]LogModuleManager: Shutting down and abandoning module Android_PVRTCTargetPlatform (97)
[2018.06.13-20.17.45:250][942]LogModuleManager: Shutting down and abandoning module Android_MultiTargetPlatform (95)
[2018.06.13-20.17.45:250][942]LogModuleManager: Shutting down and abandoning module Android_ETC2TargetPlatform (93)
[2018.06.13-20.17.45:250][942]LogModuleManager: Shutting down and abandoning module Android_ETC1TargetPlatform (91)
[2018.06.13-20.17.45:250][942]LogModuleManager: Shutting down and abandoning module Android_DXTTargetPlatform (89)
[2018.06.13-20.17.45:250][942]LogModuleManager: Shutting down and abandoning module Android_ATCTargetPlatform (87)
[2018.06.13-20.17.45:250][942]LogModuleManager: Shutting down and abandoning module Android_ASTCTargetPlatform (85)
[2018.06.13-20.17.45:250][942]LogModuleManager: Shutting down and abandoning module WindowsTargetPlatform (83)
[2018.06.13-20.17.45:250][942]LogModuleManager: Shutting down and abandoning module WindowsServerTargetPlatform (81)
[2018.06.13-20.17.45:250][942]LogModuleManager: Shutting down and abandoning module WindowsNoEditorTargetPlatform (79)
[2018.06.13-20.17.45:250][942]LogModuleManager: Shutting down and abandoning module WindowsClientTargetPlatform (77)
[2018.06.13-20.17.45:250][942]LogModuleManager: Shutting down and abandoning module MacTargetPlatform (75)
[2018.06.13-20.17.45:250][942]LogModuleManager: Shutting down and abandoning module MacServerTargetPlatform (73)
[2018.06.13-20.17.45:250][942]LogModuleManager: Shutting down and abandoning module MacNoEditorTargetPlatform (71)
[2018.06.13-20.17.45:250][942]LogModuleManager: Shutting down and abandoning module MacClientTargetPlatform (69)
[2018.06.13-20.17.45:250][942]LogModuleManager: Shutting down and abandoning module AllDesktopTargetPlatform (67)
[2018.06.13-20.17.45:250][942]LogModuleManager: Shutting down and abandoning module InputCore (64)
[2018.06.13-20.17.45:250][942]LogModuleManager: Shutting down and abandoning module Settings (62)
[2018.06.13-20.17.45:250][942]LogModuleManager: Shutting down and abandoning module PhysXCooking (60)
[2018.06.13-20.17.45:251][942]LogModuleManager: Shutting down and abandoning module SteamVR (58)
[2018.06.13-20.17.45:251][942]LogModuleManager: Shutting down and abandoning module OculusHMD (56)
[2018.06.13-20.17.45:251][942]LogModuleManager: Shutting down and abandoning module ExampleDeviceProfileSelector (54)
[2018.06.13-20.17.45:251][942]LogModuleManager: Shutting down and abandoning module AppleARKit (52)
[2018.06.13-20.17.45:251][942]LogModuleManager: Shutting down and abandoning module AugmentedReality (51)
[2018.06.13-20.17.45:251][942]LogModuleManager: Shutting down and abandoning module OnlineBlueprintSupport (48)
[2018.06.13-20.17.45:251][942]LogModuleManager: Shutting down and abandoning module OnlineSubsystem (44)
[2018.06.13-20.17.45:251][942]LogModuleManager: Shutting down and abandoning module XMPP (43)
[2018.06.13-20.17.45:251][942]LogModuleManager: Shutting down and abandoning module HTTP (41)
[2018.06.13-20.17.45:251][942]LogHttp: Display: Http module shutting down, but needs to wait on 1 outstanding Http requests:
[2018.06.13-20.17.45:251][942]LogHttp: Display: 	verb=[POST] url=[https://datarouter.ol.epicgames.com/datarouter/api/v1/public/data?SessionID=%7BF8C02559-4E5C-DF88-4D18-D4B23773047D%7D&AppID=UEEditor.Rocket.Release&AppVersion=4.18.3-3832480%2B%2B%2BUE4%2BRelease-4.18&UserID=0c8fe7f14212ae8460981ab0a8559ebb%7C755f7370592a4f5da2847d8c01c6faeb%7Cff20797a-266b-46c0-81ad-d45b3380ed11&AppEnvironment=datacollector-binary&UploadType=eteventstream] status=Processing
[2018.06.13-20.17.45:266][942]LogModuleManager: Shutting down and abandoning module SSL (40)
[2018.06.13-20.17.45:268][942]LogModuleManager: Shutting down and abandoning module AnimationModifiers (36)
[2018.06.13-20.17.45:268][942]LogModuleManager: Shutting down and abandoning module PropertyEditor (35)
[2018.06.13-20.17.45:268][942]LogModuleManager: Shutting down and abandoning module AudioEditor (32)
[2018.06.13-20.17.45:268][942]LogModuleManager: Shutting down and abandoning module TextureCompressor (30)
[2018.06.13-20.17.45:268][942]LogModuleManager: Shutting down and abandoning module ShaderCore (28)
[2018.06.13-20.17.45:268][942]LogModuleManager: Shutting down and abandoning module Landscape (26)
[2018.06.13-20.17.45:268][942]LogModuleManager: Shutting down and abandoning module SlateRHIRenderer (24)
[2018.06.13-20.17.45:269][942]LogModuleManager: Shutting down and abandoning module OpenGLDrv (22)
[2018.06.13-20.17.45:269][942]LogModuleManager: Shutting down and abandoning module D3D11RHI (20)
[2018.06.13-20.17.45:269][942]LogModuleManager: Shutting down and abandoning module AnimGraphRuntime (18)
[2018.06.13-20.17.45:269][942]LogModuleManager: Shutting down and abandoning module Renderer (16)
[2018.06.13-20.17.45:269][942]LogModuleManager: Shutting down and abandoning module Engine (14)
[2018.06.13-20.17.45:269][942]LogModuleManager: Shutting down and abandoning module CoreUObject (12)
[2018.06.13-20.17.45:269][942]LogModuleManager: Shutting down and abandoning module NetworkFile (10)
[2018.06.13-20.17.45:269][942]LogModuleManager: Shutting down and abandoning module CookedIterativeFile (8)
[2018.06.13-20.17.45:269][942]LogModuleManager: Shutting down and abandoning module StreamingFile (6)
[2018.06.13-20.17.45:269][942]LogModuleManager: Shutting down and abandoning module SandboxFile (4)
[2018.06.13-20.17.45:269][942]LogModuleManager: Shutting down and abandoning module PakFile (2)
[2018.06.13-20.17.45:278][942]LogExit: Exiting.
[2018.06.13-20.17.45:290][942]Log file closed, 06/13/18 15:17:45
